instrumenter::VERBO: [Instrumenter - Configuration] Variable Trace output filename not specified, defaulting to gvartrace.txt
instrumenter::INFOR: [Instrumenter - Initialization] Checking for the existence of the required environment variables
instrumenter::INFOR: [Instrumenter - Initialization] Loading the supported wrappers for standard library functions
instrumenter::INFOR: [Instrumenter - Initialization] Adding static information
instrumenter::VERBO: [Instrumenter - IRBuilder] Instruction has no debug information, defaulting to function/basic block info
instrumenter::VERBO: [Instrumenter - IRBuilder] Instruction has no debug information, defaulting to function/basic block info
instrumenter::VERBO: [Instrumenter - IRBuilder] Instruction has no debug information, defaulting to function/basic block info
instrumenter::VERBO: [Instrumenter - IRBuilder] Instruction has no debug information, defaulting to function/basic block info
instrumenter::VERBO: [Instrumenter - IRBuilder] Instruction has no debug information, defaulting to function/basic block info
instrumenter::VERBO: [Instrumenter - IRBuilder] Instruction has no debug information, defaulting to function/basic block info
instrumenter::VERBO: [Instrumenter - IRBuilder] Instruction has no debug information, defaulting to function/basic block info
instrumenter::VERBO: [Instrumenter - IRBuilder] Instruction has no debug information, defaulting to function/basic block info
instrumenter::VERBO: [Instrumenter - IRBuilder] Instruction has no debug information, defaulting to function/basic block info
instrumenter::VERBO: [Instrumenter - IRBuilder] Instruction has no debug information, defaulting to function/basic block info
instrumenter::VERBO: [Instrumenter - IRBuilder] Instruction has no debug information, defaulting to function/basic block info
instrumenter::VERBO: [Instrumenter - IRBuilder] Instruction has no debug information, defaulting to function/basic block info
instrumenter::VERBO: [Instrumenter - IRBuilder] Instruction has no debug information, defaulting to function/basic block info
instrumenter::VERBO: [Instrumenter - IRBuilder] Instruction has no debug information, defaulting to function/basic block info
instrumenter::VERBO: [Instrumenter - IRBuilder] Instruction has no debug information, defaulting to function/basic block info
instrumenter::VERBO: [Instrumenter - IRBuilder] Instruction has no debug information, defaulting to function/basic block info
instrumenter::VERBO: [Instrumenter - IRBuilder] Instruction has no debug information, defaulting to function/basic block info
instrumenter::VERBO: [Instrumenter - IRBuilder] Instruction has no debug information, defaulting to function/basic block info
instrumenter::VERBO: [Instrumenter - IRBuilder] Instruction has no debug information, defaulting to function/basic block info
instrumenter::VERBO: [Instrumenter - IRBuilder] Instruction has no debug information, defaulting to function/basic block info
instrumenter::VERBO: [Instrumenter - IRBuilder] Instruction has no debug information, defaulting to function/basic block info
instrumenter::VERBO: [Instrumenter - IRBuilder] Instruction has no debug information, defaulting to function/basic block info
instrumenter::VERBO: [Instrumenter - IRBuilder] Instruction has no debug information, defaulting to function/basic block info
instrumenter::VERBO: [Instrumenter - IRBuilder] Instruction has no debug information, defaulting to function/basic block info
instrumenter::VERBO: [Instrumenter - IRBuilder] Instruction has no debug information, defaulting to function/basic block info
instrumenter::VERBO: [Instrumenter - IRBuilder] Instruction has no debug information, defaulting to function/basic block info
instrumenter::VERBO: [Instrumenter - IRBuilder] Instruction has no debug information, defaulting to function/basic block info
instrumenter::VERBO: [Instrumenter - IRBuilder] Instruction has no debug information, defaulting to function/basic block info
instrumenter::VERBO: [Instrumenter - IRBuilder] Instruction has no debug information, defaulting to function/basic block info
instrumenter::VERBO: [Instrumenter - IRBuilder] Instruction has no debug information, defaulting to function/basic block info
instrumenter::VERBO: [Instrumenter - IRBuilder] Instruction has no debug information, defaulting to function/basic block info
instrumenter::VERBO: [Instrumenter - IRBuilder] Instruction has no debug information, defaulting to function/basic block info
instrumenter::VERBO: [Instrumenter - IRBuilder] Instruction has no debug information, defaulting to function/basic block info
instrumenter::VERBO: [Instrumenter - IRBuilder] Instruction has no debug information, defaulting to function/basic block info
instrumenter::VERBO: [Instrumenter - IRBuilder] Instruction has no debug information, defaulting to function/basic block info
instrumenter::VERBO: [Instrumenter - IRBuilder] Instruction has no debug information, defaulting to function/basic block info
instrumenter::VERBO: [Instrumenter - IRBuilder] Instruction has no debug information, defaulting to function/basic block info
instrumenter::VERBO: [Instrumenter - IRBuilder] Instruction has no debug information, defaulting to function/basic block info
instrumenter::VERBO: [Instrumenter - IRBuilder] Instruction has no debug information, defaulting to function/basic block info
instrumenter::VERBO: [Instrumenter - IRBuilder] Instruction has no debug information, defaulting to function/basic block info
instrumenter::VERBO: [Instrumenter - IRBuilder] Instruction has no debug information, defaulting to function/basic block info
instrumenter::VERBO: [Instrumenter - IRBuilder] Instruction has no debug information, defaulting to function/basic block info
instrumenter::VERBO: [Instrumenter - IRBuilder] Instruction has no debug information, defaulting to function/basic block info
instrumenter::VERBO: [Instrumenter - IRBuilder] Instruction has no debug information, defaulting to function/basic block info
instrumenter::VERBO: [Instrumenter - IRBuilder] Instruction has no debug information, defaulting to function/basic block info
instrumenter::VERBO: [Instrumenter - IRBuilder] Instruction has no debug information, defaulting to function/basic block info
instrumenter::VERBO: [Instrumenter - IRBuilder] Instruction has no debug information, defaulting to function/basic block info
instrumenter::VERBO: [Instrumenter - IRBuilder] Instruction has no debug information, defaulting to function/basic block info
instrumenter::VERBO: [Instrumenter - IRBuilder] Instruction has no debug information, defaulting to function/basic block info
instrumenter::VERBO: [Instrumenter - IRBuilder] Instruction has no debug information, defaulting to function/basic block info
instrumenter::VERBO: [Instrumenter - IRBuilder] Instruction has no debug information, defaulting to function/basic block info
instrumenter::VERBO: [Instrumenter - IRBuilder] Instruction has no debug information, defaulting to function/basic block info
instrumenter::VERBO: [Instrumenter - IRBuilder] Instruction has no debug information, defaulting to function/basic block info
instrumenter::VERBO: [Instrumenter - IRBuilder] Instruction has no debug information, defaulting to function/basic block info
instrumenter::VERBO: [Instrumenter - IRBuilder] Instruction has no debug information, defaulting to function/basic block info
instrumenter::VERBO: [Instrumenter - IRBuilder] Instruction has no debug information, defaulting to function/basic block info
instrumenter::VERBO: [Instrumenter - IRBuilder] Instruction has no debug information, defaulting to function/basic block info
instrumenter::VERBO: [Instrumenter - IRBuilder] Instruction has no debug information, defaulting to function/basic block info
instrumenter::VERBO: [Instrumenter - IRBuilder] Instruction has no debug information, defaulting to function/basic block info
instrumenter::VERBO: [Instrumenter - IRBuilder] Instruction has no debug information, defaulting to function/basic block info
instrumenter::VERBO: [Instrumenter - IRBuilder] Instruction has no debug information, defaulting to function/basic block info
instrumenter::VERBO: [Instrumenter - IRBuilder] Instruction has no debug information, defaulting to function/basic block info
instrumenter::VERBO: [Instrumenter - IRBuilder] Instruction has no debug information, defaulting to function/basic block info
instrumenter::VERBO: spec:0:0: warning: [IRBuilder] Function/Basic Block for the instruction has no debug information, recompile and retry (13)
instrumenter::VERBO: [Instrumenter - IRBuilder] Instruction has no debug information, defaulting to function/basic block info
instrumenter::VERBO: spec:0:0: warning: [IRBuilder] Function/Basic Block for the instruction has no debug information, recompile and retry (13)
instrumenter::VERBO: [Instrumenter - IRBuilder] Instruction has no debug information, defaulting to function/basic block info
instrumenter::VERBO: [Instrumenter - IRBuilder] Instruction has no debug information, defaulting to function/basic block info
instrumenter::VERBO: [Instrumenter - IRBuilder] Instruction has no debug information, defaulting to function/basic block info
instrumenter::VERBO: [Instrumenter - IRBuilder] Instruction has no debug information, defaulting to function/basic block info
instrumenter::VERBO: [Instrumenter - IRBuilder] Instruction has no debug information, defaulting to function/basic block info
instrumenter::VERBO: [Instrumenter - IRBuilder] Instruction has no debug information, defaulting to function/basic block info
instrumenter::VERBO: [Instrumenter - IRBuilder] Instruction has no debug information, defaulting to function/basic block info
instrumenter::VERBO: [Instrumenter - IRBuilder] Instruction has no debug information, defaulting to function/basic block info
instrumenter::VERBO: [Instrumenter - IRBuilder] Instruction has no debug information, defaulting to function/basic block info
instrumenter::VERBO: [Instrumenter - IRBuilder] Instruction has no debug information, defaulting to function/basic block info
instrumenter::VERBO: [Instrumenter - IRBuilder] Instruction has no debug information, defaulting to function/basic block info
instrumenter::VERBO: [Instrumenter - IRBuilder] Instruction has no debug information, defaulting to function/basic block info
instrumenter::VERBO: [Instrumenter - IRBuilder] Instruction has no debug information, defaulting to function/basic block info
instrumenter::VERBO: [Instrumenter - IRBuilder] Instruction has no debug information, defaulting to function/basic block info
instrumenter::VERBO: [Instrumenter - IRBuilder] Instruction has no debug information, defaulting to function/basic block info
instrumenter::VERBO: [Instrumenter - IRBuilder] Instruction has no debug information, defaulting to function/basic block info
instrumenter::VERBO: [Instrumenter - IRBuilder] Instruction has no debug information, defaulting to function/basic block info
instrumenter::VERBO: [Instrumenter - IRBuilder] Instruction has no debug information, defaulting to function/basic block info
instrumenter::VERBO: [Instrumenter - IRBuilder] Instruction has no debug information, defaulting to function/basic block info
instrumenter::VERBO: [Instrumenter - IRBuilder] Instruction has no debug information, defaulting to function/basic block info
instrumenter::VERBO: [Instrumenter - IRBuilder] Instruction has no debug information, defaulting to function/basic block info
instrumenter::VERBO: [Instrumenter - IRBuilder] Instruction has no debug information, defaulting to function/basic block info
instrumenter::VERBO: [Instrumenter - IRBuilder] Instruction has no debug information, defaulting to function/basic block info
instrumenter::VERBO: [Instrumenter - IRBuilder] Instruction has no debug information, defaulting to function/basic block info
instrumenter::VERBO: [Instrumenter - IRBuilder] Instruction has no debug information, defaulting to function/basic block info
instrumenter::VERBO: [Instrumenter - IRBuilder] Instruction has no debug information, defaulting to function/basic block info
instrumenter::VERBO: [Instrumenter - IRBuilder] Instruction has no debug information, defaulting to function/basic block info
instrumenter::VERBO: [Instrumenter - IRBuilder] Instruction has no debug information, defaulting to function/basic block info
instrumenter::VERBO: [Instrumenter - IRBuilder] Instruction has no debug information, defaulting to function/basic block info
instrumenter::VERBO: [Instrumenter - IRBuilder] Instruction has no debug information, defaulting to function/basic block info
instrumenter::VERBO: [Instrumenter - IRBuilder] Instruction has no debug information, defaulting to function/basic block info
instrumenter::VERBO: [Instrumenter - IRBuilder] Instruction has no debug information, defaulting to function/basic block info
instrumenter::VERBO: [Instrumenter - IRBuilder] Instruction has no debug information, defaulting to function/basic block info
instrumenter::VERBO: [Instrumenter - IRBuilder] Instruction has no debug information, defaulting to function/basic block info
instrumenter::VERBO: [Instrumenter - IRBuilder] Instruction has no debug information, defaulting to function/basic block info
instrumenter::VERBO: [Instrumenter - IRBuilder] Instruction has no debug information, defaulting to function/basic block info
instrumenter::VERBO: [Instrumenter - IRBuilder] Instruction has no debug information, defaulting to function/basic block info
instrumenter::VERBO: [Instrumenter - IRBuilder] Instruction has no debug information, defaulting to function/basic block info
instrumenter::VERBO: [Instrumenter - IRBuilder] Instruction has no debug information, defaulting to function/basic block info
instrumenter::VERBO: [Instrumenter - IRBuilder] Instruction has no debug information, defaulting to function/basic block info
instrumenter::VERBO: [Instrumenter - IRBuilder] Instruction has no debug information, defaulting to function/basic block info
instrumenter::VERBO: [Instrumenter - IRBuilder] Instruction has no debug information, defaulting to function/basic block info
instrumenter::VERBO: [Instrumenter - IRBuilder] Instruction has no debug information, defaulting to function/basic block info
instrumenter::VERBO: [Instrumenter - IRBuilder] Instruction has no debug information, defaulting to function/basic block info
instrumenter::VERBO: [Instrumenter - IRBuilder] Instruction has no debug information, defaulting to function/basic block info
instrumenter::VERBO: [Instrumenter - IRBuilder] Instruction has no debug information, defaulting to function/basic block info
instrumenter::VERBO: [Instrumenter - IRBuilder] Instruction has no debug information, defaulting to function/basic block info
instrumenter::VERBO: [Instrumenter - IRBuilder] Instruction has no debug information, defaulting to function/basic block info
instrumenter::VERBO: [Instrumenter - IRBuilder] Instruction has no debug information, defaulting to function/basic block info
instrumenter::VERBO: [Instrumenter - IRBuilder] Instruction has no debug information, defaulting to function/basic block info
instrumenter::VERBO: [Instrumenter - IRBuilder] Instruction has no debug information, defaulting to function/basic block info
instrumenter::VERBO: [Instrumenter - IRBuilder] Instruction has no debug information, defaulting to function/basic block info
instrumenter::VERBO: [Instrumenter - IRBuilder] Instruction has no debug information, defaulting to function/basic block info
instrumenter::VERBO: [Instrumenter - IRBuilder] Instruction has no debug information, defaulting to function/basic block info
instrumenter::VERBO: [Instrumenter - IRBuilder] Instruction has no debug information, defaulting to function/basic block info
instrumenter::VERBO: [Instrumenter - IRBuilder] Instruction has no debug information, defaulting to function/basic block info
instrumenter::VERBO: [Instrumenter - IRBuilder] Instruction has no debug information, defaulting to function/basic block info
instrumenter::VERBO: [Instrumenter - IRBuilder] Instruction has no debug information, defaulting to function/basic block info
instrumenter::VERBO: [Instrumenter - IRBuilder] Instruction has no debug information, defaulting to function/basic block info
instrumenter::VERBO: [Instrumenter - IRBuilder] Instruction has no debug information, defaulting to function/basic block info
instrumenter::VERBO: [Instrumenter - IRBuilder] Instruction has no debug information, defaulting to function/basic block info
instrumenter::VERBO: [Instrumenter - IRBuilder] Instruction has no debug information, defaulting to function/basic block info
instrumenter::VERBO: [Instrumenter - IRBuilder] Instruction has no debug information, defaulting to function/basic block info
instrumenter::VERBO: [Instrumenter - IRBuilder] Instruction has no debug information, defaulting to function/basic block info
instrumenter::VERBO: [Instrumenter - IRBuilder] Instruction has no debug information, defaulting to function/basic block info
instrumenter::VERBO: [Instrumenter - IRBuilder] Instruction has no debug information, defaulting to function/basic block info
instrumenter::VERBO: [Instrumenter - IRBuilder] Instruction has no debug information, defaulting to function/basic block info
instrumenter::VERBO: [Instrumenter - IRBuilder] Instruction has no debug information, defaulting to function/basic block info
instrumenter::VERBO: [Instrumenter - IRBuilder] Instruction has no debug information, defaulting to function/basic block info
instrumenter::VERBO: [Instrumenter - IRBuilder] Instruction has no debug information, defaulting to function/basic block info
instrumenter::VERBO: [Instrumenter - IRBuilder] Instruction has no debug information, defaulting to function/basic block info
instrumenter::VERBO: [Instrumenter - IRBuilder] Instruction has no debug information, defaulting to function/basic block info
instrumenter::VERBO: [Instrumenter - IRBuilder] Instruction has no debug information, defaulting to function/basic block info
instrumenter::VERBO: [Instrumenter - IRBuilder] Instruction has no debug information, defaulting to function/basic block info
instrumenter::VERBO: [Instrumenter - IRBuilder] Instruction has no debug information, defaulting to function/basic block info
instrumenter::VERBO: [Instrumenter - IRBuilder] Instruction has no debug information, defaulting to function/basic block info
instrumenter::VERBO: [Instrumenter - IRBuilder] Instruction has no debug information, defaulting to function/basic block info
instrumenter::VERBO: [Instrumenter - IRBuilder] Instruction has no debug information, defaulting to function/basic block info
instrumenter::VERBO: [Instrumenter - IRBuilder] Instruction has no debug information, defaulting to function/basic block info
instrumenter::VERBO: [Instrumenter - IRBuilder] Instruction has no debug information, defaulting to function/basic block info
instrumenter::VERBO: [Instrumenter - IRBuilder] Instruction has no debug information, defaulting to function/basic block info
instrumenter::VERBO: [Instrumenter - IRBuilder] Instruction has no debug information, defaulting to function/basic block info
instrumenter::VERBO: [Instrumenter - IRBuilder] Instruction has no debug information, defaulting to function/basic block info
instrumenter::VERBO: [Instrumenter - IRBuilder] Instruction has no debug information, defaulting to function/basic block info
instrumenter::VERBO: [Instrumenter - IRBuilder] Instruction has no debug information, defaulting to function/basic block info
instrumenter::VERBO: [Instrumenter - IRBuilder] Instruction has no debug information, defaulting to function/basic block info
instrumenter::VERBO: [Instrumenter - IRBuilder] Instruction has no debug information, defaulting to function/basic block info
instrumenter::VERBO: [Instrumenter - IRBuilder] Instruction has no debug information, defaulting to function/basic block info
instrumenter::VERBO: [Instrumenter - IRBuilder] Instruction has no debug information, defaulting to function/basic block info
instrumenter::VERBO: [Instrumenter - IRBuilder] Instruction has no debug information, defaulting to function/basic block info
instrumenter::VERBO: [Instrumenter - IRBuilder] Instruction has no debug information, defaulting to function/basic block info
instrumenter::VERBO: [Instrumenter - IRBuilder] Instruction has no debug information, defaulting to function/basic block info
instrumenter::VERBO: [Instrumenter - IRBuilder] Instruction has no debug information, defaulting to function/basic block info
instrumenter::VERBO: [Instrumenter - IRBuilder] Instruction has no debug information, defaulting to function/basic block info
instrumenter::VERBO: [Instrumenter - IRBuilder] Instruction has no debug information, defaulting to function/basic block info
instrumenter::VERBO: [Instrumenter - IRBuilder] Instruction has no debug information, defaulting to function/basic block info
instrumenter::VERBO: [Instrumenter - IRBuilder] Instruction has no debug information, defaulting to function/basic block info
instrumenter::VERBO: [Instrumenter - IRBuilder] Instruction has no debug information, defaulting to function/basic block info
instrumenter::VERBO: [Instrumenter - IRBuilder] Instruction has no debug information, defaulting to function/basic block info
instrumenter::VERBO: [Instrumenter - IRBuilder] Instruction has no debug information, defaulting to function/basic block info
instrumenter::VERBO: [Instrumenter - IRBuilder] Instruction has no debug information, defaulting to function/basic block info
instrumenter::VERBO: [Instrumenter - IRBuilder] Instruction has no debug information, defaulting to function/basic block info
instrumenter::VERBO: [Instrumenter - IRBuilder] Instruction has no debug information, defaulting to function/basic block info
instrumenter::VERBO: [Instrumenter - IRBuilder] Instruction has no debug information, defaulting to function/basic block info
instrumenter::VERBO: [Instrumenter - IRBuilder] Instruction has no debug information, defaulting to function/basic block info
instrumenter::VERBO: [Instrumenter - IRBuilder] Instruction has no debug information, defaulting to function/basic block info
instrumenter::VERBO: [Instrumenter - IRBuilder] Instruction has no debug information, defaulting to function/basic block info
instrumenter::VERBO: [Instrumenter - IRBuilder] Instruction has no debug information, defaulting to function/basic block info
instrumenter::VERBO: [Instrumenter - IRBuilder] Instruction has no debug information, defaulting to function/basic block info
instrumenter::VERBO: [Instrumenter - IRBuilder] Instruction has no debug information, defaulting to function/basic block info
instrumenter::VERBO: [Instrumenter - IRBuilder] Instruction has no debug information, defaulting to function/basic block info
instrumenter::VERBO: [Instrumenter - IRBuilder] Instruction has no debug information, defaulting to function/basic block info
instrumenter::VERBO: [Instrumenter - IRBuilder] Instruction has no debug information, defaulting to function/basic block info
instrumenter::VERBO: [Instrumenter - IRBuilder] Instruction has no debug information, defaulting to function/basic block info
instrumenter::VERBO: [Instrumenter - IRBuilder] Instruction has no debug information, defaulting to function/basic block info
instrumenter::VERBO: [Instrumenter - IRBuilder] Instruction has no debug information, defaulting to function/basic block info
instrumenter::VERBO: [Instrumenter - IRBuilder] Instruction has no debug information, defaulting to function/basic block info
instrumenter::VERBO: [Instrumenter - IRBuilder] Instruction has no debug information, defaulting to function/basic block info
instrumenter::VERBO: [Instrumenter - IRBuilder] Instruction has no debug information, defaulting to function/basic block info
instrumenter::VERBO: [Instrumenter - IRBuilder] Instruction has no debug information, defaulting to function/basic block info
instrumenter::VERBO: [Instrumenter - IRBuilder] Instruction has no debug information, defaulting to function/basic block info
instrumenter::VERBO: [Instrumenter - IRBuilder] Instruction has no debug information, defaulting to function/basic block info
instrumenter::VERBO: [Instrumenter - IRBuilder] Instruction has no debug information, defaulting to function/basic block info
instrumenter::VERBO: [Instrumenter - IRBuilder] Instruction has no debug information, defaulting to function/basic block info
instrumenter::VERBO: [Instrumenter - IRBuilder] Instruction has no debug information, defaulting to function/basic block info
instrumenter::VERBO: [Instrumenter - IRBuilder] Instruction has no debug information, defaulting to function/basic block info
instrumenter::VERBO: [Instrumenter - IRBuilder] Instruction has no debug information, defaulting to function/basic block info
instrumenter::VERBO: [Instrumenter - IRBuilder] Instruction has no debug information, defaulting to function/basic block info
instrumenter::VERBO: [Instrumenter - IRBuilder] Instruction has no debug information, defaulting to function/basic block info
instrumenter::VERBO: [Instrumenter - IRBuilder] Instruction has no debug information, defaulting to function/basic block info
instrumenter::VERBO: [Instrumenter - IRBuilder] Instruction has no debug information, defaulting to function/basic block info
instrumenter::VERBO: [Instrumenter - IRBuilder] Instruction has no debug information, defaulting to function/basic block info
instrumenter::VERBO: [Instrumenter - IRBuilder] Instruction has no debug information, defaulting to function/basic block info
instrumenter::VERBO: [Instrumenter - IRBuilder] Instruction has no debug information, defaulting to function/basic block info
instrumenter::VERBO: [Instrumenter - IRBuilder] Instruction has no debug information, defaulting to function/basic block info
instrumenter::VERBO: [Instrumenter - IRBuilder] Instruction has no debug information, defaulting to function/basic block info
instrumenter::VERBO: [Instrumenter - IRBuilder] Instruction has no debug information, defaulting to function/basic block info
instrumenter::VERBO: [Instrumenter - IRBuilder] Instruction has no debug information, defaulting to function/basic block info
instrumenter::VERBO: [Instrumenter - IRBuilder] Instruction has no debug information, defaulting to function/basic block info
instrumenter::VERBO: [Instrumenter - IRBuilder] Instruction has no debug information, defaulting to function/basic block info
instrumenter::VERBO: [Instrumenter - IRBuilder] Instruction has no debug information, defaulting to function/basic block info
instrumenter::VERBO: [Instrumenter - IRBuilder] Instruction has no debug information, defaulting to function/basic block info
instrumenter::VERBO: [Instrumenter - IRBuilder] Instruction has no debug information, defaulting to function/basic block info
instrumenter::VERBO: [Instrumenter - IRBuilder] Instruction has no debug information, defaulting to function/basic block info
instrumenter::VERBO: [Instrumenter - IRBuilder] Instruction has no debug information, defaulting to function/basic block info
instrumenter::VERBO: [Instrumenter - IRBuilder] Instruction has no debug information, defaulting to function/basic block info
instrumenter::VERBO: [Instrumenter - IRBuilder] Instruction has no debug information, defaulting to function/basic block info
instrumenter::VERBO: [Instrumenter - IRBuilder] Instruction has no debug information, defaulting to function/basic block info
instrumenter::VERBO: [Instrumenter - IRBuilder] Instruction has no debug information, defaulting to function/basic block info
instrumenter::VERBO: [Instrumenter - IRBuilder] Instruction has no debug information, defaulting to function/basic block info
instrumenter::VERBO: [Instrumenter - IRBuilder] Instruction has no debug information, defaulting to function/basic block info
instrumenter::VERBO: [Instrumenter - IRBuilder] Instruction has no debug information, defaulting to function/basic block info
instrumenter::VERBO: [Instrumenter - IRBuilder] Instruction has no debug information, defaulting to function/basic block info
instrumenter::VERBO: [Instrumenter - IRBuilder] Instruction has no debug information, defaulting to function/basic block info
instrumenter::VERBO: [Instrumenter - IRBuilder] Instruction has no debug information, defaulting to function/basic block info
instrumenter::VERBO: [Instrumenter - IRBuilder] Instruction has no debug information, defaulting to function/basic block info
instrumenter::VERBO: [Instrumenter - IRBuilder] Instruction has no debug information, defaulting to function/basic block info
instrumenter::VERBO: [Instrumenter - IRBuilder] Instruction has no debug information, defaulting to function/basic block info
instrumenter::VERBO: [Instrumenter - IRBuilder] Instruction has no debug information, defaulting to function/basic block info
instrumenter::VERBO: [Instrumenter - IRBuilder] Instruction has no debug information, defaulting to function/basic block info
instrumenter::VERBO: [Instrumenter - IRBuilder] Instruction has no debug information, defaulting to function/basic block info
instrumenter::VERBO: [Instrumenter - IRBuilder] Instruction has no debug information, defaulting to function/basic block info
instrumenter::VERBO: [Instrumenter - IRBuilder] Instruction has no debug information, defaulting to function/basic block info
instrumenter::VERBO: [Instrumenter - IRBuilder] Instruction has no debug information, defaulting to function/basic block info
instrumenter::VERBO: [Instrumenter - IRBuilder] Instruction has no debug information, defaulting to function/basic block info
instrumenter::VERBO: [Instrumenter - IRBuilder] Instruction has no debug information, defaulting to function/basic block info
instrumenter::VERBO: [Instrumenter - IRBuilder] Instruction has no debug information, defaulting to function/basic block info
instrumenter::VERBO: [Instrumenter - IRBuilder] Instruction has no debug information, defaulting to function/basic block info
instrumenter::VERBO: [Instrumenter - IRBuilder] Instruction has no debug information, defaulting to function/basic block info
instrumenter::VERBO: [Instrumenter - IRBuilder] Instruction has no debug information, defaulting to function/basic block info
instrumenter::VERBO: [Instrumenter - IRBuilder] Instruction has no debug information, defaulting to function/basic block info
instrumenter::VERBO: [Instrumenter - IRBuilder] Instruction has no debug information, defaulting to function/basic block info
instrumenter::VERBO: [Instrumenter - IRBuilder] Instruction has no debug information, defaulting to function/basic block info
instrumenter::VERBO: [Instrumenter - IRBuilder] Instruction has no debug information, defaulting to function/basic block info
instrumenter::VERBO: [Instrumenter - IRBuilder] Instruction has no debug information, defaulting to function/basic block info
instrumenter::VERBO: [Instrumenter - IRBuilder] Instruction has no debug information, defaulting to function/basic block info
instrumenter::VERBO: [Instrumenter - IRBuilder] Instruction has no debug information, defaulting to function/basic block info
instrumenter::VERBO: [Instrumenter - IRBuilder] Instruction has no debug information, defaulting to function/basic block info
instrumenter::VERBO: [Instrumenter - IRBuilder] Instruction has no debug information, defaulting to function/basic block info
instrumenter::VERBO: [Instrumenter - IRBuilder] Instruction has no debug information, defaulting to function/basic block info
instrumenter::VERBO: [Instrumenter - IRBuilder] Instruction has no debug information, defaulting to function/basic block info
instrumenter::VERBO: [Instrumenter - IRBuilder] Instruction has no debug information, defaulting to function/basic block info
instrumenter::VERBO: [Instrumenter - IRBuilder] Instruction has no debug information, defaulting to function/basic block info
instrumenter::VERBO: [Instrumenter - IRBuilder] Instruction has no debug information, defaulting to function/basic block info
instrumenter::VERBO: [Instrumenter - IRBuilder] Instruction has no debug information, defaulting to function/basic block info
instrumenter::VERBO: [Instrumenter - IRBuilder] Instruction has no debug information, defaulting to function/basic block info
instrumenter::VERBO: [Instrumenter - IRBuilder] Instruction has no debug information, defaulting to function/basic block info
instrumenter::VERBO: [Instrumenter - IRBuilder] Instruction has no debug information, defaulting to function/basic block info
instrumenter::VERBO: [Instrumenter - IRBuilder] Instruction has no debug information, defaulting to function/basic block info
instrumenter::VERBO: [Instrumenter - IRBuilder] Instruction has no debug information, defaulting to function/basic block info
instrumenter::VERBO: [Instrumenter - IRBuilder] Instruction has no debug information, defaulting to function/basic block info
instrumenter::VERBO: [Instrumenter - IRBuilder] Instruction has no debug information, defaulting to function/basic block info
instrumenter::VERBO: [Instrumenter - IRBuilder] Instruction has no debug information, defaulting to function/basic block info
instrumenter::VERBO: [Instrumenter - IRBuilder] Instruction has no debug information, defaulting to function/basic block info
instrumenter::VERBO: [Instrumenter - IRBuilder] Instruction has no debug information, defaulting to function/basic block info
instrumenter::VERBO: [Instrumenter - IRBuilder] Instruction has no debug information, defaulting to function/basic block info
instrumenter::VERBO: [Instrumenter - IRBuilder] Instruction has no debug information, defaulting to function/basic block info
instrumenter::VERBO: [Instrumenter - IRBuilder] Instruction has no debug information, defaulting to function/basic block info
instrumenter::VERBO: [Instrumenter - IRBuilder] Instruction has no debug information, defaulting to function/basic block info
instrumenter::VERBO: [Instrumenter - IRBuilder] Instruction has no debug information, defaulting to function/basic block info
instrumenter::VERBO: [Instrumenter - IRBuilder] Instruction has no debug information, defaulting to function/basic block info
instrumenter::VERBO: [Instrumenter - IRBuilder] Instruction has no debug information, defaulting to function/basic block info
instrumenter::VERBO: [Instrumenter - IRBuilder] Instruction has no debug information, defaulting to function/basic block info
instrumenter::VERBO: [Instrumenter - IRBuilder] Instruction has no debug information, defaulting to function/basic block info
instrumenter::VERBO: [Instrumenter - IRBuilder] Instruction has no debug information, defaulting to function/basic block info
instrumenter::VERBO: [Instrumenter - IRBuilder] Instruction has no debug information, defaulting to function/basic block info
instrumenter::VERBO: [Instrumenter - IRBuilder] Instruction has no debug information, defaulting to function/basic block info
instrumenter::VERBO: [Instrumenter - IRBuilder] Instruction has no debug information, defaulting to function/basic block info
instrumenter::VERBO: [Instrumenter - IRBuilder] Instruction has no debug information, defaulting to function/basic block info
instrumenter::VERBO: [Instrumenter - IRBuilder] Instruction has no debug information, defaulting to function/basic block info
instrumenter::VERBO: [Instrumenter - IRBuilder] Instruction has no debug information, defaulting to function/basic block info
instrumenter::VERBO: [Instrumenter - IRBuilder] Instruction has no debug information, defaulting to function/basic block info
instrumenter::VERBO: [Instrumenter - IRBuilder] Instruction has no debug information, defaulting to function/basic block info
instrumenter::VERBO: [Instrumenter - IRBuilder] Instruction has no debug information, defaulting to function/basic block info
instrumenter::VERBO: [Instrumenter - IRBuilder] Instruction has no debug information, defaulting to function/basic block info
instrumenter::VERBO: [Instrumenter - IRBuilder] Instruction has no debug information, defaulting to function/basic block info
instrumenter::VERBO: [Instrumenter - IRBuilder] Instruction has no debug information, defaulting to function/basic block info
instrumenter::VERBO: [Instrumenter - IRBuilder] Instruction has no debug information, defaulting to function/basic block info
instrumenter::VERBO: [Instrumenter - IRBuilder] Instruction has no debug information, defaulting to function/basic block info
instrumenter::VERBO: [Instrumenter - IRBuilder] Instruction has no debug information, defaulting to function/basic block info
instrumenter::VERBO: [Instrumenter - IRBuilder] Instruction has no debug information, defaulting to function/basic block info
instrumenter::VERBO: [Instrumenter - IRBuilder] Instruction has no debug information, defaulting to function/basic block info
instrumenter::VERBO: [Instrumenter - IRBuilder] Instruction has no debug information, defaulting to function/basic block info
instrumenter::VERBO: [Instrumenter - IRBuilder] Instruction has no debug information, defaulting to function/basic block info
instrumenter::VERBO: [Instrumenter - IRBuilder] Instruction has no debug information, defaulting to function/basic block info
instrumenter::VERBO: [Instrumenter - IRBuilder] Instruction has no debug information, defaulting to function/basic block info
instrumenter::VERBO: [Instrumenter - IRBuilder] Instruction has no debug information, defaulting to function/basic block info
instrumenter::VERBO: [Instrumenter - IRBuilder] Instruction has no debug information, defaulting to function/basic block info
instrumenter::VERBO: [Instrumenter - IRBuilder] Instruction has no debug information, defaulting to function/basic block info
instrumenter::VERBO: [Instrumenter - IRBuilder] Instruction has no debug information, defaulting to function/basic block info
instrumenter::VERBO: [Instrumenter - IRBuilder] Instruction has no debug information, defaulting to function/basic block info
instrumenter::VERBO: [Instrumenter - IRBuilder] Instruction has no debug information, defaulting to function/basic block info
instrumenter::VERBO: [Instrumenter - IRBuilder] Instruction has no debug information, defaulting to function/basic block info
instrumenter::VERBO: [Instrumenter - IRBuilder] Instruction has no debug information, defaulting to function/basic block info
instrumenter::VERBO: [Instrumenter - IRBuilder] Instruction has no debug information, defaulting to function/basic block info
instrumenter::VERBO: [Instrumenter - IRBuilder] Instruction has no debug information, defaulting to function/basic block info
instrumenter::VERBO: [Instrumenter - IRBuilder] Instruction has no debug information, defaulting to function/basic block info
instrumenter::VERBO: [Instrumenter - IRBuilder] Instruction has no debug information, defaulting to function/basic block info
instrumenter::VERBO: [Instrumenter - IRBuilder] Instruction has no debug information, defaulting to function/basic block info
instrumenter::VERBO: [Instrumenter - IRBuilder] Instruction has no debug information, defaulting to function/basic block info
instrumenter::VERBO: [Instrumenter - IRBuilder] Instruction has no debug information, defaulting to function/basic block info
instrumenter::VERBO: [Instrumenter - IRBuilder] Instruction has no debug information, defaulting to function/basic block info
instrumenter::VERBO: [Instrumenter - IRBuilder] Instruction has no debug information, defaulting to function/basic block info
instrumenter::VERBO: [Instrumenter - IRBuilder] Instruction has no debug information, defaulting to function/basic block info
instrumenter::VERBO: [Instrumenter - IRBuilder] Instruction has no debug information, defaulting to function/basic block info
instrumenter::VERBO: [Instrumenter - IRBuilder] Instruction has no debug information, defaulting to function/basic block info
instrumenter::VERBO: [Instrumenter - IRBuilder] Instruction has no debug information, defaulting to function/basic block info
instrumenter::VERBO: [Instrumenter - IRBuilder] Instruction has no debug information, defaulting to function/basic block info
instrumenter::VERBO: [Instrumenter - IRBuilder] Instruction has no debug information, defaulting to function/basic block info
instrumenter::VERBO: [Instrumenter - IRBuilder] Instruction has no debug information, defaulting to function/basic block info
instrumenter::VERBO: [Instrumenter - IRBuilder] Instruction has no debug information, defaulting to function/basic block info
instrumenter::VERBO: [Instrumenter - IRBuilder] Instruction has no debug information, defaulting to function/basic block info
instrumenter::VERBO: [Instrumenter - IRBuilder] Instruction has no debug information, defaulting to function/basic block info
instrumenter::VERBO: [Instrumenter - IRBuilder] Instruction has no debug information, defaulting to function/basic block info
instrumenter::VERBO: [Instrumenter - IRBuilder] Instruction has no debug information, defaulting to function/basic block info
instrumenter::VERBO: [Instrumenter - IRBuilder] Instruction has no debug information, defaulting to function/basic block info
instrumenter::VERBO: [Instrumenter - IRBuilder] Instruction has no debug information, defaulting to function/basic block info
instrumenter::VERBO: [Instrumenter - IRBuilder] Instruction has no debug information, defaulting to function/basic block info
instrumenter::VERBO: [Instrumenter - IRBuilder] Instruction has no debug information, defaulting to function/basic block info
instrumenter::VERBO: [Instrumenter - IRBuilder] Instruction has no debug information, defaulting to function/basic block info
instrumenter::VERBO: [Instrumenter - IRBuilder] Instruction has no debug information, defaulting to function/basic block info
instrumenter::VERBO: [Instrumenter - IRBuilder] Instruction has no debug information, defaulting to function/basic block info
instrumenter::VERBO: [Instrumenter - IRBuilder] Instruction has no debug information, defaulting to function/basic block info
instrumenter::VERBO: [Instrumenter - IRBuilder] Instruction has no debug information, defaulting to function/basic block info
instrumenter::VERBO: [Instrumenter - IRBuilder] Instruction has no debug information, defaulting to function/basic block info
instrumenter::VERBO: [Instrumenter - IRBuilder] Instruction has no debug information, defaulting to function/basic block info
instrumenter::VERBO: [Instrumenter - IRBuilder] Instruction has no debug information, defaulting to function/basic block info
instrumenter::VERBO: [Instrumenter - IRBuilder] Instruction has no debug information, defaulting to function/basic block info
instrumenter::VERBO: [Instrumenter - IRBuilder] Instruction has no debug information, defaulting to function/basic block info
instrumenter::VERBO: [Instrumenter - IRBuilder] Instruction has no debug information, defaulting to function/basic block info
instrumenter::VERBO: [Instrumenter - IRBuilder] Instruction has no debug information, defaulting to function/basic block info
instrumenter::VERBO: [Instrumenter - IRBuilder] Instruction has no debug information, defaulting to function/basic block info
instrumenter::VERBO: [Instrumenter - IRBuilder] Instruction has no debug information, defaulting to function/basic block info
instrumenter::VERBO: [Instrumenter - IRBuilder] Instruction has no debug information, defaulting to function/basic block info
instrumenter::VERBO: [Instrumenter - IRBuilder] Instruction has no debug information, defaulting to function/basic block info
instrumenter::VERBO: [Instrumenter - IRBuilder] Instruction has no debug information, defaulting to function/basic block info
instrumenter::VERBO: [Instrumenter - IRBuilder] Instruction has no debug information, defaulting to function/basic block info
instrumenter::VERBO: [Instrumenter - IRBuilder] Instruction has no debug information, defaulting to function/basic block info
instrumenter::VERBO: [Instrumenter - IRBuilder] Instruction has no debug information, defaulting to function/basic block info
instrumenter::VERBO: [Instrumenter - IRBuilder] Instruction has no debug information, defaulting to function/basic block info
instrumenter::VERBO: [Instrumenter - IRBuilder] Instruction has no debug information, defaulting to function/basic block info
instrumenter::VERBO: [Instrumenter - IRBuilder] Instruction has no debug information, defaulting to function/basic block info
instrumenter::VERBO: [Instrumenter - IRBuilder] Instruction has no debug information, defaulting to function/basic block info
instrumenter::VERBO: [Instrumenter - IRBuilder] Instruction has no debug information, defaulting to function/basic block info
instrumenter::VERBO: [Instrumenter - IRBuilder] Instruction has no debug information, defaulting to function/basic block info
instrumenter::VERBO: [Instrumenter - IRBuilder] Instruction has no debug information, defaulting to function/basic block info
instrumenter::VERBO: [Instrumenter - IRBuilder] Instruction has no debug information, defaulting to function/basic block info
instrumenter::VERBO: [Instrumenter - IRBuilder] Instruction has no debug information, defaulting to function/basic block info
instrumenter::VERBO: [Instrumenter - IRBuilder] Instruction has no debug information, defaulting to function/basic block info
instrumenter::VERBO: [Instrumenter - IRBuilder] Instruction has no debug information, defaulting to function/basic block info
instrumenter::VERBO: [Instrumenter - IRBuilder] Instruction has no debug information, defaulting to function/basic block info
instrumenter::VERBO: [Instrumenter - IRBuilder] Instruction has no debug information, defaulting to function/basic block info
instrumenter::VERBO: [Instrumenter - IRBuilder] Instruction has no debug information, defaulting to function/basic block info
instrumenter::VERBO: [Instrumenter - IRBuilder] Instruction has no debug information, defaulting to function/basic block info
instrumenter::VERBO: [Instrumenter - IRBuilder] Instruction has no debug information, defaulting to function/basic block info
instrumenter::VERBO: [Instrumenter - IRBuilder] Instruction has no debug information, defaulting to function/basic block info
instrumenter::VERBO: [Instrumenter - IRBuilder] Instruction has no debug information, defaulting to function/basic block info
instrumenter::VERBO: [Instrumenter - IRBuilder] Instruction has no debug information, defaulting to function/basic block info
instrumenter::VERBO: [Instrumenter - IRBuilder] Instruction has no debug information, defaulting to function/basic block info
instrumenter::VERBO: [Instrumenter - IRBuilder] Instruction has no debug information, defaulting to function/basic block info
instrumenter::VERBO: [Instrumenter - IRBuilder] Instruction has no debug information, defaulting to function/basic block info
instrumenter::VERBO: [Instrumenter - IRBuilder] Instruction has no debug information, defaulting to function/basic block info
instrumenter::VERBO: [Instrumenter - IRBuilder] Instruction has no debug information, defaulting to function/basic block info
instrumenter::VERBO: [Instrumenter - IRBuilder] Instruction has no debug information, defaulting to function/basic block info
instrumenter::VERBO: [Instrumenter - IRBuilder] Instruction has no debug information, defaulting to function/basic block info
instrumenter::VERBO: [Instrumenter - IRBuilder] Instruction has no debug information, defaulting to function/basic block info
instrumenter::VERBO: [Instrumenter - IRBuilder] Instruction has no debug information, defaulting to function/basic block info
instrumenter::VERBO: [Instrumenter - IRBuilder] Instruction has no debug information, defaulting to function/basic block info
instrumenter::VERBO: [Instrumenter - IRBuilder] Instruction has no debug information, defaulting to function/basic block info
instrumenter::VERBO: [Instrumenter - IRBuilder] Instruction has no debug information, defaulting to function/basic block info
instrumenter::VERBO: [Instrumenter - IRBuilder] Instruction has no debug information, defaulting to function/basic block info
instrumenter::VERBO: [Instrumenter - IRBuilder] Instruction has no debug information, defaulting to function/basic block info
instrumenter::VERBO: [Instrumenter - IRBuilder] Instruction has no debug information, defaulting to function/basic block info
instrumenter::VERBO: [Instrumenter - IRBuilder] Instruction has no debug information, defaulting to function/basic block info
instrumenter::VERBO: [Instrumenter - IRBuilder] Instruction has no debug information, defaulting to function/basic block info
instrumenter::VERBO: [Instrumenter - IRBuilder] Instruction has no debug information, defaulting to function/basic block info
instrumenter::VERBO: [Instrumenter - IRBuilder] Instruction has no debug information, defaulting to function/basic block info
instrumenter::VERBO: [Instrumenter - IRBuilder] Instruction has no debug information, defaulting to function/basic block info
instrumenter::VERBO: [Instrumenter - IRBuilder] Instruction has no debug information, defaulting to function/basic block info
instrumenter::VERBO: [Instrumenter - IRBuilder] Instruction has no debug information, defaulting to function/basic block info
instrumenter::VERBO: [Instrumenter - IRBuilder] Instruction has no debug information, defaulting to function/basic block info
instrumenter::VERBO: [Instrumenter - IRBuilder] Instruction has no debug information, defaulting to function/basic block info
instrumenter::VERBO: [Instrumenter - IRBuilder] Instruction has no debug information, defaulting to function/basic block info
instrumenter::VERBO: [Instrumenter - IRBuilder] Instruction has no debug information, defaulting to function/basic block info
instrumenter::VERBO: [Instrumenter - IRBuilder] Instruction has no debug information, defaulting to function/basic block info
instrumenter::VERBO: [Instrumenter - IRBuilder] Instruction has no debug information, defaulting to function/basic block info
instrumenter::VERBO: [Instrumenter - IRBuilder] Instruction has no debug information, defaulting to function/basic block info
instrumenter::VERBO: [Instrumenter - IRBuilder] Instruction has no debug information, defaulting to function/basic block info
instrumenter::VERBO: [Instrumenter - IRBuilder] Instruction has no debug information, defaulting to function/basic block info
instrumenter::VERBO: [Instrumenter - IRBuilder] Instruction has no debug information, defaulting to function/basic block info
instrumenter::VERBO: [Instrumenter - IRBuilder] Instruction has no debug information, defaulting to function/basic block info
instrumenter::VERBO: [Instrumenter - IRBuilder] Instruction has no debug information, defaulting to function/basic block info
instrumenter::VERBO: [Instrumenter - IRBuilder] Instruction has no debug information, defaulting to function/basic block info
instrumenter::VERBO: [Instrumenter - IRBuilder] Instruction has no debug information, defaulting to function/basic block info
instrumenter::VERBO: [Instrumenter - IRBuilder] Instruction has no debug information, defaulting to function/basic block info
instrumenter::VERBO: [Instrumenter - IRBuilder] Instruction has no debug information, defaulting to function/basic block info
instrumenter::VERBO: [Instrumenter - IRBuilder] Instruction has no debug information, defaulting to function/basic block info
instrumenter::VERBO: [Instrumenter - IRBuilder] Instruction has no debug information, defaulting to function/basic block info
instrumenter::VERBO: [Instrumenter - IRBuilder] Instruction has no debug information, defaulting to function/basic block info
instrumenter::VERBO: [Instrumenter - IRBuilder] Instruction has no debug information, defaulting to function/basic block info
instrumenter::VERBO: [Instrumenter - IRBuilder] Instruction has no debug information, defaulting to function/basic block info
instrumenter::VERBO: [Instrumenter - IRBuilder] Instruction has no debug information, defaulting to function/basic block info
instrumenter::VERBO: [Instrumenter - IRBuilder] Instruction has no debug information, defaulting to function/basic block info
instrumenter::VERBO: [Instrumenter - IRBuilder] Instruction has no debug information, defaulting to function/basic block info
instrumenter::VERBO: [Instrumenter - IRBuilder] Instruction has no debug information, defaulting to function/basic block info
instrumenter::VERBO: [Instrumenter - IRBuilder] Instruction has no debug information, defaulting to function/basic block info
instrumenter::VERBO: [Instrumenter - IRBuilder] Instruction has no debug information, defaulting to function/basic block info
instrumenter::VERBO: [Instrumenter - IRBuilder] Instruction has no debug information, defaulting to function/basic block info
instrumenter::VERBO: [Instrumenter - IRBuilder] Instruction has no debug information, defaulting to function/basic block info
instrumenter::INFOR: [Instrumenter - Initialization] Finished adding static information
instrumenter::VERBO: [Instrumenter - Finalize] Dumping static data to .... "C:\Users\renan\Documents\Processadores\HLS\Interface_AXI\axi4_ip_hls\axi4_ip_hls\hls\csim\code_analyzer/.internal/instrument/app_0\static.xml"
instrumenter::VERBO: [Instrumenter - GV] Global Variables Instrumentation
instrumenter::VERBO: [Instrumenter - WARNING] Global value llvm.global_ctors is not instrumentable
instrumenter::VERBO: [Instrumenter - WARNING] Global value .str is not instrumentable
instrumenter::VERBO: [Instrumenter - WARNING] Global value __PRETTY_FUNCTION__._ZN3hls6streamI9axi4_liteLi0EEC2Ev is not instrumentable
instrumenter::VERBO: [Instrumenter - WARNING] Global value .str.1 is not instrumentable
instrumenter::VERBO: [Instrumenter - WARNING] Global value .str.2 is not instrumentable
instrumenter::VERBO: [Instrumenter - WARNING] Global value .str.3 is not instrumentable
instrumenter::VERBO: [Instrumenter - WARNING] Global value .str.4 is not instrumentable
instrumenter::VERBO: [Instrumenter - WARNING] Global value .str.5 is not instrumentable
instrumenter::VERBO: [Instrumenter - WARNING] Global value .str.6 is not instrumentable
instrumenter::VERBO: [Instrumenter - WARNING] Global value .str.7 is not instrumentable
instrumenter::VERBO: [Instrumenter - WARNING] Global value .str.8 is not instrumentable
instrumenter::VERBO: [Instrumenter - WARNING] Global value .str.9 is not instrumentable
instrumenter::VERBO: [Instrumenter - WARNING] Global value .str.10 is not instrumentable
instrumenter::VERBO: [Instrumenter - WARNING] Global value .str.11 is not instrumentable
instrumenter::VERBO: [Instrumenter - WARNING] Global value .str.12 is not instrumentable
instrumenter::VERBO: [Instrumenter - WARNING] Global value .str.13 is not instrumentable
instrumenter::VERBO: [Instrumenter - WARNING] Global value .str.14 is not instrumentable
instrumenter::VERBO: [Instrumenter - WARNING] Global value .str.15 is not instrumentable
instrumenter::VERBO: [Instrumenter - WARNING] Global value .str.16 is not instrumentable
instrumenter::VERBO: [Instrumenter - WARNING] Global value .str.17 is not instrumentable
instrumenter::VERBO: [Instrumenter - WARNING] Global value .str.18 is not instrumentable
instrumenter::VERBO: [Instrumenter - WARNING] Global value .str.19 is not instrumentable
instrumenter::VERBO: [Instrumenter - WARNING] Global value .str.20 is not instrumentable
instrumenter::VERBO: [Instrumenter - WARNING] Global value .str.21 is not instrumentable
instrumenter::VERBO: [Instrumenter - WARNING] Global value .str.22 is not instrumentable
instrumenter::VERBO: [Instrumenter - WARNING] Global value .str.23 is not instrumentable
instrumenter::VERBO: [Instrumenter - WARNING] Global value .str.24 is not instrumentable
instrumenter::VERBO: [Instrumenter - WARNING] Global value .str.25 is not instrumentable
instrumenter::VERBO: [Instrumenter - WARNING] Global value .str.26 is not instrumentable
instrumenter::VERBO: [Instrumenter - WARNING] Global value .str.27 is not instrumentable
instrumenter::VERBO: [Instrumenter - WARNING] Global value .str.28 is not instrumentable
instrumenter::VERBO: spec:0:0: note: [Instrumenter - FN/BB] Function/BasicBlock profiling
instrumenter::VERBO: [Instrumenter - FN/BB] Inserting profiling calls for function/basic-blocks
instrumenter::INFOR: [Instrumenter - FN_TRACE] Adding the init function for the trace calls...
instrumenter::VERBO: [Instrumenter - BB] Instrumenting the function: _GLOBAL__sub_I_testbench.cpp
instrumenter::VERBO: [Instrumenter - BB] Instrumenting the function: __cxx_global_var_init
instrumenter::VERBO: [Instrumenter - BB] Instrumenting the function: _ZNSt8ios_base4InitC1Ev
instrumenter::VERBO: [Instrumenter - BB] Instrumenting the function: __dtor__ZStL8__ioinit
instrumenter::VERBO: [Instrumenter - BB] Instrumenting the function: atexit
instrumenter::VERBO: [Instrumenter - BB] Instrumenting the function: _ZNSt8ios_base4InitD1Ev
instrumenter::VERBO: [Instrumenter - BB] Instrumenting the function: main
instrumenter::VERBO: [Instrumenter - BB] Instrumenting the function: __gxx_personality_seh0
instrumenter::VERBO: [Instrumenter - BB] Skipping Function llvm.vcxx.region.start
instrumenter::VERBO: [Instrumenter - BB] Skipping Function llvm.dbg.declare
instrumenter::VERBO: [Instrumenter - BB] Instrumenting the function: _ZN3hls6streamI9axi4_liteLi0EEC1Ev
instrumenter::VERBO: [Instrumenter - BB] Instrumenting the function: _ZN9axi4_liteC1Ev
instrumenter::VERBO: [Instrumenter - BB] Instrumenting the function: _ZN7ap_uintILi32EEC1Ei
instrumenter::VERBO: [Instrumenter - BB] Instrumenting the function: _ZN7ap_uintILi32EEaSERKS0_
instrumenter::VERBO: [Instrumenter - BB] Instrumenting the function: _ZN7ap_uintILi32EEC1Ej
instrumenter::VERBO: [Instrumenter - BB] Instrumenting the function: _ZN3hls6streamI9axi4_liteLi0EE5writeERKS1_
instrumenter::VERBO: [Instrumenter - BB] Instrumenting the function: _ZNK3hls6streamI9axi4_liteLi0EE5emptyEv
instrumenter::VERBO: [Instrumenter - BB] Instrumenting the function: _ZN3hls6streamI9axi4_liteLi0EE4readEv
instrumenter::VERBO: [Instrumenter - BB] Instrumenting the function: _ZN9axi4_liteaSEOS_
instrumenter::VERBO: [Instrumenter - BB] Instrumenting the function: _ZStlsISt11char_traitsIcEERSt13basic_ostreamIcT_ES5_PKc
instrumenter::VERBO: [Instrumenter - BB] Instrumenting the function: _ZSt3hexRSt8ios_base
instrumenter::VERBO: [Instrumenter - BB] Instrumenting the function: _ZNSolsEPFRSt8ios_baseS0_E
instrumenter::VERBO: [Instrumenter - BB] Instrumenting the function: _ZlsILi32ELb0EERSoS0_RK11ap_int_baseIXT_EXT0_EE
instrumenter::VERBO: [Instrumenter - BB] Instrumenting the function: _ZSt4endlIcSt11char_traitsIcEERSt13basic_ostreamIT_T0_ES6_
instrumenter::VERBO: [Instrumenter - BB] Instrumenting the function: _ZNSolsEPFRSoS_E
instrumenter::VERBO: [Instrumenter - BB] Instrumenting the function: _ZN3hls6streamI9axi4_liteLi0EED1Ev
instrumenter::VERBO: [Instrumenter - BB] Instrumenting the function: _ZN3hls6streamI9axi4_liteLi0EED2Ev
instrumenter::VERBO: [Instrumenter - BB] Instrumenting the function: slx_hls_stream_delete
instrumenter::VERBO: [Instrumenter - BB] Instrumenting the function: __clang_call_terminate
instrumenter::VERBO: [Instrumenter - BB] Instrumenting the function: __cxa_begin_catch
instrumenter::VERBO: [Instrumenter - BB] Instrumenting the function: _ZSt9terminatev
instrumenter::VERBO: [Instrumenter - BB] Instrumenting the function: _ZNKSt8ios_base5flagsEv
instrumenter::VERBO: [Instrumenter - BB] Instrumenting the function: _ZStanSt13_Ios_FmtflagsS_
instrumenter::VERBO: [Instrumenter - BB] Instrumenting the function: _ZNK11ap_int_baseILi32ELb0EE9to_stringB5cxx11Eab
instrumenter::VERBO: [Instrumenter - BB] Instrumenting the function: _ZStlsIcSt11char_traitsIcESaIcEERSt13basic_ostreamIT_T0_ES7_RKNSt7__cxx1112basic_stringIS4_S5_T1_EE
instrumenter::VERBO: [Instrumenter - BB] Instrumenting the function: _ZNSt7__cxx1112basic_stringIcSt11char_traitsIcESaIcEED1Ev
instrumenter::VERBO: [Instrumenter - BB] Instrumenting the function: _ZNK10ap_privateILi32ELb0ELb1EE9to_stringB5cxx11Ehb
instrumenter::VERBO: [Instrumenter - BB] Instrumenting the function: _ZNK10ap_privateILi32ELb0ELb1EE8toStringB5cxx11Ehb
instrumenter::VERBO: [Instrumenter - BB] Instrumenting the function: _assert
instrumenter::VERBO: [Instrumenter - BB] Instrumenting the function: _ZNSt7__cxx1112basic_stringIcSt11char_traitsIcESaIcEEC1Ev
instrumenter::VERBO: [Instrumenter - BB] Instrumenting the function: _ZNK10ap_privateILi32ELb0ELb1EEeqEy
instrumenter::VERBO: [Instrumenter - BB] Instrumenting the function: _ZNSt7__cxx1112basic_stringIcSt11char_traitsIcESaIcEEaSEPKc
instrumenter::VERBO: [Instrumenter - BB] Instrumenting the function: llvm.memcpy.p0i8.p0i8.i64
instrumenter::VERBO: [Instrumenter - BB] Instrumenting the function: _ZNK10ap_privateILi32ELb0ELb1EE10isNegativeEv
instrumenter::VERBO: [Instrumenter - BB] Instrumenting the function: _ZN10ap_privateILi32ELb0ELb1EE4flipEv
instrumenter::VERBO: [Instrumenter - BB] Instrumenting the function: _ZN10ap_privateILi32ELb0ELb1EEppEi
instrumenter::VERBO: [Instrumenter - BB] Instrumenting the function: _ZNSt7__cxx1112basic_stringIcSt11char_traitsIcESaIcEEpLEPKc
instrumenter::VERBO: [Instrumenter - BB] Instrumenting the function: _ZN10ap_privateILi32ELb0ELb1EEC1Ei
instrumenter::VERBO: [Instrumenter - BB] Instrumenting the function: _ZNK10ap_privateILi32ELb0ELb1EE2neILi32ELb0EEEbRKS_IXT_EXT0_EXleT_Li64EEE
instrumenter::VERBO: [Instrumenter - BB] Instrumenting the function: _ZN10ap_privateILi32ELb0ELb1EE7get_VALEv
instrumenter::VERBO: [Instrumenter - BB] Instrumenting the function: _ZNSt7__cxx1112basic_stringIcSt11char_traitsIcESaIcEE6insertEyPKc
instrumenter::VERBO: [Instrumenter - BB] Instrumenting the function: _ZNK10ap_privateILi32ELb0ELb1EE4lshrEj
instrumenter::VERBO: [Instrumenter - BB] Instrumenting the function: _ZN10ap_privateILi32ELb0ELb1EEaSERKS0_
instrumenter::VERBO: [Instrumenter - BB] Instrumenting the function: _ZNSt7__cxx1112basic_stringIcSt11char_traitsIcESaIcEEC1EOS4_
instrumenter::VERBO: [Instrumenter - BB] Instrumenting the function: _ZN10ap_privateILi6ELb0ELb1EEC1Eh
instrumenter::VERBO: [Instrumenter - BB] Instrumenting the function: _ZN10ap_privateILi32ELb0ELb1EEC1Ey
instrumenter::VERBO: [Instrumenter - BB] Instrumenting the function: _ZNK10ap_privateILi32ELb0ELb1EEeqERKS0_
instrumenter::VERBO: [Instrumenter - BB] Instrumenting the function: _ZNK10ap_privateILi32ELb0ELb1EErmILi6ELb0EEENS0_5RTypeIXT_EXT0_EE3modERKS_IXT_EXT0_EXleT_Li64EEE
instrumenter::VERBO: [Instrumenter - BB] Instrumenting the function: _ZN10ap_privateILi32ELb0ELb1EEC1ILi6ELb0ELb1EEERKS_IXT_EXT0_EXT1_EE
instrumenter::VERBO: [Instrumenter - BB] Instrumenting the function: _ZNK10ap_privateILi32ELb0ELb1EEdvILi6ELb0EEENS0_5RTypeIXT_EXT0_EE3divERKS_IXT_EXT0_EXleT_Li64EEE
instrumenter::VERBO: [Instrumenter - BB] Instrumenting the function: _ZNK10ap_privateILi32ELb0ELb1EE12getZExtValueEv
instrumenter::VERBO: [Instrumenter - BB] Instrumenting the function: _ZNK10ap_privateILi32ELb0ELb1EE15get_cleared_VALEv
instrumenter::VERBO: [Instrumenter - BB] Instrumenting the function: _ZNK10ap_privateILi32ELb0ELb1EE4sdivERKS0_
instrumenter::VERBO: [Instrumenter - BB] Instrumenting the function: _ZNK10ap_privateILi32ELb0ELb1EE4udivERKS0_
instrumenter::VERBO: [Instrumenter - BB] Instrumenting the function: _ZN10ap_privateILi32ELb0ELb1EE15clearUnusedBitsEv
instrumenter::VERBO: [Instrumenter - BB] Instrumenting the function: _ZmiILi32ELb0EEN10ap_privateILi32ELb1ELb1EE5RTypeIXT_EXT0_EE5minusEiRKS0_IXT_EXT0_EXleT_Li64EEE
instrumenter::VERBO: [Instrumenter - BB] Instrumenting the function: _ZNK10ap_privateILi34ELb1ELb1EEcvxEv
instrumenter::VERBO: [Instrumenter - BB] Instrumenting the function: _ZNK10ap_privateILi32ELb0ELb1EEcvjEv
instrumenter::VERBO: [Instrumenter - BB] Instrumenting the function: _ZN10ap_privateILi32ELb0ELb1EEC1ILi34ELb1ELb1EEERKS_IXT_EXT0_EXT1_EE
instrumenter::VERBO: [Instrumenter - BB] Instrumenting the function: _ZN10ap_privateILi32ELb0ELb1EEC2ILi34ELb1ELb1EEERKS_IXT_EXT0_EXT1_EE
instrumenter::VERBO: [Instrumenter - BB] Instrumenting the function: _ZNK10ap_privateILi34ELb1ELb1EE7get_VALEv
instrumenter::VERBO: [Instrumenter - BB] Instrumenting the function: _ZN10ap_privateILi32ELb0ELb1EE10set_canaryEv
instrumenter::VERBO: [Instrumenter - BB] Instrumenting the function: _ZN10ap_privateILi32ELb0ELb1EE12check_canaryEv
instrumenter::VERBO: [Instrumenter - BB] Instrumenting the function: _ZNK10ap_privateILi34ELb1ELb1EE15get_cleared_VALEv
instrumenter::VERBO: [Instrumenter - BB] Instrumenting the function: _ZN10ap_privateILi32ELb1ELb1EEC1Ei
instrumenter::VERBO: [Instrumenter - BB] Instrumenting the function: _ZNK10ap_privateILi32ELb1ELb1EEmiILi32ELb0EEENS0_5RTypeIXT_EXT0_EE5minusERKS_IXT_EXT0_EXleT_Li64EEE
instrumenter::VERBO: [Instrumenter - BB] Instrumenting the function: _ZNK10ap_privateILi32ELb1ELb1EE15get_cleared_VALEv
instrumenter::VERBO: [Instrumenter - BB] Instrumenting the function: _ZN10ap_privateILi34ELb1ELb1EEC1Ex
instrumenter::VERBO: [Instrumenter - BB] Instrumenting the function: _ZN10ap_privateILi34ELb1ELb1EEC2Ex
instrumenter::VERBO: [Instrumenter - BB] Instrumenting the function: _ZN10ap_privateILi34ELb1ELb1EE10set_canaryEv
instrumenter::VERBO: [Instrumenter - BB] Instrumenting the function: _ZN10ap_privateILi34ELb1ELb1EE15clearUnusedBitsEv
instrumenter::VERBO: [Instrumenter - BB] Instrumenting the function: _ZN10ap_privateILi34ELb1ELb1EE12check_canaryEv
instrumenter::VERBO: [Instrumenter - BB] Instrumenting the function: _ZN10ap_privateILi32ELb1ELb1EEC2Ei
instrumenter::VERBO: [Instrumenter - BB] Instrumenting the function: _ZN10ap_privateILi32ELb1ELb1EE10set_canaryEv
instrumenter::VERBO: [Instrumenter - BB] Instrumenting the function: _ZN10ap_privateILi32ELb1ELb1EE15clearUnusedBitsEv
instrumenter::VERBO: [Instrumenter - BB] Instrumenting the function: _ZN10ap_privateILi32ELb1ELb1EE12check_canaryEv
instrumenter::VERBO: [Instrumenter - BB] Instrumenting the function: _ZN10ap_privateILi32ELb0ELb1EEC2ILi6ELb0ELb1EEERKS_IXT_EXT0_EXT1_EE
instrumenter::VERBO: [Instrumenter - BB] Instrumenting the function: _ZNK10ap_privateILi6ELb0ELb1EE7get_VALEv
instrumenter::VERBO: [Instrumenter - BB] Instrumenting the function: _ZNK10ap_privateILi32ELb0ELb1EE4sremILb0EEES0_RKS_ILi32EXT_ELb1EE
instrumenter::VERBO: [Instrumenter - BB] Instrumenting the function: _ZNK10ap_privateILi32ELb0ELb1EE4uremILb0EEES0_RKS_ILi32EXT_ELb1EE
instrumenter::VERBO: [Instrumenter - BB] Instrumenting the function: _ZN10ap_privateILi6ELb0ELb1EEC1ILi32ELb0ELb1EEERKS_IXT_EXT0_EXT1_EE
instrumenter::VERBO: [Instrumenter - BB] Instrumenting the function: _ZN10ap_privateILi6ELb0ELb1EEC2ILi32ELb0ELb1EEERKS_IXT_EXT0_EXT1_EE
instrumenter::VERBO: [Instrumenter - BB] Instrumenting the function: _ZNK10ap_privateILi32ELb0ELb1EE7get_VALEv
instrumenter::VERBO: [Instrumenter - BB] Instrumenting the function: _ZN10ap_privateILi6ELb0ELb1EE10set_canaryEv
instrumenter::VERBO: [Instrumenter - BB] Instrumenting the function: _ZN10ap_privateILi6ELb0ELb1EE15clearUnusedBitsEv
instrumenter::VERBO: [Instrumenter - BB] Instrumenting the function: _ZN10ap_privateILi6ELb0ELb1EE12check_canaryEv
instrumenter::VERBO: [Instrumenter - BB] Instrumenting the function: _ZN10ap_privateILi32ELb0ELb1EEC2Ey
instrumenter::VERBO: [Instrumenter - BB] Instrumenting the function: _ZN10ap_privateILi6ELb0ELb1EEC2Eh
instrumenter::VERBO: [Instrumenter - BB] Instrumenting the function: _ZN10ap_privateILi32ELb0ELb1EEC2Ei
instrumenter::VERBO: [Instrumenter - BB] Instrumenting the function: _ZN10ap_privateILi32ELb0ELb1EE15get_cleared_VALEv
instrumenter::VERBO: [Instrumenter - BB] Instrumenting the function: _ZNSt8ios_base4setfESt13_Ios_FmtflagsS0_
instrumenter::VERBO: [Instrumenter - BB] Instrumenting the function: _ZStcoSt13_Ios_Fmtflags
instrumenter::VERBO: [Instrumenter - BB] Instrumenting the function: _ZStaNRSt13_Ios_FmtflagsS_
instrumenter::VERBO: [Instrumenter - BB] Instrumenting the function: _ZStoRRSt13_Ios_FmtflagsS_
instrumenter::VERBO: [Instrumenter - BB] Instrumenting the function: _ZStorSt13_Ios_FmtflagsS_
instrumenter::VERBO: [Instrumenter - BB] Instrumenting the function: llvm.memset.p0i8.i64
instrumenter::VERBO: [Instrumenter - BB] Instrumenting the function: llvm.fpga.fifo.pop.s_struct.axi4_lites.p0s_struct.axi4_lites
instrumenter::VERBO: [Instrumenter - BB] Instrumenting the function: slx_hls_stream_empty
instrumenter::VERBO: [Instrumenter - BB] Instrumenting the function: llvm.fpga.fifo.push.s_struct.axi4_lites.p0s_struct.axi4_lites
instrumenter::VERBO: [Instrumenter - BB] Instrumenting the function: _ZN7ap_uintILi32EEC2Ej
instrumenter::VERBO: [Instrumenter - BB] Instrumenting the function: _ZN11ap_int_baseILi32ELb0EEC2Ej
instrumenter::VERBO: [Instrumenter - BB] Instrumenting the function: _ZN11ap_int_baseILi32ELb0EE18checkOverflowBaseCIjEEvT_
instrumenter::VERBO: [Instrumenter - BB] Instrumenting the function: _ZN10ap_privateILi32ELb0ELb1EEC1Ej
instrumenter::VERBO: [Instrumenter - BB] Instrumenting the function: _ZN12ssdm_int_simILi32ELb0EEC2E10ap_privateILi32ELb0ELb1EE
instrumenter::VERBO: [Instrumenter - BB] Instrumenting the function: _ZN10ap_privateILi32ELb0ELb1EEaSEj
instrumenter::VERBO: [Instrumenter - BB] Instrumenting the function: _ZN10ap_privateILi32ELb0ELb1EEC2Ej
instrumenter::VERBO: [Instrumenter - BB] Instrumenting the function: _ZN11ap_int_baseILi32ELb0EEaSERKS0_
instrumenter::VERBO: [Instrumenter - BB] Instrumenting the function: _ZN12ssdm_int_simILi32ELb0EEaSERKS0_
instrumenter::VERBO: [Instrumenter - BB] Instrumenting the function: _ZN7ap_uintILi32EEC2Ei
instrumenter::VERBO: [Instrumenter - BB] Instrumenting the function: _ZN11ap_int_baseILi32ELb0EEC2Ei
instrumenter::VERBO: [Instrumenter - BB] Instrumenting the function: _ZN11ap_int_baseILi32ELb0EE18checkOverflowBaseCIiEEvT_
instrumenter::VERBO: [Instrumenter - BB] Instrumenting the function: _ZN10ap_privateILi32ELb0ELb1EEaSEi
instrumenter::VERBO: [Instrumenter - BB] Instrumenting the function: _ZN9axi4_liteC2Ev
instrumenter::VERBO: [Instrumenter - BB] Instrumenting the function: _ZN7ap_uintILi32EEC1Ev
instrumenter::VERBO: [Instrumenter - BB] Instrumenting the function: _ZN7ap_uintILi32EEC2Ev
instrumenter::VERBO: [Instrumenter - BB] Instrumenting the function: _ZN11ap_int_baseILi32ELb0EEC2Ev
instrumenter::VERBO: [Instrumenter - BB] Instrumenting the function: _ZN12ssdm_int_simILi32ELb0EEC2Ev
instrumenter::VERBO: [Instrumenter - BB] Instrumenting the function: _ZN10ap_privateILi32ELb0ELb1EEC1Ev
instrumenter::VERBO: [Instrumenter - BB] Instrumenting the function: _ZN10ap_privateILi32ELb0ELb1EEC2Ev
instrumenter::VERBO: [Instrumenter - BB] Instrumenting the function: _ZN3hls6streamI9axi4_liteLi0EEC2Ev
instrumenter::VERBO: [Instrumenter - BB] Instrumenting the function: slx_hls_stream_create
instrumenter::VERBO: [Instrumenter - BB] Instrumenting the function: _GLOBAL__sub_I_axi4_ip.cpp
instrumenter::VERBO: [Instrumenter - BB] Instrumenting the function: __cxx_global_var_init.2
instrumenter::VERBO: [Instrumenter - BB] Instrumenting the function: __dtor__ZStL8__ioinit.4
instrumenter::VERBO: [Instrumenter - BB] Instrumenting the function: _GLOBAL__sub_I_axi4_ip.cpp.6
instrumenter::VERBO: [Instrumenter - BB] Instrumenting the function: __cxx_global_var_init.7
instrumenter::VERBO: [Instrumenter - BB] Instrumenting the function: __dtor__ZStL8__ioinit.9
instrumenter::VERBO: [Instrumenter - BB] Instrumenting the function: _Z12nmp_axi4l_ipRN3hls6streamI9axi4_liteLi0EEES3_
instrumenter::VERBO: [Instrumenter - BB] Instrumenting the function: llvm.sideeffect
instrumenter::VERBO: [Instrumenter - BB] Instrumenting the function: llvm.fpga.fifo.push.s_struct.axi4_lite.11s.p0s_struct.axi4_lite.11s
instrumenter::VERBO: [Instrumenter - BB] Instrumenting the function: llvm.fpga.fifo.pop.s_struct.axi4_lite.11s.p0s_struct.axi4_lite.11s
instrumenter::VERBO: [Instrumenter - BB] Skipping Function llvm.dbg.value
instrumenter::VERBO: [Instrumenter - Finalize] Adding extra setup and memory access calls
instrumenter::VERBO: [Instrumenter - STD] Instrumenting function slx_hls_stream_blocking_read
instrumenter::VERBO: [Instrumenter - STD] Instrumenting function slx_hls_stream_blocking_write
