07/17/24 20:19:16: Running xcd server. This server was NOT built by gradle, but presumably rdi.
07/17/24 20:19:16: Server was asked to start on port: '55042'
07/17/24 20:19:16: Server is using token UUID: '3d22ad82-3972-4b78-a31f-1723449c2aaa'
07/17/24 20:19:16: SESSION_MGR: creating session with session uuid: '6d04a3e9-ade5-4ab9-8d63-1f78fcd2ec76' and name 'default'
07/17/24 20:19:16: Attempting to start server on port '55042'
07/17/24 20:19:16: Running Dispatch Server
07/17/24 20:19:16: Version 2.2.0
07/17/24 20:19:17: Dispatch Server: Accepted socket connection from client
07/17/24 20:19:17: Starting Socket connection
07/17/24 20:19:17: EXCHANGE_TOKEN received, server token: 3d22ad82-3972-4b78-a31f-1723449c2aaa, passed token: 3d22ad82-3972-4b78-a31f-1723449c2aaa
07/17/24 20:19:17: DISPATCH_HANDLER: Adding handler from function makeHandler in library librdi_system_diagram failed with exception: Could not dynamically load librdi_system_diagram.dll
07/17/24 20:19:17: SESSION_MGR: creating session with session uuid: '5a7a1d80-3c8d-429d-87d0-78aba7a0431c' and name 'vitis-run_compile_axi4_ip_hls'
07/17/24 20:19:17: KERNEL_SVC: creating session with uuid: '5a7a1d80-3c8d-429d-87d0-78aba7a0431c' and name 'vitis-run_compile_axi4_ip_hls'
07/17/24 20:19:17: GUIDANCE_SMGR: creating guidance session with uuid: '5a7a1d80-3c8d-429d-87d0-78aba7a0431c' and name 'vitis-run_compile_axi4_ip_hls'
07/17/24 20:19:22: Dispatch Server: Accepted socket connection from client
07/17/24 20:19:22: Starting Socket connection
07/17/24 20:19:36: SESSION_MGR: closing session for UUID '5a7a1d80-3c8d-429d-87d0-78aba7a0431c' with name 'vitis-run_compile_axi4_ip_hls'
07/17/24 20:19:36: KERNEL_SVC: closing session for UUID '5a7a1d80-3c8d-429d-87d0-78aba7a0431c' with name 'vitis-run_compile_axi4_ip_hls'
07/17/24 20:19:36: GUIDANCE_SMGR: closing session for UUID '5a7a1d80-3c8d-429d-87d0-78aba7a0431c' with name 'vitis-run_compile_axi4_ip_hls'
07/17/24 20:19:36: STOP_SERVER received, server token: 3d22ad82-3972-4b78-a31f-1723449c2aaa, passed token: 3d22ad82-3972-4b78-a31f-1723449c2aaa
07/17/24 20:19:36: Socket received request to stop server.
07/17/24 20:19:36: Dispatch Server: do_await_stop
07/17/24 20:19:36: SERVER: destructor for server bound to port 55042
07/17/24 20:19:36: Server exiting with status 0.
07/17/24 20:19:36: Closing log file.
