INFO: [vitis-run 60-1548] Creating build summary session with primary output C:/Users/renan/Desktop/teste/nmp_axi4l_ip\nmp_axi4l_ip.hlsrun_csim_summary, at 07/31/24 14:09:02
INFO: [vitis-run 82-31] Launching vitis_hls: vitis_hls -nolog -run csim -work_dir C:/Users/renan/Desktop/teste/nmp_axi4l_ip -config C:/Users/renan/Desktop/teste/hls_config.cfg -cmdlineconfig C:/Users/renan/Desktop/teste/nmp_axi4l_ip/hls/config.cmdline
INFO: [HLS 200-10] For user 'renan' on host 'desktop-k5rpcpk' (Windows NT_amd64 version 10.0) on Wed Jul 31 14:09:04 -0300 2024
INFO: [HLS 200-10] In directory 'C:/Users/renan/Desktop/teste'
INFO: [HLS 200-2005] Using work_dir C:/Users/renan/Desktop/teste/nmp_axi4l_ip 
INFO: [HLS 200-1505] Using default flow_target 'vivado'
Resolution: For help on HLS 200-1505 see docs.xilinx.com/access/sources/dita/topic?Doc_Version=2024.1%20English&url=ug1448-hls-guidance&resourceid=200-1505.html
INFO: [HLS 200-1465] Applying ini 'syn.file=C:\Users\renan\Desktop\teste\assert.h' from C:/Users/renan/Desktop/teste/hls_config.cfg(9)
INFO: [HLS 200-10] Adding design file 'C:/Users/renan/Desktop/teste/assert.h' to the project
INFO: [HLS 200-1465] Applying ini 'syn.file=C:\Users\renan\Desktop\teste\axi4_lite.h' from C:/Users/renan/Desktop/teste/hls_config.cfg(10)
INFO: [HLS 200-10] Adding design file 'C:/Users/renan/Desktop/teste/axi4_lite.h' to the project
INFO: [HLS 200-1465] Applying ini 'syn.file=C:\Users\renan\Desktop\teste\bram.cpp' from C:/Users/renan/Desktop/teste/hls_config.cfg(11)
INFO: [HLS 200-10] Adding design file 'C:/Users/renan/Desktop/teste/bram.cpp' to the project
INFO: [HLS 200-1465] Applying ini 'syn.file=C:\Users\renan\Desktop\teste\nmp_axi4l_ip.cpp' from C:/Users/renan/Desktop/teste/hls_config.cfg(12)
INFO: [HLS 200-10] Adding design file 'C:/Users/renan/Desktop/teste/nmp_axi4l_ip.cpp' to the project
INFO: [HLS 200-1465] Applying ini 'syn.file=C:\Users\renan\Desktop\teste\skidbuffer.cpp' from C:/Users/renan/Desktop/teste/hls_config.cfg(13)
INFO: [HLS 200-10] Adding design file 'C:/Users/renan/Desktop/teste/skidbuffer.cpp' to the project
INFO: [HLS 200-1465] Applying ini 'tb.file=C:\Users\renan\Desktop\teste\bram_tb.cpp' from C:/Users/renan/Desktop/teste/hls_config.cfg(14)
INFO: [HLS 200-10] Adding test bench file 'C:/Users/renan/Desktop/teste/bram_tb.cpp' to the project
INFO: [HLS 200-1465] Applying ini 'tb.file=C:\Users\renan\Desktop\teste\nmp_axi4l_ip_tb.cpp' from C:/Users/renan/Desktop/teste/hls_config.cfg(15)
INFO: [HLS 200-10] Adding test bench file 'C:/Users/renan/Desktop/teste/nmp_axi4l_ip_tb.cpp' to the project
INFO: [HLS 200-1465] Applying ini 'tb.file=C:\Users\renan\Desktop\teste\skidbuffer_tb.cpp' from C:/Users/renan/Desktop/teste/hls_config.cfg(16)
INFO: [HLS 200-10] Adding test bench file 'C:/Users/renan/Desktop/teste/skidbuffer_tb.cpp' to the project
INFO: [HLS 200-1465] Applying ini 'syn.top=nmp_axi4l_ip' from C:/Users/renan/Desktop/teste/hls_config.cfg(7)
INFO: [HLS 200-1465] Applying ini 'flow_target=vivado' from C:/Users/renan/Desktop/teste/hls_config.cfg(4)
INFO: [HLS 200-1505] Using flow_target 'vivado'
Resolution: For help on HLS 200-1505 see docs.xilinx.com/access/sources/dita/topic?Doc_Version=2024.1%20English&url=ug1448-hls-guidance&resourceid=200-1505.html
INFO: [HLS 200-1465] Applying ini 'part=xc7z007sclg225-2' from C:/Users/renan/Desktop/teste/hls_config.cfg(1)
INFO: [HLS 200-1611] Setting target device to 'xc7z007s-clg225-2'
INFO: [HLS 200-1465] Applying ini 'clock=10ns' from C:/Users/renan/Desktop/teste/hls_config.cfg(8)
INFO: [SYN 201-201] Setting up clock 'default' with a period of 10ns.
INFO: [HLS 200-1465] Applying ini 'package.output.format=ip_catalog' from C:/Users/renan/Desktop/teste/hls_config.cfg(5)
INFO: [SIM 211-2] *************** CSIM start ***************
INFO: [SIM 211-4] CSIM will launch CLANG as the compiler.
INFO: [HLS 200-2036] Building debug C Simulation binaries
make: *** No rule to make target '../../../../../../Documents/Processadores/Processadores/hls_interface/skidbuffer_tb.cpp', needed by 'obj/skidbuffer_tb.o'.  Stop.
ERROR: [SIM 211-100] 'csim_design' failed: compilation error(s).
INFO: [SIM 211-3] *************** CSIM finish ***************
ERROR: 4
INFO: [HLS 200-112] Total CPU user time: 2 seconds. Total CPU system time: 1 seconds. Total elapsed time: 2.746 seconds; peak allocated memory: 175.898 MB.
