INFO: [v++ 60-1548] Creating build summary session with primary output C:/Users/renan/Desktop/teste/nmp_axi4l_ip\nmp_axi4l_ip.hlscompile_summary, at 08/06/24 14:25:53
INFO: [v++ 82-31] Launching vitis_hls: vitis_hls -nolog -run csynth -work_dir C:/Users/renan/Desktop/teste/nmp_axi4l_ip -config C:/Users/renan/Desktop/teste/hls_config.cfg -cmdlineconfig C:/Users/renan/Desktop/teste/nmp_axi4l_ip/hls/config.cmdline
INFO: [HLS 200-10] For user 'renan' on host 'desktop-k5rpcpk' (Windows NT_amd64 version 10.0) on Tue Aug 06 14:25:56 -0300 2024
INFO: [HLS 200-10] In directory 'C:/Users/renan/Desktop/teste'
INFO: [HLS 200-2005] Using work_dir C:/Users/renan/Desktop/teste/nmp_axi4l_ip 
INFO: [HLS 200-1505] Using default flow_target 'vivado'
Resolution: For help on HLS 200-1505 see docs.xilinx.com/access/sources/dita/topic?Doc_Version=2024.1%20English&url=ug1448-hls-guidance&resourceid=200-1505.html
INFO: [HLS 200-1465] Applying ini 'syn.file=C:\Users\renan\Desktop\teste\nmp_axi4l_ip.cpp' from C:/Users/renan/Desktop/teste/hls_config.cfg(13)
INFO: [HLS 200-10] Adding design file 'C:/Users/renan/Desktop/teste/nmp_axi4l_ip.cpp' to the project
INFO: [HLS 200-1465] Applying ini 'syn.file=nmp_axi4l_ip.h' from C:/Users/renan/Desktop/teste/hls_config.cfg(14)
INFO: [HLS 200-10] Adding design file 'C:/Users/renan/Desktop/teste/nmp_axi4l_ip.h' to the project
INFO: [HLS 200-1465] Applying ini 'syn.file=C:\Users\renan\Desktop\teste\bram.cpp' from C:/Users/renan/Desktop/teste/hls_config.cfg(15)
INFO: [HLS 200-10] Adding design file 'C:/Users/renan/Desktop/teste/bram.cpp' to the project
INFO: [HLS 200-1465] Applying ini 'syn.file=bram.h' from C:/Users/renan/Desktop/teste/hls_config.cfg(16)
INFO: [HLS 200-10] Adding design file 'C:/Users/renan/Desktop/teste/bram.h' to the project
INFO: [HLS 200-1465] Applying ini 'tb.file=C:\Users\renan\Desktop\teste\nmp_axi4l_ip_tb.cpp' from C:/Users/renan/Desktop/teste/hls_config.cfg(12)
INFO: [HLS 200-10] Adding test bench file 'C:/Users/renan/Desktop/teste/nmp_axi4l_ip_tb.cpp' to the project
INFO: [HLS 200-1465] Applying ini 'syn.top=nmp_axi4l_ip' from C:/Users/renan/Desktop/teste/hls_config.cfg(7)
INFO: [HLS 200-1465] Applying ini 'flow_target=vivado' from C:/Users/renan/Desktop/teste/hls_config.cfg(4)
INFO: [HLS 200-1505] Using flow_target 'vivado'
Resolution: For help on HLS 200-1505 see docs.xilinx.com/access/sources/dita/topic?Doc_Version=2024.1%20English&url=ug1448-hls-guidance&resourceid=200-1505.html
INFO: [HLS 200-1465] Applying ini 'part=xc7z020clg484-1' from C:/Users/renan/Desktop/teste/hls_config.cfg(1)
INFO: [HLS 200-1611] Setting target device to 'xc7z020-clg484-1'
INFO: [HLS 200-1465] Applying ini 'clock=10ns' from C:/Users/renan/Desktop/teste/hls_config.cfg(8)
INFO: [SYN 201-201] Setting up clock 'default' with a period of 10ns.
INFO: [HLS 200-1465] Applying ini 'csim.clean=1' from C:/Users/renan/Desktop/teste/hls_config.cfg(11)
INFO: [HLS 200-1465] Applying ini 'csim.code_analyzer=0' from C:/Users/renan/Desktop/teste/hls_config.cfg(10)
INFO: [HLS 200-1465] Applying ini 'package.output.format=ip_catalog' from C:/Users/renan/Desktop/teste/hls_config.cfg(5)
INFO: [HLS 200-1465] Applying ini 'sim.O=0' from C:/Users/renan/Desktop/teste/hls_config.cfg(9)
INFO: [HLS 200-111] Finished File checks and directory preparation: CPU user time: 2 seconds. CPU system time: 0 seconds. Elapsed time: 2.648 seconds; current allocated memory: 174.848 MB.
INFO: [HLS 200-10] Analyzing design file 'bram.cpp' ... 
INFO: [HLS 200-10] Analyzing design file 'nmp_axi4l_ip.cpp' ... 
INFO: [HLS 200-111] Finished Source Code Analysis and Preprocessing: CPU user time: 0 seconds. CPU system time: 0 seconds. Elapsed time: 10.121 seconds; current allocated memory: 177.848 MB.
INFO: [HLS 200-777] Using interface defaults for 'Vivado' flow target.
INFO: [HLS 200-1995] There were 505 instructions in the design after the 'Compile/Link' phase of compilation. See the Design Size Report for more details: C:/Users/renan/Desktop/teste/nmp_axi4l_ip/hls/syn/report/csynth_design_size.rpt
INFO: [HLS 200-1995] There were 127 instructions in the design after the 'Unroll/Inline (step 1)' phase of compilation. See the Design Size Report for more details: C:/Users/renan/Desktop/teste/nmp_axi4l_ip/hls/syn/report/csynth_design_size.rpt
INFO: [HLS 200-1995] There were 125 instructions in the design after the 'Unroll/Inline (step 2)' phase of compilation. See the Design Size Report for more details: C:/Users/renan/Desktop/teste/nmp_axi4l_ip/hls/syn/report/csynth_design_size.rpt
INFO: [HLS 200-1995] There were 123 instructions in the design after the 'Unroll/Inline (step 3)' phase of compilation. See the Design Size Report for more details: C:/Users/renan/Desktop/teste/nmp_axi4l_ip/hls/syn/report/csynth_design_size.rpt
INFO: [HLS 200-1995] There were 117 instructions in the design after the 'Unroll/Inline (step 4)' phase of compilation. See the Design Size Report for more details: C:/Users/renan/Desktop/teste/nmp_axi4l_ip/hls/syn/report/csynth_design_size.rpt
INFO: [HLS 200-1995] There were 96 instructions in the design after the 'Array/Struct (step 1)' phase of compilation. See the Design Size Report for more details: C:/Users/renan/Desktop/teste/nmp_axi4l_ip/hls/syn/report/csynth_design_size.rpt
INFO: [HLS 200-1995] There were 96 instructions in the design after the 'Array/Struct (step 2)' phase of compilation. See the Design Size Report for more details: C:/Users/renan/Desktop/teste/nmp_axi4l_ip/hls/syn/report/csynth_design_size.rpt
INFO: [HLS 200-1995] There were 96 instructions in the design after the 'Array/Struct (step 3)' phase of compilation. See the Design Size Report for more details: C:/Users/renan/Desktop/teste/nmp_axi4l_ip/hls/syn/report/csynth_design_size.rpt
INFO: [HLS 200-1995] There were 96 instructions in the design after the 'Array/Struct (step 4)' phase of compilation. See the Design Size Report for more details: C:/Users/renan/Desktop/teste/nmp_axi4l_ip/hls/syn/report/csynth_design_size.rpt
INFO: [HLS 200-1995] There were 96 instructions in the design after the 'Array/Struct (step 5)' phase of compilation. See the Design Size Report for more details: C:/Users/renan/Desktop/teste/nmp_axi4l_ip/hls/syn/report/csynth_design_size.rpt
INFO: [HLS 200-1995] There were 96 instructions in the design after the 'Performance (step 1)' phase of compilation. See the Design Size Report for more details: C:/Users/renan/Desktop/teste/nmp_axi4l_ip/hls/syn/report/csynth_design_size.rpt
INFO: [HLS 200-1995] There were 96 instructions in the design after the 'Performance (step 2)' phase of compilation. See the Design Size Report for more details: C:/Users/renan/Desktop/teste/nmp_axi4l_ip/hls/syn/report/csynth_design_size.rpt
INFO: [HLS 200-1995] There were 96 instructions in the design after the 'Performance (step 3)' phase of compilation. See the Design Size Report for more details: C:/Users/renan/Desktop/teste/nmp_axi4l_ip/hls/syn/report/csynth_design_size.rpt
INFO: [HLS 200-1995] There were 96 instructions in the design after the 'Performance (step 4)' phase of compilation. See the Design Size Report for more details: C:/Users/renan/Desktop/teste/nmp_axi4l_ip/hls/syn/report/csynth_design_size.rpt
INFO: [HLS 200-1995] There were 122 instructions in the design after the 'HW Transforms (step 1)' phase of compilation. See the Design Size Report for more details: C:/Users/renan/Desktop/teste/nmp_axi4l_ip/hls/syn/report/csynth_design_size.rpt
INFO: [HLS 200-1995] There were 121 instructions in the design after the 'HW Transforms (step 2)' phase of compilation. See the Design Size Report for more details: C:/Users/renan/Desktop/teste/nmp_axi4l_ip/hls/syn/report/csynth_design_size.rpt
INFO: [HLS 200-111] Finished Compiling Optimization and Transform: CPU user time: 0 seconds. CPU system time: 1 seconds. Elapsed time: 8.609 seconds; current allocated memory: 178.992 MB.
INFO: [HLS 200-111] Finished Checking Pragmas: CPU user time: 0 seconds. CPU system time: 0 seconds. Elapsed time: 0.003 seconds; current allocated memory: 178.992 MB.
INFO: [HLS 200-10] Starting code transformations ...
INFO: [HLS 200-111] Finished Standard Transforms: CPU user time: 0 seconds. CPU system time: 0 seconds. Elapsed time: 0.173 seconds; current allocated memory: 183.535 MB.
INFO: [HLS 200-10] Checking synthesizability ...
INFO: [HLS 200-111] Finished Checking Synthesizability: CPU user time: 0 seconds. CPU system time: 0 seconds. Elapsed time: 0.045 seconds; current allocated memory: 185.270 MB.
INFO: [XFORM 203-401] Performing if-conversion on hyperblock from (nmp_axi4l_ip.cpp:57:21) to (nmp_axi4l_ip.cpp:74:20) in function 'nmp_axi4l_ip'... converting 7 basic blocks.
INFO: [HLS 200-111] Finished Loop, function and other optimizations: CPU user time: 0 seconds. CPU system time: 0 seconds. Elapsed time: 0.092 seconds; current allocated memory: 206.441 MB.
INFO: [HLS 200-111] Finished Architecture Synthesis: CPU user time: 0 seconds. CPU system time: 0 seconds. Elapsed time: 0.085 seconds; current allocated memory: 206.457 MB.
INFO: [HLS 200-10] Starting hardware synthesis ...
INFO: [HLS 200-10] Synthesizing 'nmp_axi4l_ip' ...
INFO: [HLS 200-10] ----------------------------------------------------------------
INFO: [HLS 200-42] -- Implementing module 'nmp_axi4l_ip' 
INFO: [HLS 200-10] ----------------------------------------------------------------
INFO: [SCHED 204-11] Starting scheduling ...
INFO: [SCHED 204-11] Finished scheduling.
INFO: [HLS 200-111] Finished Scheduling: CPU user time: 0 seconds. CPU system time: 0 seconds. Elapsed time: 0.21 seconds; current allocated memory: 206.457 MB.
INFO: [BIND 205-100] Starting micro-architecture generation ...
INFO: [BIND 205-101] Performing variable lifetime analysis.
INFO: [BIND 205-101] Exploring resource sharing.
INFO: [BIND 205-101] Binding ...
INFO: [BIND 205-100] Finished micro-architecture generation.
INFO: [HLS 200-111] Finished Binding: CPU user time: 0 seconds. CPU system time: 0 seconds. Elapsed time: 0.083 seconds; current allocated memory: 206.457 MB.
INFO: [HLS 200-10] ----------------------------------------------------------------
INFO: [HLS 200-10] -- Generating RTL for module 'nmp_axi4l_ip' 
INFO: [HLS 200-10] ----------------------------------------------------------------
WARNING: [RTGEN 206-101] Design contains AXI ports. Reset is fixed to synchronous and active low.
INFO: [RTGEN 206-500] Setting interface mode on port 'nmp_axi4l_ip/awaddr' to 's_axilite & ap_none'.
INFO: [RTGEN 206-500] Setting interface mode on port 'nmp_axi4l_ip/awvalid' to 's_axilite & ap_none'.
INFO: [RTGEN 206-500] Setting interface mode on port 'nmp_axi4l_ip/awready' to 's_axilite & ap_ovld'.
INFO: [RTGEN 206-500] Setting interface mode on port 'nmp_axi4l_ip/wdata' to 's_axilite & ap_none'.
INFO: [RTGEN 206-500] Setting interface mode on port 'nmp_axi4l_ip/wvalid' to 's_axilite & ap_none'.
INFO: [RTGEN 206-500] Setting interface mode on port 'nmp_axi4l_ip/wready' to 's_axilite & ap_ovld'.
INFO: [RTGEN 206-500] Setting interface mode on port 'nmp_axi4l_ip/bvalid' to 's_axilite & ap_ovld'.
INFO: [RTGEN 206-500] Setting interface mode on port 'nmp_axi4l_ip/araddr' to 's_axilite & ap_none'.
INFO: [RTGEN 206-500] Setting interface mode on port 'nmp_axi4l_ip/arvalid' to 's_axilite & ap_none'.
INFO: [RTGEN 206-500] Setting interface mode on port 'nmp_axi4l_ip/arready' to 's_axilite & ap_ovld'.
INFO: [RTGEN 206-500] Setting interface mode on port 'nmp_axi4l_ip/rdata' to 's_axilite & ap_vld'.
INFO: [RTGEN 206-500] Setting interface mode on port 'nmp_axi4l_ip/rvalid' to 's_axilite & ap_ovld'.
INFO: [RTGEN 206-500] Setting interface mode on port 'nmp_axi4l_ip/clk' to 's_axilite & ap_none'.
INFO: [RTGEN 206-500] Setting interface mode on port 'nmp_axi4l_ip/rst_n' to 's_axilite & ap_none'.
INFO: [RTGEN 206-500] Setting interface mode on function 'nmp_axi4l_ip' to 'ap_ctrl_none'.
WARNING: [RTGEN 206-101] Register 'compute_idx' is power-on initialization.
INFO: [RTGEN 206-100] Bundling port 'awaddr', 'awvalid', 'awready', 'wdata', 'wvalid', 'wready', 'bvalid', 'araddr', 'arvalid', 'arready', 'rdata', 'rvalid', 'clk' and 'rst_n' to AXI-Lite port control.
WARNING: [RTGEN 206-101] RTL name 'awaddr' is changed to 'awaddr_x' due to conflict.
WARNING: [RTGEN 206-101] RTL name 'awvalid' is changed to 'awvalid_x' due to conflict.
WARNING: [RTGEN 206-101] RTL name 'wdata' is changed to 'wdata_x' due to conflict.
WARNING: [RTGEN 206-101] RTL name 'wvalid' is changed to 'wvalid_x' due to conflict.
WARNING: [RTGEN 206-101] RTL name 'araddr' is changed to 'araddr_x' due to conflict.
WARNING: [RTGEN 206-101] RTL name 'arvalid' is changed to 'arvalid_x' due to conflict.
WARNING: [RTGEN 206-101] RTL name 'rdata' is changed to 'rdata_x' due to conflict.
INFO: [RTGEN 206-100] Finished creating RTL model for 'nmp_axi4l_ip'.
INFO: [HLS 200-111] Finished Creating RTL model: CPU user time: 0 seconds. CPU system time: 0 seconds. Elapsed time: 1.376 seconds; current allocated memory: 206.457 MB.
INFO: [HLS 200-111] Finished Generating all RTL models: CPU user time: 0 seconds. CPU system time: 0 seconds. Elapsed time: 0.401 seconds; current allocated memory: 211.406 MB.
INFO: [HLS 200-111] Finished Updating report files: CPU user time: 0 seconds. CPU system time: 0 seconds. Elapsed time: 1.01 seconds; current allocated memory: 215.152 MB.
INFO: [VHDL 208-304] Generating VHDL RTL for nmp_axi4l_ip.
INFO: [VLOG 209-307] Generating Verilog RTL for nmp_axi4l_ip.
INFO: [HLS 200-789] **** Estimated Fmax: 179.66 MHz
INFO: [HLS 200-112] Total CPU user time: 2 seconds. Total CPU system time: 1 seconds. Total elapsed time: 24.995 seconds; peak allocated memory: 215.469 MB.
INFO: [v++ 60-791] Total elapsed time: 0h 0m 29s
