INFO: [v++ 60-1548] Creating build summary session with primary output C:/Users/renan/Desktop/teste/nmp_axi4l_ip\nmp_axi4l_ip.hlscompile_summary, at 08/06/24 11:11:47
INFO: [v++ 82-31] Launching vitis_hls: vitis_hls -nolog -run csynth -work_dir C:/Users/renan/Desktop/teste/nmp_axi4l_ip -config C:/Users/renan/Desktop/teste/hls_config.cfg -cmdlineconfig C:/Users/renan/Desktop/teste/nmp_axi4l_ip/hls/config.cmdline
INFO: [HLS 200-10] For user 'renan' on host 'desktop-k5rpcpk' (Windows NT_amd64 version 10.0) on Tue Aug 06 11:11:49 -0300 2024
INFO: [HLS 200-10] In directory 'C:/Users/renan/Desktop/teste'
INFO: [HLS 200-2005] Using work_dir C:/Users/renan/Desktop/teste/nmp_axi4l_ip 
INFO: [HLS 200-1505] Using default flow_target 'vivado'
Resolution: For help on HLS 200-1505 see docs.xilinx.com/access/sources/dita/topic?Doc_Version=2024.1%20English&url=ug1448-hls-guidance&resourceid=200-1505.html
INFO: [HLS 200-1465] Applying ini 'syn.file=C:\Users\renan\Desktop\teste\assert.h' from C:/Users/renan/Desktop/teste/hls_config.cfg(9)
INFO: [HLS 200-10] Adding design file 'C:/Users/renan/Desktop/teste/assert.h' to the project
INFO: [HLS 200-1465] Applying ini 'syn.file=C:\Users\renan\Desktop\teste\axi4_lite.h' from C:/Users/renan/Desktop/teste/hls_config.cfg(10)
INFO: [HLS 200-10] Adding design file 'C:/Users/renan/Desktop/teste/axi4_lite.h' to the project
INFO: [HLS 200-1465] Applying ini 'syn.file=C:\Users\renan\Desktop\teste\bram.cpp' from C:/Users/renan/Desktop/teste/hls_config.cfg(11)
INFO: [HLS 200-10] Adding design file 'C:/Users/renan/Desktop/teste/bram.cpp' to the project
INFO: [HLS 200-1465] Applying ini 'syn.file=C:\Users\renan\Desktop\teste\nmp_axi4l_ip.cpp' from C:/Users/renan/Desktop/teste/hls_config.cfg(12)
INFO: [HLS 200-10] Adding design file 'C:/Users/renan/Desktop/teste/nmp_axi4l_ip.cpp' to the project
INFO: [HLS 200-1465] Applying ini 'syn.file=C:\Users\renan\Desktop\teste\skidbuffer.cpp' from C:/Users/renan/Desktop/teste/hls_config.cfg(13)
INFO: [HLS 200-10] Adding design file 'C:/Users/renan/Desktop/teste/skidbuffer.cpp' to the project
INFO: [HLS 200-1465] Applying ini 'tb.file=C:\Users\renan\Desktop\teste\nmp_axi4l_ip_tb.cpp' from C:/Users/renan/Desktop/teste/hls_config.cfg(16)
INFO: [HLS 200-10] Adding test bench file 'C:/Users/renan/Desktop/teste/nmp_axi4l_ip_tb.cpp' to the project
INFO: [HLS 200-1465] Applying ini 'syn.top=nmp_axi4l_ip' from C:/Users/renan/Desktop/teste/hls_config.cfg(7)
INFO: [HLS 200-1465] Applying ini 'flow_target=vivado' from C:/Users/renan/Desktop/teste/hls_config.cfg(4)
INFO: [HLS 200-1505] Using flow_target 'vivado'
Resolution: For help on HLS 200-1505 see docs.xilinx.com/access/sources/dita/topic?Doc_Version=2024.1%20English&url=ug1448-hls-guidance&resourceid=200-1505.html
INFO: [HLS 200-1465] Applying ini 'part=xc7z007sclg225-2' from C:/Users/renan/Desktop/teste/hls_config.cfg(1)
INFO: [HLS 200-1611] Setting target device to 'xc7z007s-clg225-2'
INFO: [HLS 200-1465] Applying ini 'clock=10ns' from C:/Users/renan/Desktop/teste/hls_config.cfg(8)
INFO: [SYN 201-201] Setting up clock 'default' with a period of 10ns.
INFO: [HLS 200-1465] Applying ini 'csim.clean=1' from C:/Users/renan/Desktop/teste/hls_config.cfg(17)
INFO: [HLS 200-1465] Applying ini 'csim.code_analyzer=1' from C:/Users/renan/Desktop/teste/hls_config.cfg(15)
INFO: [HLS 200-1465] Applying ini 'package.output.format=ip_catalog' from C:/Users/renan/Desktop/teste/hls_config.cfg(5)
INFO: [HLS 200-1465] Applying ini 'sim.O=0' from C:/Users/renan/Desktop/teste/hls_config.cfg(14)
INFO: [HLS 200-111] Finished File checks and directory preparation: CPU user time: 2 seconds. CPU system time: 0 seconds. Elapsed time: 2.562 seconds; current allocated memory: 174.957 MB.
INFO: [HLS 200-10] Analyzing design file 'skidbuffer.cpp' ... 
INFO: [HLS 200-10] Analyzing design file 'nmp_axi4l_ip.cpp' ... 
INFO: [HLS 200-10] Analyzing design file 'bram.cpp' ... 
INFO: [HLS 200-111] Finished Source Code Analysis and Preprocessing: CPU user time: 0 seconds. CPU system time: 1 seconds. Elapsed time: 11.524 seconds; current allocated memory: 177.957 MB.
INFO: [HLS 200-777] Using interface defaults for 'Vivado' flow target.
INFO: [HLS 200-1995] There were 379 instructions in the design after the 'Compile/Link' phase of compilation. See the Design Size Report for more details: C:/Users/renan/Desktop/teste/nmp_axi4l_ip/hls/syn/report/csynth_design_size.rpt
INFO: [HLS 200-1995] There were 106 instructions in the design after the 'Unroll/Inline (step 1)' phase of compilation. See the Design Size Report for more details: C:/Users/renan/Desktop/teste/nmp_axi4l_ip/hls/syn/report/csynth_design_size.rpt
INFO: [HLS 200-1995] There were 105 instructions in the design after the 'Unroll/Inline (step 2)' phase of compilation. See the Design Size Report for more details: C:/Users/renan/Desktop/teste/nmp_axi4l_ip/hls/syn/report/csynth_design_size.rpt
INFO: [HLS 200-1995] There were 102 instructions in the design after the 'Unroll/Inline (step 3)' phase of compilation. See the Design Size Report for more details: C:/Users/renan/Desktop/teste/nmp_axi4l_ip/hls/syn/report/csynth_design_size.rpt
INFO: [HLS 200-1995] There were 100 instructions in the design after the 'Unroll/Inline (step 4)' phase of compilation. See the Design Size Report for more details: C:/Users/renan/Desktop/teste/nmp_axi4l_ip/hls/syn/report/csynth_design_size.rpt
INFO: [HLS 200-1995] There were 100 instructions in the design after the 'Array/Struct (step 1)' phase of compilation. See the Design Size Report for more details: C:/Users/renan/Desktop/teste/nmp_axi4l_ip/hls/syn/report/csynth_design_size.rpt
INFO: [HLS 200-1995] There were 100 instructions in the design after the 'Array/Struct (step 2)' phase of compilation. See the Design Size Report for more details: C:/Users/renan/Desktop/teste/nmp_axi4l_ip/hls/syn/report/csynth_design_size.rpt
INFO: [HLS 200-1995] There were 100 instructions in the design after the 'Array/Struct (step 3)' phase of compilation. See the Design Size Report for more details: C:/Users/renan/Desktop/teste/nmp_axi4l_ip/hls/syn/report/csynth_design_size.rpt
INFO: [HLS 200-1995] There were 100 instructions in the design after the 'Array/Struct (step 4)' phase of compilation. See the Design Size Report for more details: C:/Users/renan/Desktop/teste/nmp_axi4l_ip/hls/syn/report/csynth_design_size.rpt
INFO: [HLS 200-1995] There were 100 instructions in the design after the 'Array/Struct (step 5)' phase of compilation. See the Design Size Report for more details: C:/Users/renan/Desktop/teste/nmp_axi4l_ip/hls/syn/report/csynth_design_size.rpt
INFO: [HLS 200-1995] There were 100 instructions in the design after the 'Performance (step 1)' phase of compilation. See the Design Size Report for more details: C:/Users/renan/Desktop/teste/nmp_axi4l_ip/hls/syn/report/csynth_design_size.rpt
INFO: [HLS 200-1995] There were 100 instructions in the design after the 'Performance (step 2)' phase of compilation. See the Design Size Report for more details: C:/Users/renan/Desktop/teste/nmp_axi4l_ip/hls/syn/report/csynth_design_size.rpt
INFO: [HLS 200-1995] There were 100 instructions in the design after the 'Performance (step 3)' phase of compilation. See the Design Size Report for more details: C:/Users/renan/Desktop/teste/nmp_axi4l_ip/hls/syn/report/csynth_design_size.rpt
INFO: [HLS 200-1995] There were 100 instructions in the design after the 'Performance (step 4)' phase of compilation. See the Design Size Report for more details: C:/Users/renan/Desktop/teste/nmp_axi4l_ip/hls/syn/report/csynth_design_size.rpt
INFO: [HLS 200-1995] There were 125 instructions in the design after the 'HW Transforms (step 1)' phase of compilation. See the Design Size Report for more details: C:/Users/renan/Desktop/teste/nmp_axi4l_ip/hls/syn/report/csynth_design_size.rpt
INFO: [HLS 200-1995] There were 130 instructions in the design after the 'HW Transforms (step 2)' phase of compilation. See the Design Size Report for more details: C:/Users/renan/Desktop/teste/nmp_axi4l_ip/hls/syn/report/csynth_design_size.rpt
INFO: [HLS 214-376] automatically set the pipeline for Loop< VITIS_LOOP_78_1> at nmp_axi4l_ip.cpp:78:30 
INFO: [HLS 200-111] Finished Compiling Optimization and Transform: CPU user time: 0 seconds. CPU system time: 0 seconds. Elapsed time: 7.834 seconds; current allocated memory: 179.652 MB.
INFO: [HLS 200-111] Finished Checking Pragmas: CPU user time: 0 seconds. CPU system time: 0 seconds. Elapsed time: 0.005 seconds; current allocated memory: 179.652 MB.
INFO: [HLS 200-10] Starting code transformations ...
INFO: [HLS 200-111] Finished Standard Transforms: CPU user time: 0 seconds. CPU system time: 0 seconds. Elapsed time: 0.035 seconds; current allocated memory: 184.227 MB.
INFO: [HLS 200-10] Checking synthesizability ...
INFO: [HLS 200-111] Finished Checking Synthesizability: CPU user time: 0 seconds. CPU system time: 0 seconds. Elapsed time: 0.025 seconds; current allocated memory: 186.266 MB.
INFO: [XFORM 203-401] Performing if-conversion on hyperblock from (nmp_axi4l_ip.cpp:53:21) to (nmp_axi4l_ip.cpp:59:20) in function 'nmp_axi4l_ip'... converting 4 basic blocks.
INFO: [HLS 200-111] Finished Loop, function and other optimizations: CPU user time: 0 seconds. CPU system time: 0 seconds. Elapsed time: 0.067 seconds; current allocated memory: 208.125 MB.
INFO: [HLS 200-111] Finished Architecture Synthesis: CPU user time: 0 seconds. CPU system time: 0 seconds. Elapsed time: 0.063 seconds; current allocated memory: 211.160 MB.
INFO: [HLS 200-10] Starting hardware synthesis ...
INFO: [HLS 200-10] Synthesizing 'nmp_axi4l_ip' ...
WARNING: [SYN 201-303] Cannot apply memory assignment of 'RAM_1P_BRAM' (nmp_axi4l_ip.cpp:41): 'regfile_b' does not exist or is optimized away.
INFO: [HLS 200-10] ----------------------------------------------------------------
INFO: [HLS 200-42] -- Implementing module 'nmp_axi4l_ip_Pipeline_VITIS_LOOP_78_1' 
INFO: [HLS 200-10] ----------------------------------------------------------------
INFO: [SCHED 204-11] Starting scheduling ...
INFO: [SCHED 204-61] Pipelining loop 'VITIS_LOOP_78_1'.
INFO: [HLS 200-1470] Pipelining result : Target II = NA, Final II = 1, Depth = 2, loop 'VITIS_LOOP_78_1'
INFO: [SCHED 204-11] Finished scheduling.
INFO: [HLS 200-111] Finished Scheduling: CPU user time: 0 seconds. CPU system time: 0 seconds. Elapsed time: 0.125 seconds; current allocated memory: 215.066 MB.
INFO: [BIND 205-100] Starting micro-architecture generation ...
INFO: [BIND 205-101] Performing variable lifetime analysis.
INFO: [BIND 205-101] Exploring resource sharing.
INFO: [BIND 205-101] Binding ...
INFO: [BIND 205-100] Finished micro-architecture generation.
INFO: [HLS 200-111] Finished Binding: CPU user time: 0 seconds. CPU system time: 0 seconds. Elapsed time: 0.044 seconds; current allocated memory: 216.234 MB.
INFO: [HLS 200-10] ----------------------------------------------------------------
INFO: [HLS 200-42] -- Implementing module 'nmp_axi4l_ip' 
INFO: [HLS 200-10] ----------------------------------------------------------------
INFO: [SCHED 204-11] Starting scheduling ...
INFO: [SCHED 204-11] Finished scheduling.
INFO: [HLS 200-111] Finished Scheduling: CPU user time: 0 seconds. CPU system time: 0 seconds. Elapsed time: 0.056 seconds; current allocated memory: 216.438 MB.
INFO: [BIND 205-100] Starting micro-architecture generation ...
INFO: [BIND 205-101] Performing variable lifetime analysis.
INFO: [BIND 205-101] Exploring resource sharing.
INFO: [BIND 205-101] Binding ...
INFO: [BIND 205-100] Finished micro-architecture generation.
INFO: [HLS 200-111] Finished Binding: CPU user time: 0 seconds. CPU system time: 0 seconds. Elapsed time: 0.057 seconds; current allocated memory: 216.574 MB.
INFO: [HLS 200-10] ----------------------------------------------------------------
INFO: [HLS 200-10] -- Generating RTL for module 'nmp_axi4l_ip_Pipeline_VITIS_LOOP_78_1' 
INFO: [HLS 200-10] ----------------------------------------------------------------
INFO: [HLS 200-1030] Apply Unified Pipeline Control on module 'nmp_axi4l_ip_Pipeline_VITIS_LOOP_78_1' pipeline 'VITIS_LOOP_78_1' pipeline type 'loop pipeline'
INFO: [RTGEN 206-100] Finished creating RTL model for 'nmp_axi4l_ip_Pipeline_VITIS_LOOP_78_1'.
INFO: [HLS 200-111] Finished Creating RTL model: CPU user time: 0 seconds. CPU system time: 0 seconds. Elapsed time: 0.062 seconds; current allocated memory: 218.152 MB.
INFO: [HLS 200-10] ----------------------------------------------------------------
INFO: [HLS 200-10] -- Generating RTL for module 'nmp_axi4l_ip' 
INFO: [HLS 200-10] ----------------------------------------------------------------
WARNING: [RTGEN 206-101] Design contains AXI ports. Reset is fixed to synchronous and active low.
INFO: [RTGEN 206-500] Setting interface mode on port 'nmp_axi4l_ip/awaddr' to 's_axilite & ap_none'.
INFO: [RTGEN 206-500] Setting interface mode on port 'nmp_axi4l_ip/awvalid' to 's_axilite & ap_none'.
INFO: [RTGEN 206-500] Setting interface mode on port 'nmp_axi4l_ip/awready' to 's_axilite & ap_ovld'.
INFO: [RTGEN 206-500] Setting interface mode on port 'nmp_axi4l_ip/wdata' to 's_axilite & ap_none'.
INFO: [RTGEN 206-500] Setting interface mode on port 'nmp_axi4l_ip/wvalid' to 's_axilite & ap_none'.
INFO: [RTGEN 206-500] Setting interface mode on port 'nmp_axi4l_ip/wready' to 's_axilite & ap_ovld'.
INFO: [RTGEN 206-500] Setting interface mode on port 'nmp_axi4l_ip/bvalid' to 's_axilite & ap_ovld'.
INFO: [RTGEN 206-500] Setting interface mode on port 'nmp_axi4l_ip/araddr' to 's_axilite & ap_none'.
INFO: [RTGEN 206-500] Setting interface mode on port 'nmp_axi4l_ip/arvalid' to 's_axilite & ap_none'.
INFO: [RTGEN 206-500] Setting interface mode on port 'nmp_axi4l_ip/arready' to 's_axilite & ap_ovld'.
INFO: [RTGEN 206-500] Setting interface mode on port 'nmp_axi4l_ip/rdata' to 's_axilite & ap_vld'.
INFO: [RTGEN 206-500] Setting interface mode on port 'nmp_axi4l_ip/rvalid' to 's_axilite & ap_ovld'.
INFO: [RTGEN 206-500] Setting interface mode on port 'nmp_axi4l_ip/clk' to 's_axilite & ap_none'.
INFO: [RTGEN 206-500] Setting interface mode on port 'nmp_axi4l_ip/rst_n' to 's_axilite & ap_none'.
INFO: [RTGEN 206-500] Setting interface mode on function 'nmp_axi4l_ip' to 'ap_ctrl_none'.
INFO: [RTGEN 206-100] Bundling port 'awaddr', 'awvalid', 'awready', 'wdata', 'wvalid', 'wready', 'bvalid', 'araddr', 'arvalid', 'arready', 'rdata', 'rvalid', 'clk' and 'rst_n' to AXI-Lite port control.
WARNING: [RTGEN 206-101] RTL name 'awaddr' is changed to 'awaddr_x' due to conflict.
WARNING: [RTGEN 206-101] RTL name 'awvalid' is changed to 'awvalid_x' due to conflict.
WARNING: [RTGEN 206-101] RTL name 'wdata' is changed to 'wdata_x' due to conflict.
WARNING: [RTGEN 206-101] RTL name 'wvalid' is changed to 'wvalid_x' due to conflict.
WARNING: [RTGEN 206-101] RTL name 'araddr' is changed to 'araddr_x' due to conflict.
WARNING: [RTGEN 206-101] RTL name 'arvalid' is changed to 'arvalid_x' due to conflict.
WARNING: [RTGEN 206-101] RTL name 'rdata' is changed to 'rdata_x' due to conflict.
INFO: [RTGEN 206-100] Finished creating RTL model for 'nmp_axi4l_ip'.
INFO: [RTMG 210-278] Implementing memory 'nmp_axi4l_ip_regfile_a_RAM_1P_BRAM_1R1W' using block RAMs.
INFO: [HLS 200-111] Finished Creating RTL model: CPU user time: 0 seconds. CPU system time: 0 seconds. Elapsed time: 1.635 seconds; current allocated memory: 219.918 MB.
INFO: [HLS 200-111] Finished Generating all RTL models: CPU user time: 0 seconds. CPU system time: 0 seconds. Elapsed time: 0.418 seconds; current allocated memory: 224.531 MB.
INFO: [HLS 200-111] Finished Updating report files: CPU user time: 1 seconds. CPU system time: 0 seconds. Elapsed time: 0.976 seconds; current allocated memory: 228.281 MB.
INFO: [VHDL 208-304] Generating VHDL RTL for nmp_axi4l_ip.
INFO: [VLOG 209-307] Generating Verilog RTL for nmp_axi4l_ip.
INFO: [HLS 200-790] **** Loop Constraint Status: All loop constraints were satisfied.
INFO: [HLS 200-789] **** Estimated Fmax: 180.44 MHz
INFO: [HLS 200-112] Total CPU user time: 3 seconds. Total CPU system time: 1 seconds. Total elapsed time: 27.115 seconds; peak allocated memory: 228.473 MB.
INFO: [v++ 60-791] Total elapsed time: 0h 0m 31s
