INFO: [vitis-run 60-1548] Creating build summary session with primary output C:/Users/renan/Desktop/teste/nmp_axi4l_ip\nmp_axi4l_ip.hlsrun_csim_summary, at 08/06/24 12:02:48
INFO: [vitis-run 82-31] Launching vitis_hls: vitis_hls -nolog -run csim -work_dir C:/Users/renan/Desktop/teste/nmp_axi4l_ip -config C:/Users/renan/Desktop/teste/hls_config.cfg -cmdlineconfig C:/Users/renan/Desktop/teste/nmp_axi4l_ip/hls/config.cmdline
INFO: [HLS 200-10] For user 'renan' on host 'desktop-k5rpcpk' (Windows NT_amd64 version 10.0) on Tue Aug 06 12:02:51 -0300 2024
INFO: [HLS 200-10] In directory 'C:/Users/renan/Desktop/teste'
INFO: [HLS 200-2005] Using work_dir C:/Users/renan/Desktop/teste/nmp_axi4l_ip 
INFO: [HLS 200-1505] Using default flow_target 'vivado'
Resolution: For help on HLS 200-1505 see docs.xilinx.com/access/sources/dita/topic?Doc_Version=2024.1%20English&url=ug1448-hls-guidance&resourceid=200-1505.html
WARNING: [HLS 200-2001] file not found 'skidbuffer.hh' see [hls] from C:/Users/renan/Desktop/teste/hls_config.cfg(13)
WARNING: [HLS 200-2001] file not found 'C:\Users\renan\Desktop\teste\skidbuffer.cpp' see [hls] from C:/Users/renan/Desktop/teste/hls_config.cfg(18)
INFO: [HLS 200-1465] Applying ini 'syn.file=C:\Users\renan\Desktop\teste\assert.h' from C:/Users/renan/Desktop/teste/hls_config.cfg(14)
INFO: [HLS 200-10] Adding design file 'C:/Users/renan/Desktop/teste/assert.h' to the project
INFO: [HLS 200-1465] Applying ini 'syn.file=C:\Users\renan\Desktop\teste\axi4_lite.h' from C:/Users/renan/Desktop/teste/hls_config.cfg(15)
INFO: [HLS 200-10] Adding design file 'C:/Users/renan/Desktop/teste/axi4_lite.h' to the project
INFO: [HLS 200-1465] Applying ini 'syn.file=C:\Users\renan\Desktop\teste\bram.cpp' from C:/Users/renan/Desktop/teste/hls_config.cfg(16)
INFO: [HLS 200-10] Adding design file 'C:/Users/renan/Desktop/teste/bram.cpp' to the project
INFO: [HLS 200-1465] Applying ini 'syn.file=C:\Users\renan\Desktop\teste\nmp_axi4l_ip.cpp' from C:/Users/renan/Desktop/teste/hls_config.cfg(17)
INFO: [HLS 200-10] Adding design file 'C:/Users/renan/Desktop/teste/nmp_axi4l_ip.cpp' to the project
INFO: [HLS 200-1465] Applying ini 'syn.file=C:\Users\renan\Desktop\teste\skidbuffer.cpp' from C:/Users/renan/Desktop/teste/hls_config.cfg(18)
WARNING: [HLS 200-40] Cannot find design file 'C:/Users/renan/Desktop/teste/skidbuffer.cpp'
INFO: [HLS 200-1465] Applying ini 'syn.file=C:\Users\renan\Desktop\teste\skidbuffer.h' from C:/Users/renan/Desktop/teste/hls_config.cfg(19)
INFO: [HLS 200-10] Adding design file 'C:/Users/renan/Desktop/teste/skidbuffer.h' to the project
INFO: [HLS 200-1465] Applying ini 'syn.file=nmp_axi4l_ip.h' from C:/Users/renan/Desktop/teste/hls_config.cfg(20)
INFO: [HLS 200-10] Adding design file 'C:/Users/renan/Desktop/teste/nmp_axi4l_ip.h' to the project
INFO: [HLS 200-1465] Applying ini 'tb.file=C:\Users\renan\Desktop\teste\nmp_axi4l_ip_tb.cpp' from C:/Users/renan/Desktop/teste/hls_config.cfg(12)
INFO: [HLS 200-10] Adding test bench file 'C:/Users/renan/Desktop/teste/nmp_axi4l_ip_tb.cpp' to the project
INFO: [HLS 200-1465] Applying ini 'tb.file=skidbuffer.hh' from C:/Users/renan/Desktop/teste/hls_config.cfg(13)
WARNING: [HLS 200-40] Cannot find test bench file 'skidbuffer.hh'
INFO: [HLS 200-1465] Applying ini 'syn.top=nmp_axi4l_ip' from C:/Users/renan/Desktop/teste/hls_config.cfg(7)
INFO: [HLS 200-1465] Applying ini 'flow_target=vivado' from C:/Users/renan/Desktop/teste/hls_config.cfg(4)
INFO: [HLS 200-1505] Using flow_target 'vivado'
Resolution: For help on HLS 200-1505 see docs.xilinx.com/access/sources/dita/topic?Doc_Version=2024.1%20English&url=ug1448-hls-guidance&resourceid=200-1505.html
INFO: [HLS 200-1465] Applying ini 'part=xc7z007sclg225-2' from C:/Users/renan/Desktop/teste/hls_config.cfg(1)
INFO: [HLS 200-1611] Setting target device to 'xc7z007s-clg225-2'
INFO: [HLS 200-1465] Applying ini 'clock=10ns' from C:/Users/renan/Desktop/teste/hls_config.cfg(8)
INFO: [SYN 201-201] Setting up clock 'default' with a period of 10ns.
INFO: [HLS 200-1465] Applying ini 'csim.clean=1' from C:/Users/renan/Desktop/teste/hls_config.cfg(11)
INFO: [HLS 200-1465] Applying ini 'csim.code_analyzer=1' from C:/Users/renan/Desktop/teste/hls_config.cfg(10)
INFO: [HLS 200-1465] Applying ini 'package.output.format=ip_catalog' from C:/Users/renan/Desktop/teste/hls_config.cfg(5)
INFO: [HLS 200-1465] Applying ini 'sim.O=0' from C:/Users/renan/Desktop/teste/hls_config.cfg(9)
WARNING: [HLS 200-1998] cannot find relative file path '../../skidbuffer.hh' in directory(s): C:/Users/renan/Desktop/teste/nmp_axi4l_ip/solution C:/Users/renan/Desktop/teste
INFO: [SIM 211-200] Executing Code Analyzer instead of classic HLS C simulation
INFO: [SIM 211-200] Cleaning
Traceback (most recent call last):
  File "C:\Xilinx\Vitis_HLS\2024.1\vcxx\libexec\slxcmd.py", line 38, in <module>
    sys.exit(slx.main.main())
  File "C:\Xilinx\Vitis_HLS\2024.1\vcxx\python\slx\main.py", line 130, in main
    return args.func(args)
  File "C:\Xilinx\Vitis_HLS\2024.1\vcxx\python\slx\buildmodel.py", line 275, in cmd_clean
    common.run(clean(ex_env))
  File "C:\Xilinx\Vitis_HLS\2024.1\vcxx\python\slx\common.py", line 49, in run
    return asyncio.get_event_loop().run_until_complete(coroutine)
  File "asyncio\base_events.py", line 649, in run_until_complete
  File "C:\Xilinx\Vitis_HLS\2024.1\vcxx\python\slx\buildmodel.py", line 62, in clean
    filesystem.rm_f(
  File "C:\Xilinx\Vitis_HLS\2024.1\vcxx\python\slx\filesystem.py", line 41, in rm_f
    shutil.rmtree(path)
  File "shutil.py", line 750, in rmtree
  File "shutil.py", line 620, in _rmtree_unsafe
  File "shutil.py", line 618, in _rmtree_unsafe
PermissionError: [WinError 32] O arquivo já está sendo usado por outro processo: 'C:\\Users\\renan\\Desktop\\teste\\nmp_axi4l_ip\\hls\\csim\\code_analyzer\\log\\xcd.log'
ERROR: [SIM 211-200] Code Analyzer execution failed. Consider running the classic C simulation instead by disabling the hls.csim.code_analyzer option in the config file.
ERROR: Problem running csim: child process exited abnormally
INFO: [HLS 200-112] Total CPU user time: 2 seconds. Total CPU system time: 1 seconds. Total elapsed time: 2.847 seconds; peak allocated memory: 174.488 MB.
