# 
# Steps log generated by v++
# This log file contains a collection of steps that describe the kernel compilation flow
# Note: Some steps are tagged as internal, these steps are for debugging purposes and 
#       are not expected to be able to run independently.
# 

# The following environment variables are set when running vitis-run
Environment variables :
------------------------------------------
ALLUSERSPROFILE=C:\ProgramData
APPDATA=C:\Users\renan\AppData\Roaming
arr.length=0
arr.Ubound=-1
AUTOESL_JAVA=C:/Xilinx/Vitis_HLS/2024.1/tps/win64/jre11.0.16_1/bin/java
AUTOESL_OS=Windows NT
AUTOESL_ROOT=C:/Xilinx/Vitis_HLS/2024.1
AUTOESL_VIVADO_HLS_VERSION=true
AUTOPILOT_CONFIG=C:/Xilinx/Vitis_HLS/2024.1/common/config
AUTOPILOT_MACH=C:/Xilinx/Vitis_HLS/2024.1/win64
AUTOPILOT_ROOT=C:/Xilinx/Vitis_HLS/2024.1
AUTOPILOT_TECH=C:/Xilinx/Vitis_HLS/2024.1/common/technology
AUTOPILOT_TOOL=C:/Xilinx/Vitis_HLS/2024.1/win64/tools
CHARPOP=1
CMAKE_OBJECT_PATH_MAX=4096
CommonProgramFiles=C:\Program Files\Common Files
CommonProgramFiles(x86)=C:\Program Files (x86)\Common Files
CommonProgramW6432=C:\Program Files\Common Files
COMPUTERNAME=DESKTOP-K5RPCPK
ComSpec=C:\WINDOWS\system32\cmd.exe
DriverData=C:\Windows\System32\Drivers\DriverData
EFC_5644=1
FPS_BROWSER_APP_PROFILE_STRING=Internet Explorer
FPS_BROWSER_USER_PROFILE_STRING=Default
GRAPHVIZ_DOT=C:/Xilinx/Vitis_HLS/2024.1/tps/win64/dot-2.28
HDI_APPROOT=C:/Xilinx/Vitis/2024.1
HDI_PROCESSOR=i686
HLS_INTERPRETER=C:\WINDOWS\SysWOW64\cmd.exe
HLS_LOG=vitis_hls.log
HLS_MODE=ide
HLS_NEEDLOG=0
HLS_OTHER_ARG=0
hls_root=C:/Xilinx/Vitis_HLS/2024.1
HLS_TERSE_OUTPUT=0
HLS_TMP_CMD=call "C:/Xilinx/Vitis_HLS/2024.1/bin/loader.bat" -exec vitis_hls 
HLS_VERSION=2024.1
HOME=C:\Users\renan
HOMEDRIVE=C:
HOMEPATH=\Users\renan
HW_SERVER_DJTG_DISABLE=1
HW_SERVER_FTDIMGR_DISABLE=1
IDE_SKIP_SERVER_LICENSE=1
INT_VARIABLE_NAME=XILINX_PATH
ISL_IOSTREAMS_RSA=C:/Xilinx/Vitis/2024.1/tps/isl
JAVA_EXE=C:/Xilinx\Vitis\2024.1\tps\win64\jre11.0.16_1\bin\java.exe
JAVA_HOME=C:/Xilinx\Vitis\2024.1\tps\win64\jre11.0.16_1
LC_NUMERIC=C
LD_LIBRARY_PATH=C:/Xilinx/Vitis_HLS/2024.1/tps/win64/dot-2.28/lib;C:/Xilinx/Vitis_HLS/2024.1/win64/bin;C:/Xilinx/Vitis_HLS/2024.1/win64/tools/fpo_v7_0;C:/Xilinx/Vitis_HLS/2024.1/win64/tools/fft_v9_1;C:/Xilinx/Vitis_HLS/2024.1/win64/tools/fir_v7_0;C:/Xilinx/Vitis_HLS/2024.1/win64/tools/dds_v6_0;C:/Xilinx/Vitis_HLS/2024.1/win64/lib/csim
LOCALAPPDATA=C:\Users\renan\AppData\Local
LOGONSERVER=\\DESKTOP-K5RPCPK
LOPPER_DTC_FLAGS=-b 0 -@
MY_ROOT_DIR=C:\Xilinx\Vitis_HLS\2024.1\bin\
NewEnvironment1=C:\Program Files (x86)\Indusoft Web Studio Educational v8.1\Bin
NOSPLASH=false
NUMBER_OF_PROCESSORS=12
OneDrive=C:\Users\renan\OneDrive
ORIGINALHOMEDRIVE=C:
ORIGINAL_XDG_CURRENT_DESKTOP=undefined
OS=Windows_NT
PATH=C:/Xilinx/Vivado/2024.1/tps/win64/binutils-2.26/bin;C:/Xilinx/Vitis/2024.1/bin/../gnu/aarch64/nt/aarch64-linux/bin;C:/Xilinx/Vitis/2024.1/bin/../gnu/ppc64le/4.9.3/win64/bin;C:/Xilinx/Vitis/2024.1/bin/../gnu/aarch32/nt/gcc-arm-linux-gnueabi/bin;C:/Xilinx\Vitis_HLS\2024.1/tps/mingw/6.2.0/win64.o/nt/bin;C:/Xilinx/Vivado/2024.1\gnuwin\bin;C:/Xilinx/Vivado/2024.1\gnu\microblaze\nt\bin;C:/Xilinx/Vitis/2024.1/bin;C:/Xilinx/Vitis/2024.1/tps/win64/java-cef-95.0.4638.69/bin/lib/win64;C:/Xilinx/Vitis/2024.1/tps/win64/javafx-sdk-11.0.2/lib;C:/Xilinx/Vitis/2024.1/tps/win64/javafx-sdk-11.0.2/bin;C:/Xilinx/Vitis/2024.1/lib/win64.o;C:/Xilinx/Vitis/2024.1/tps/win64/jre11.0.16_1/bin/server;C:/Xilinx/Vitis/2024.1/tps/win64/jre11.0.16_1/bin;C:\Xilinx\Vitis\2024.1\tps\win64\LOPPER~1.0-P\min_sdk\\usr\bin;C:/Xilinx\Vitis\2024.1\tps\win64\cmake-3.24.2\bin;C:/Xilinx\Vitis\2024.1\gnu\microblaze\nt\bin;C:/Xilinx\Vitis\2024.1\gnu\microblaze\linux_toolchain\nt64_le\bin;C:/Xilinx\Vitis\2024.1\gnu\aarch32\nt\gcc-arm-linux-gnueabi\bin;C:/Xilinx\Vitis\2024.1\gnu\aarch32\nt\gcc-arm-none-eabi\bin;C:/Xilinx\Vitis\2024.1\gnu\aarch64\nt\aarch64-linux\bin;C:/Xilinx\Vitis\2024.1\gnu\aarch64\nt\aarch64-none\bin;C:/Xilinx\Vitis\2024.1\gnu\armr5\nt\gcc-arm-none-eabi\bin;C:/Xilinx\Vitis\2024.1\gnuwin\bin;C:/Xilinx\Vitis\2024.1\tps\win64\python-3.8.3;C:/Xilinx\Vitis\2024.1\tps\win64\libxslt\bin;C:/Xilinx/Vivado/2024.1\bin;C:/Xilinx/Vitis/2024.1\gnu\arm\nt\bin;C:/Xilinx/Vitis/2024.1\gnu\microblaze\linux_toolchain\nt64_be\bin;C:/Xilinx/Vitis/2024.1\gnu\riscv\nt\riscv64-unknown-elf\bin;C:/Xilinx/Vitis/2024.1\tps\win64\git-2.16.2\bin;C:/Xilinx/Vitis/2024.1\win64\tools\clang\bin;C:/Xilinx\Vitis_HLS\2024.1\lib\win64.o;C:/Xilinx\Vitis_HLS\2024.1\bin;C:/Xilinx/Vivado/2024.1  /bin;/bin;C:\Xilinx\Model_Composer\2024.1\bin;C:\Xilinx\Vivado\2024.1\lib\win64.o;C:\Xilinx\DocNav;C:\Xilinx\PDM\2024.1\bin;;C:/Xilinx/Vitis/2024.1\tps\mingw\6.2.0\win64.o\nt\bin;C:/Xilinx/Vitis/2024.1\tps\mingw\6.2.0\win64.o\nt\libexec\gcc\x86_64-w64-mingw32\6.2.0
PATHEXT=.COM;.EXE;.BAT;.CMD;.VBS;.VBE;.JS;.JSE;.WSF;.WSH;.MSC
PROCESSOR_ARCHITECTURE=AMD64
PROCESSOR_IDENTIFIER=AMD64 Family 25 Model 80 Stepping 0, AuthenticAMD
PROCESSOR_LEVEL=25
PROCESSOR_REVISION=5000
PRODVERSION_EXE=C:/Xilinx/Vitis/2024.1/bin/unwrapped/win64.o/prodversion.exe
ProgramData=C:\ProgramData
ProgramFiles=C:\Program Files
ProgramFiles(x86)=C:\Program Files (x86)
ProgramW6432=C:\Program Files
PROMPT=$P$G
PSModulePath=C:\Program Files\WindowsPowerShell\Modules;C:\WINDOWS\system32\WindowsPowerShell\v1.0\Modules
PUBLIC=C:\Users\Public
PYTHONPATH=;C:/Xilinx/Vitis/2024.1\cli;C:/Xilinx/Vitis/2024.1\cli\python-packages\win64;C:/Xilinx/Vitis/2024.1\cli\python-packages\site-packages;C:/Xilinx/Vitis/2024.1\cli\proto;C:/Xilinx/Vitis/2024.1\scripts\python_pkg;
python_path=;C:/Xilinx/Vitis/2024.1\cli;C:/Xilinx/Vitis/2024.1\cli\python-packages\win64;C:/Xilinx/Vitis/2024.1\cli\python-packages\site-packages;C:/Xilinx/Vitis/2024.1\cli\proto;C:/Xilinx/Vitis/2024.1\scripts\python_pkg;
RDI_APPROOT=C:/Xilinx/Vitis/2024.1
RDI_ARGS= --mode hls --csim --config C:\Users\renan\Desktop\teste\hls_config.cfg --work_dir nmp_axi4l_ip
RDI_ARGS_FUNCTION=RDI_EXEC_DEFAULT
RDI_BASEROOT=C:/Xilinx/Vitis
RDI_BINDIR=C:/Xilinx/Vitis/2024.1/bin
RDI_BINROOT=C:/Xilinx/Vitis/2024.1/bin
RDI_BUILD=yes
RDI_CHECK_PROG=True
RDI_DATADIR=C:/Xilinx/Vitis/2024.1/data
RDI_INSTALLROOT=C:/Xilinx
RDI_INSTALLVER=2024.1
RDI_INSTALLVERSION=2024.1
RDI_JAVACEFROOT=C:/Xilinx/Vitis/2024.1/tps/win64/java-cef-95.0.4638.69
RDI_JAVAFXROOT=C:/Xilinx/Vitis/2024.1/tps/win64/javafx-sdk-11.0.2
RDI_JAVAROOT=C:/Xilinx/Vitis/2024.1/tps/win64/jre11.0.16_1
RDI_JAVA_VERSION=11.0.16_1
RDI_LIBDIR=C:/Xilinx/Vitis/2024.1/lib/win64.o
RDI_MINGW_LIB=C:/Xilinx/Vitis/2024.1\tps\mingw\6.2.0\win64.o\nt\bin;C:/Xilinx/Vitis/2024.1\tps\mingw\6.2.0\win64.o\nt\libexec\gcc\x86_64-w64-mingw32\6.2.0
RDI_OPT_EXT=.o
RDI_OS_ARCH=64
RDI_PLATFORM=win64
RDI_PREPEND_PATH=C:/Xilinx/Vitis/2024.1/bin;C:/Xilinx/Vitis/2024.1/bin
RDI_PROG=C:/Xilinx/Vitis/2024.1/bin/unwrapped/win64.o/vitis-run.exe
RDI_PROGNAME=vitis-run.exe
RDI_SESSION_INFO=C:\Users\renan\AppData\Roaming\Xilinx\Vitis:DESKTOP-K5RPCPK-31-07-2024_10-33-14,40
RDI_SHARED_DATA=C:/Xilinx/SharedData/2024.1/data
RDI_TPS_ROOT=C:/Xilinx/Vivado/2024.1/tps/win64
RDI_USE_JDK11=1
RDI_VERBOSE=0
ROOT_SWTICH_INGUI=1
RT_LIBPATH=C:/Xilinx/Vitis/2024.1/scripts/rt/data
RT_TCL_PATH=C:/Xilinx/Vitis/2024.1/scripts/rt/base_tcl/tcl
SDKROOT=C:\Xilinx\Vitis\2024.1\tps\win64\LOPPER~1.0-P\min_sdk\
SESSIONNAME=Console
session_string=C:\Users\renan\Desktop\teste:DESKTOP-K5RPCPK-31-07-2024_10-40-15,79
SWIG_LIB=C:\Xilinx\Vitis\2024.1\tps\win64\LOPPER~1.0-P\min_sdk\\usr\lib\swig\4.0.2
SWT_GTK3=1
SYNTH_COMMON=C:/Xilinx/Vitis/2024.1/scripts/rt/data
SystemDrive=C:
SystemRoot=C:\WINDOWS
TCL_LIBRARY=C:/Xilinx/Vitis/2024.1/tps/tcl/tcl8.6
TCMALLOC_LARGE_ALLOC_REPORT_THRESHOLD=4294967296
TEMP=C:\Users\renan\AppData\Local\Temp
THEIA_APP_PROJECT_PATH=C:\Xilinx\Vitis\2024.1\ide\electron-app\win64\resources\app
THEIA_DEFAULT_PLUGINS=local-dir:C:\Xilinx\Vitis\2024.1\ide\electron-app\win64\resources\app\plugins
THEIA_ELECTRON_TOKEN={"value":"c7a3358a-79c0-4503-b669-7a01d1a2cc09"}
THEIA_ELECTRON_VERSION=15.5.7
THEIA_PLUGINS=local-dir:C:\Users\renan\.theia\plugins
TMP=C:\Users\renan\AppData\Local\Temp
USERDOMAIN=DESKTOP-K5RPCPK
USERDOMAIN_ROAMINGPROFILE=DESKTOP-K5RPCPK
USERNAME=renan
USERPROFILE=C:\Users\renan
VITISNEW=true
VIVADO_HLS_ARG_DBG=0
VSCODE_API_VERSION=1.53.2
windir=C:\WINDOWS
XILINX_HLS=C:/Xilinx\Vitis_HLS\2024.1
XILINX_HLS_TPS_PATH=C:/Xilinx/Vitis_HLS/2024.1/tps;C:/Xilinx/Vitis/2024.1/tps
XILINX_OPENCL=C:/Xilinx/Vitis_HLS/2024.1
XILINX_OPENCL_CLANG=C:/Xilinx/Vitis_HLS/2024.1/win64/tools/clang
XILINX_PLANAHEAD=C:/Xilinx/Vitis/2024.1
XILINX_SDK=C:/Xilinx/Vitis/2024.1
XILINX_VCXX=C:/Xilinx/Vitis_HLS/2024.1/vcxx
XILINX_VERSION_DEFAULT=2024.1
XILINX_VERSION_VITIS=2024.1
XILINX_VITIS=C:/Xilinx\Vitis\2024.1
XILINX_VITIS_VERSION=Vitis v2024.1 (64-bit)
XILINX_VIVADO=C:/Xilinx/Vivado/2024.1
XILINX_VIVADO_HLS=C:/Xilinx/Vivado/2024.1
XIL_CHECK_TCL_DEBUG=False
XIL_NO_OVERRIDE=0
XIL_PA_NO_DEFAULT_OVERRIDE=1
XIL_SUPPRESS_OVERRIDE_WARNINGS=1
XVREDIST=C:/Xilinx/Vitis/2024.1\tps\win64\xvcredist.exe
_RDI_BINROOT=C:\Xilinx\Vitis\2024.1\bin
_RDI_CWD=C:\Users\renan\Desktop\teste
_RDI_DONT_SET_XILINX_AS_PATH=True
_RDI_VERSION_PROG=vitis-run
_valid=False
_XILINX_HLS_HIDE_BANNER_SUBPROC=1
XILINX_CD_CONNECT_ID=64624
XILINX_CD_SESSION=51292db6-6497-46f3-a0f7-65aa512e93f0


VITIS-RUN command line:
------------------------------------------
C:/Xilinx/Vitis/2024.1/bin/unwrapped/win64.o/vitis-run.exe --mode hls --csim --config C:\Users\renan\Desktop\teste\hls_config.cfg --work_dir nmp_axi4l_ip 

FINAL PROGRAM OPTIONS
--config C:\Users\renan\Desktop\teste\hls_config.cfg
--csim
--hls.clock 10ns
--hls.flow_target vivado
--hls.package.output.format ip_catalog
--hls.package.output.syn false
--hls.syn.file C:/Users/renan/Documents/Processadores/Processadores/hls_interface/bram.cpp
--hls.syn.file C:/Users/renan/Documents/Processadores/Processadores/hls_interface/nmp_axi4l_ip.cpp
--hls.syn.file C:/Users/renan/Documents/Processadores/Processadores/hls_interface/skidbuffer.cpp
--hls.syn.file C:/Users/renan/Documents/Processadores/Processadores/hls_interface/testbench.cpp
--hls.syn.file axi4_lite.h
--hls.syn.top nmp_axi4l_ip
--hls.tb.file C:/Users/renan/Documents/Processadores/Processadores/hls_interface/bram_tb.cpp
--hls.tb.file C:/Users/renan/Documents/Processadores/Processadores/hls_interface/nmp_axi4l_ip_tb.cpp
--hls.tb.file C:/Users/renan/Documents/Processadores/Processadores/hls_interface/skidbuffer_tb.cpp
--hls.tb.file C:/Users/renan/Documents/Processadores/Processadores/hls_interface/testbench.cpp
--mode hls
--part xc7z007sclg225-2
--work_dir nmp_axi4l_ip

PARSED COMMAND LINE OPTIONS
--mode hls 
--csim 
--config C:\Users\renan\Desktop\teste\hls_config.cfg 
--work_dir nmp_axi4l_ip 

PARSED CONFIG FILE (1) OPTIONS
file: C:\Users\renan\Desktop\teste\hls_config.cfg
part xc7z007sclg225-2 
hls.flow_target vivado 
hls.package.output.format ip_catalog 
hls.package.output.syn false 
hls.syn.top nmp_axi4l_ip 
hls.tb.file C:/Users/renan/Documents/Processadores/Processadores/hls_interface/bram_tb.cpp 
hls.tb.file C:/Users/renan/Documents/Processadores/Processadores/hls_interface/nmp_axi4l_ip_tb.cpp 
hls.tb.file C:/Users/renan/Documents/Processadores/Processadores/hls_interface/skidbuffer_tb.cpp 
hls.tb.file C:/Users/renan/Documents/Processadores/Processadores/hls_interface/testbench.cpp 
hls.clock 10ns 
hls.syn.file C:/Users/renan/Documents/Processadores/Processadores/hls_interface/bram.cpp 
hls.syn.file C:/Users/renan/Documents/Processadores/Processadores/hls_interface/nmp_axi4l_ip.cpp 
hls.syn.file C:/Users/renan/Documents/Processadores/Processadores/hls_interface/skidbuffer.cpp 
hls.syn.file C:/Users/renan/Documents/Processadores/Processadores/hls_interface/testbench.cpp 
hls.syn.file axi4_lite.h 


==========================================
new:  steps log generated by v++ for new launch 
timestamp: 31 Jul 2024 10:40:20
------------------------------------------
VITIS-RUN internal step: writing a config file for vitis_hls: C:/Users/renan/Desktop/teste/nmp_axi4l_ip/hls/config.cmdline
timestamp: 31 Jul 2024 10:40:20
VITIS-RUN internal step status: success
------------------------------------------
VITIS-RUN internal step: running vitis_hls
timestamp: 31 Jul 2024 10:40:20
working dir: C:/Users/renan/Desktop/teste
cmd: vitis_hls -nolog -run csim -work_dir C:/Users/renan/Desktop/teste/nmp_axi4l_ip -config C:/Users/renan/Desktop/teste/hls_config.cfg -cmdlineconfig C:/Users/renan/Desktop/teste/nmp_axi4l_ip/hls/config.cmdline
VITIS-RUN internal step status: fail

------------------------------------------
VITIS-RUN command line :
------------------------------------------
C:/Xilinx/Vitis/2024.1/bin/unwrapped/win64.o/vitis-run.exe --mode hls --csim --config C:\Users\renan\Desktop\teste\hls_config.cfg --work_dir nmp_axi4l_ip 
  Options from -O    : 
  Options from *.ini : 
  Options from Hw Platform : 

==========================================
new:  steps log generated by v++ for new launch 
timestamp: 31 Jul 2024 10:44:49
------------------------------------------
VITIS-RUN internal step: writing a config file for vitis_hls: C:/Users/renan/Desktop/teste/nmp_axi4l_ip/hls/config.cmdline
timestamp: 31 Jul 2024 10:44:49
VITIS-RUN internal step status: success
------------------------------------------
VITIS-RUN internal step: running vitis_hls
timestamp: 31 Jul 2024 10:44:49
working dir: C:/Users/renan/Desktop/teste
cmd: vitis_hls -nolog -run csim -work_dir C:/Users/renan/Desktop/teste/nmp_axi4l_ip -config C:/Users/renan/Desktop/teste/hls_config.cfg -cmdlineconfig C:/Users/renan/Desktop/teste/nmp_axi4l_ip/hls/config.cmdline
VITIS-RUN internal step status: fail

------------------------------------------
VITIS-RUN command line :
------------------------------------------
C:/Xilinx/Vitis/2024.1/bin/unwrapped/win64.o/vitis-run.exe --mode hls --csim --config C:\Users\renan\Desktop\teste\hls_config.cfg --work_dir nmp_axi4l_ip 
  Options from -O    : 
  Options from *.ini : 
  Options from Hw Platform : 

==========================================
new:  steps log generated by v++ for new launch 
timestamp: 31 Jul 2024 10:45:16
------------------------------------------
VITIS-RUN internal step: writing a config file for vitis_hls: C:/Users/renan/Desktop/teste/nmp_axi4l_ip/hls/config.cmdline
timestamp: 31 Jul 2024 10:45:16
VITIS-RUN internal step status: success
------------------------------------------
VITIS-RUN internal step: running vitis_hls
timestamp: 31 Jul 2024 10:45:16
working dir: C:/Users/renan/Desktop/teste
cmd: vitis_hls -nolog -run csim -work_dir C:/Users/renan/Desktop/teste/nmp_axi4l_ip -config C:/Users/renan/Desktop/teste/hls_config.cfg -cmdlineconfig C:/Users/renan/Desktop/teste/nmp_axi4l_ip/hls/config.cmdline
VITIS-RUN internal step status: fail

------------------------------------------
VITIS-RUN command line :
------------------------------------------
C:/Xilinx/Vitis/2024.1/bin/unwrapped/win64.o/vitis-run.exe --mode hls --csim --config C:\Users\renan\Desktop\teste\hls_config.cfg --work_dir nmp_axi4l_ip 
  Options from -O    : 
  Options from *.ini : 
  Options from Hw Platform : 

==========================================
new:  steps log generated by v++ for new launch 
timestamp: 31 Jul 2024 10:46:38
------------------------------------------
VITIS-RUN internal step: writing a config file for vitis_hls: C:/Users/renan/Desktop/teste/nmp_axi4l_ip/hls/config.cmdline
timestamp: 31 Jul 2024 10:46:38
VITIS-RUN internal step status: success
------------------------------------------
VITIS-RUN internal step: running vitis_hls
timestamp: 31 Jul 2024 10:46:38
working dir: C:/Users/renan/Desktop/teste
cmd: vitis_hls -nolog -run csim -work_dir C:/Users/renan/Desktop/teste/nmp_axi4l_ip -config C:/Users/renan/Desktop/teste/hls_config.cfg -cmdlineconfig C:/Users/renan/Desktop/teste/nmp_axi4l_ip/hls/config.cmdline
VITIS-RUN internal step status: fail

------------------------------------------
VITIS-RUN command line :
------------------------------------------
C:/Xilinx/Vitis/2024.1/bin/unwrapped/win64.o/vitis-run.exe --mode hls --csim --config C:\Users\renan\Desktop\teste\hls_config.cfg --work_dir nmp_axi4l_ip 
  Options from -O    : 
  Options from *.ini : 
  Options from Hw Platform : 

==========================================
new:  steps log generated by v++ for new launch 
timestamp: 31 Jul 2024 10:46:51
------------------------------------------
VITIS-RUN internal step: writing a config file for vitis_hls: C:/Users/renan/Desktop/teste/nmp_axi4l_ip/hls/config.cmdline
timestamp: 31 Jul 2024 10:46:51
VITIS-RUN internal step status: success
------------------------------------------
VITIS-RUN internal step: running vitis_hls
timestamp: 31 Jul 2024 10:46:51
working dir: C:/Users/renan/Desktop/teste
cmd: vitis_hls -nolog -run csim -work_dir C:/Users/renan/Desktop/teste/nmp_axi4l_ip -config C:/Users/renan/Desktop/teste/hls_config.cfg -cmdlineconfig C:/Users/renan/Desktop/teste/nmp_axi4l_ip/hls/config.cmdline
VITIS-RUN internal step status: fail

------------------------------------------
VITIS-RUN command line :
------------------------------------------
C:/Xilinx/Vitis/2024.1/bin/unwrapped/win64.o/vitis-run.exe --mode hls --csim --config C:\Users\renan\Desktop\teste\hls_config.cfg --work_dir nmp_axi4l_ip 
  Options from -O    : 
  Options from *.ini : 
  Options from Hw Platform : 

==========================================
new:  steps log generated by v++ for new launch 
timestamp: 31 Jul 2024 11:09:16
------------------------------------------
VITIS-RUN internal step: writing a config file for vitis_hls: C:/Users/renan/Desktop/teste/nmp_axi4l_ip/hls/config.cmdline
timestamp: 31 Jul 2024 11:09:16
VITIS-RUN internal step status: success
------------------------------------------
VITIS-RUN internal step: running vitis_hls
timestamp: 31 Jul 2024 11:09:16
working dir: C:/Users/renan/Desktop/teste
cmd: vitis_hls -nolog -run csim -work_dir C:/Users/renan/Desktop/teste/nmp_axi4l_ip -config C:/Users/renan/Desktop/teste/hls_config.cfg -cmdlineconfig C:/Users/renan/Desktop/teste/nmp_axi4l_ip/hls/config.cmdline
VITIS-RUN internal step status: fail

------------------------------------------
VITIS-RUN command line :
------------------------------------------
C:/Xilinx/Vitis/2024.1/bin/unwrapped/win64.o/vitis-run.exe --mode hls --csim --config C:\Users\renan\Desktop\teste\hls_config.cfg --work_dir nmp_axi4l_ip 
  Options from -O    : 
  Options from *.ini : 
  Options from Hw Platform : 

==========================================
new:  steps log generated by v++ for new launch 
timestamp: 31 Jul 2024 11:18:44
------------------------------------------
VITIS-RUN internal step: writing a config file for vitis_hls: C:/Users/renan/Desktop/teste/nmp_axi4l_ip/hls/config.cmdline
timestamp: 31 Jul 2024 11:18:44
VITIS-RUN internal step status: success
------------------------------------------
VITIS-RUN internal step: running vitis_hls
timestamp: 31 Jul 2024 11:18:44
working dir: C:/Users/renan/Desktop/teste
cmd: vitis_hls -nolog -run csim -work_dir C:/Users/renan/Desktop/teste/nmp_axi4l_ip -config C:/Users/renan/Desktop/teste/hls_config.cfg -cmdlineconfig C:/Users/renan/Desktop/teste/nmp_axi4l_ip/hls/config.cmdline
VITIS-RUN internal step status: fail

------------------------------------------
VITIS-RUN command line :
------------------------------------------
C:/Xilinx/Vitis/2024.1/bin/unwrapped/win64.o/vitis-run.exe --mode hls --csim --config C:\Users\renan\Desktop\teste\hls_config.cfg --work_dir nmp_axi4l_ip 
  Options from -O    : 
  Options from *.ini : 
  Options from Hw Platform : 

==========================================
new:  steps log generated by v++ for new launch 
timestamp: 31 Jul 2024 11:28:28
------------------------------------------
VITIS-RUN internal step: writing a config file for vitis_hls: C:/Users/renan/Desktop/teste/nmp_axi4l_ip/hls/config.cmdline
timestamp: 31 Jul 2024 11:28:28
VITIS-RUN internal step status: success
------------------------------------------
VITIS-RUN internal step: running vitis_hls
timestamp: 31 Jul 2024 11:28:28
working dir: C:/Users/renan/Desktop/teste
cmd: vitis_hls -nolog -run csim -work_dir C:/Users/renan/Desktop/teste/nmp_axi4l_ip -config C:/Users/renan/Desktop/teste/hls_config.cfg -cmdlineconfig C:/Users/renan/Desktop/teste/nmp_axi4l_ip/hls/config.cmdline
VITIS-RUN internal step status: fail

------------------------------------------
VITIS-RUN command line :
------------------------------------------
C:/Xilinx/Vitis/2024.1/bin/unwrapped/win64.o/vitis-run.exe --mode hls --csim --config C:\Users\renan\Desktop\teste\hls_config.cfg --work_dir nmp_axi4l_ip 
  Options from -O    : 
  Options from *.ini : 
  Options from Hw Platform : 

==========================================
new:  steps log generated by v++ for new launch 
timestamp: 31 Jul 2024 11:30:40
------------------------------------------
VITIS-RUN internal step: writing a config file for vitis_hls: C:/Users/renan/Desktop/teste/nmp_axi4l_ip/hls/config.cmdline
timestamp: 31 Jul 2024 11:30:40
VITIS-RUN internal step status: success
------------------------------------------
VITIS-RUN internal step: running vitis_hls
timestamp: 31 Jul 2024 11:30:40
working dir: C:/Users/renan/Desktop/teste
cmd: vitis_hls -nolog -run csim -work_dir C:/Users/renan/Desktop/teste/nmp_axi4l_ip -config C:/Users/renan/Desktop/teste/hls_config.cfg -cmdlineconfig C:/Users/renan/Desktop/teste/nmp_axi4l_ip/hls/config.cmdline
VITIS-RUN internal step status: fail

------------------------------------------
VITIS-RUN command line :
------------------------------------------
C:/Xilinx/Vitis/2024.1/bin/unwrapped/win64.o/vitis-run.exe --mode hls --csim --config C:\Users\renan\Desktop\teste\hls_config.cfg --work_dir nmp_axi4l_ip 
  Options from -O    : 
  Options from *.ini : 
  Options from Hw Platform : 

==========================================
new:  steps log generated by v++ for new launch 
timestamp: 31 Jul 2024 14:05:27
------------------------------------------
VITIS-RUN internal step: writing a config file for vitis_hls: C:/Users/renan/Desktop/teste/nmp_axi4l_ip/hls/config.cmdline
timestamp: 31 Jul 2024 14:05:27
VITIS-RUN internal step status: success
------------------------------------------
VITIS-RUN internal step: running vitis_hls
timestamp: 31 Jul 2024 14:05:27
working dir: C:/Users/renan/Desktop/teste
cmd: vitis_hls -nolog -run csim -work_dir C:/Users/renan/Desktop/teste/nmp_axi4l_ip -config C:/Users/renan/Desktop/teste/hls_config.cfg -cmdlineconfig C:/Users/renan/Desktop/teste/nmp_axi4l_ip/hls/config.cmdline
VITIS-RUN internal step status: fail

------------------------------------------
VITIS-RUN command line :
------------------------------------------
C:/Xilinx/Vitis/2024.1/bin/unwrapped/win64.o/vitis-run.exe --mode hls --csim --config C:\Users\renan\Desktop\teste\hls_config.cfg --work_dir nmp_axi4l_ip 
  Options from -O    : 
  Options from *.ini : 
  Options from Hw Platform : 

==========================================
new:  steps log generated by v++ for new launch 
timestamp: 31 Jul 2024 14:08:14
------------------------------------------
VITIS-RUN internal step: writing a config file for vitis_hls: C:/Users/renan/Desktop/teste/nmp_axi4l_ip/hls/config.cmdline
timestamp: 31 Jul 2024 14:08:14
VITIS-RUN internal step status: success
------------------------------------------
VITIS-RUN internal step: running vitis_hls
timestamp: 31 Jul 2024 14:08:14
working dir: C:/Users/renan/Desktop/teste
cmd: vitis_hls -nolog -run csim -work_dir C:/Users/renan/Desktop/teste/nmp_axi4l_ip -config C:/Users/renan/Desktop/teste/hls_config.cfg -cmdlineconfig C:/Users/renan/Desktop/teste/nmp_axi4l_ip/hls/config.cmdline
VITIS-RUN internal step status: fail

------------------------------------------
VITIS-RUN command line :
------------------------------------------
C:/Xilinx/Vitis/2024.1/bin/unwrapped/win64.o/vitis-run.exe --mode hls --csim --config C:\Users\renan\Desktop\teste\hls_config.cfg --work_dir nmp_axi4l_ip 
  Options from -O    : 
  Options from *.ini : 
  Options from Hw Platform : 

==========================================
new:  steps log generated by v++ for new launch 
timestamp: 31 Jul 2024 14:09:02
------------------------------------------
VITIS-RUN internal step: writing a config file for vitis_hls: C:/Users/renan/Desktop/teste/nmp_axi4l_ip/hls/config.cmdline
timestamp: 31 Jul 2024 14:09:02
VITIS-RUN internal step status: success
------------------------------------------
VITIS-RUN internal step: running vitis_hls
timestamp: 31 Jul 2024 14:09:02
working dir: C:/Users/renan/Desktop/teste
cmd: vitis_hls -nolog -run csim -work_dir C:/Users/renan/Desktop/teste/nmp_axi4l_ip -config C:/Users/renan/Desktop/teste/hls_config.cfg -cmdlineconfig C:/Users/renan/Desktop/teste/nmp_axi4l_ip/hls/config.cmdline
VITIS-RUN internal step status: fail

------------------------------------------
VITIS-RUN command line :
------------------------------------------
C:/Xilinx/Vitis/2024.1/bin/unwrapped/win64.o/vitis-run.exe --mode hls --csim --config C:\Users\renan\Desktop\teste\hls_config.cfg --work_dir nmp_axi4l_ip 
  Options from -O    : 
  Options from *.ini : 
  Options from Hw Platform : 

==========================================
new:  steps log generated by v++ for new launch 
timestamp: 31 Jul 2024 14:09:32
------------------------------------------
VITIS-RUN internal step: writing a config file for vitis_hls: C:/Users/renan/Desktop/teste/nmp_axi4l_ip/hls/config.cmdline
timestamp: 31 Jul 2024 14:09:32
VITIS-RUN internal step status: success
------------------------------------------
VITIS-RUN internal step: running vitis_hls
timestamp: 31 Jul 2024 14:09:32
working dir: C:/Users/renan/Desktop/teste
cmd: vitis_hls -nolog -run csim -work_dir C:/Users/renan/Desktop/teste/nmp_axi4l_ip -config C:/Users/renan/Desktop/teste/hls_config.cfg -cmdlineconfig C:/Users/renan/Desktop/teste/nmp_axi4l_ip/hls/config.cmdline
VITIS-RUN internal step status: fail

------------------------------------------
VITIS-RUN command line :
------------------------------------------
C:/Xilinx/Vitis/2024.1/bin/unwrapped/win64.o/vitis-run.exe --mode hls --csim --config C:\Users\renan\Desktop\teste\hls_config.cfg --work_dir nmp_axi4l_ip 
  Options from -O    : 
  Options from *.ini : 
  Options from Hw Platform : 

==========================================
new:  steps log generated by v++ for new launch 
timestamp: 31 Jul 2024 14:22:35
------------------------------------------
VITIS-RUN internal step: writing a config file for vitis_hls: C:/Users/renan/Desktop/teste/nmp_axi4l_ip/hls/config.cmdline
timestamp: 31 Jul 2024 14:22:35
VITIS-RUN internal step status: success
------------------------------------------
VITIS-RUN internal step: running vitis_hls
timestamp: 31 Jul 2024 14:22:35
working dir: C:/Users/renan/Desktop/teste
cmd: vitis_hls -nolog -run csim -work_dir C:/Users/renan/Desktop/teste/nmp_axi4l_ip -config C:/Users/renan/Desktop/teste/hls_config.cfg -cmdlineconfig C:/Users/renan/Desktop/teste/nmp_axi4l_ip/hls/config.cmdline
VITIS-RUN internal step status: fail

------------------------------------------
VITIS-RUN command line :
------------------------------------------
C:/Xilinx/Vitis/2024.1/bin/unwrapped/win64.o/vitis-run.exe --mode hls --csim --config C:\Users\renan\Desktop\teste\hls_config.cfg --work_dir nmp_axi4l_ip 
  Options from -O    : 
  Options from *.ini : 
  Options from Hw Platform : 

==========================================
new:  steps log generated by v++ for new launch 
timestamp: 31 Jul 2024 14:24:38
------------------------------------------
VITIS-RUN internal step: writing a config file for vitis_hls: C:/Users/renan/Desktop/teste/nmp_axi4l_ip/hls/config.cmdline
timestamp: 31 Jul 2024 14:24:38
VITIS-RUN internal step status: success
------------------------------------------
VITIS-RUN internal step: running vitis_hls
timestamp: 31 Jul 2024 14:24:38
working dir: C:/Users/renan/Desktop/teste
cmd: vitis_hls -nolog -run csim -work_dir C:/Users/renan/Desktop/teste/nmp_axi4l_ip -config C:/Users/renan/Desktop/teste/hls_config.cfg -cmdlineconfig C:/Users/renan/Desktop/teste/nmp_axi4l_ip/hls/config.cmdline
VITIS-RUN internal step status: fail

------------------------------------------
VITIS-RUN command line :
------------------------------------------
C:/Xilinx/Vitis/2024.1/bin/unwrapped/win64.o/vitis-run.exe --mode hls --csim --config C:\Users\renan\Desktop\teste\hls_config.cfg --work_dir nmp_axi4l_ip 
  Options from -O    : 
  Options from *.ini : 
  Options from Hw Platform : 

==========================================
new:  steps log generated by v++ for new launch 
timestamp: 31 Jul 2024 14:28:25
------------------------------------------
VITIS-RUN internal step: writing a config file for vitis_hls: C:/Users/renan/Desktop/teste/nmp_axi4l_ip/hls/config.cmdline
timestamp: 31 Jul 2024 14:28:25
VITIS-RUN internal step status: success
------------------------------------------
VITIS-RUN internal step: running vitis_hls
timestamp: 31 Jul 2024 14:28:25
working dir: C:/Users/renan/Desktop/teste
cmd: vitis_hls -nolog -run csim -work_dir C:/Users/renan/Desktop/teste/nmp_axi4l_ip -config C:/Users/renan/Desktop/teste/hls_config.cfg -cmdlineconfig C:/Users/renan/Desktop/teste/nmp_axi4l_ip/hls/config.cmdline
VITIS-RUN internal step status: fail

------------------------------------------
VITIS-RUN command line :
------------------------------------------
C:/Xilinx/Vitis/2024.1/bin/unwrapped/win64.o/vitis-run.exe --mode hls --csim --config C:\Users\renan\Desktop\teste\hls_config.cfg --work_dir nmp_axi4l_ip 
  Options from -O    : 
  Options from *.ini : 
  Options from Hw Platform : 

==========================================
new:  steps log generated by v++ for new launch 
timestamp: 31 Jul 2024 14:29:28
------------------------------------------
VITIS-RUN internal step: writing a config file for vitis_hls: C:/Users/renan/Desktop/teste/nmp_axi4l_ip/hls/config.cmdline
timestamp: 31 Jul 2024 14:29:28
VITIS-RUN internal step status: success
------------------------------------------
VITIS-RUN internal step: running vitis_hls
timestamp: 31 Jul 2024 14:29:28
working dir: C:/Users/renan/Desktop/teste
cmd: vitis_hls -nolog -run csim -work_dir C:/Users/renan/Desktop/teste/nmp_axi4l_ip -config C:/Users/renan/Desktop/teste/hls_config.cfg -cmdlineconfig C:/Users/renan/Desktop/teste/nmp_axi4l_ip/hls/config.cmdline
VITIS-RUN internal step status: fail

------------------------------------------
VITIS-RUN command line :
------------------------------------------
C:/Xilinx/Vitis/2024.1/bin/unwrapped/win64.o/vitis-run.exe --mode hls --csim --config C:\Users\renan\Desktop\teste\hls_config.cfg --work_dir nmp_axi4l_ip 
  Options from -O    : 
  Options from *.ini : 
  Options from Hw Platform : 

==========================================
new:  steps log generated by v++ for new launch 
timestamp: 31 Jul 2024 14:30:21
------------------------------------------
VITIS-RUN internal step: writing a config file for vitis_hls: C:/Users/renan/Desktop/teste/nmp_axi4l_ip/hls/config.cmdline
timestamp: 31 Jul 2024 14:30:21
VITIS-RUN internal step status: success
------------------------------------------
VITIS-RUN internal step: running vitis_hls
timestamp: 31 Jul 2024 14:30:21
working dir: C:/Users/renan/Desktop/teste
cmd: vitis_hls -nolog -run csim -work_dir C:/Users/renan/Desktop/teste/nmp_axi4l_ip -config C:/Users/renan/Desktop/teste/hls_config.cfg -cmdlineconfig C:/Users/renan/Desktop/teste/nmp_axi4l_ip/hls/config.cmdline
VITIS-RUN internal step status: success

------------------------------------------
VITIS-RUN command line :
------------------------------------------
C:/Xilinx/Vitis/2024.1/bin/unwrapped/win64.o/vitis-run.exe --mode hls --csim --config C:\Users\renan\Desktop\teste\nmp_axi4l_ip\hls-debug.cfg --config C:\Users\renan\Desktop\teste\hls_config.cfg --work_dir nmp_axi4l_ip 
  Options from -O    : 
  Options from *.ini : 
  Options from Hw Platform : 

==========================================
new:  steps log generated by v++ for new launch 
timestamp: 31 Jul 2024 14:30:34
------------------------------------------
VITIS-RUN internal step: writing a config file for vitis_hls: C:/Users/renan/Desktop/teste/nmp_axi4l_ip/hls/config.cmdline
timestamp: 31 Jul 2024 14:30:34
VITIS-RUN internal step status: success
------------------------------------------
VITIS-RUN internal step: running vitis_hls
timestamp: 31 Jul 2024 14:30:34
working dir: C:/Users/renan/Desktop/teste
cmd: vitis_hls -nolog -run csim -work_dir C:/Users/renan/Desktop/teste/nmp_axi4l_ip -config C:/Users/renan/Desktop/teste/nmp_axi4l_ip/hls-debug.cfg -config C:/Users/renan/Desktop/teste/hls_config.cfg -cmdlineconfig C:/Users/renan/Desktop/teste/nmp_axi4l_ip/hls/config.cmdline
VITIS-RUN internal step status: success

------------------------------------------
VITIS-RUN command line :
------------------------------------------
C:/Xilinx/Vitis/2024.1/bin/unwrapped/win64.o/vitis-run.exe --mode hls --csim --config C:\Users\renan\Desktop\teste\nmp_axi4l_ip\hls-debug.cfg --config C:\Users\renan\Desktop\teste\hls_config.cfg --work_dir nmp_axi4l_ip 
  Options from -O    : 
  Options from *.ini : 
  Options from Hw Platform : 

==========================================
new:  steps log generated by v++ for new launch 
timestamp: 31 Jul 2024 14:30:54
------------------------------------------
VITIS-RUN internal step: writing a config file for vitis_hls: C:/Users/renan/Desktop/teste/nmp_axi4l_ip/hls/config.cmdline
timestamp: 31 Jul 2024 14:30:54
VITIS-RUN internal step status: success
------------------------------------------
VITIS-RUN internal step: running vitis_hls
timestamp: 31 Jul 2024 14:30:54
working dir: C:/Users/renan/Desktop/teste
cmd: vitis_hls -nolog -run csim -work_dir C:/Users/renan/Desktop/teste/nmp_axi4l_ip -config C:/Users/renan/Desktop/teste/nmp_axi4l_ip/hls-debug.cfg -config C:/Users/renan/Desktop/teste/hls_config.cfg -cmdlineconfig C:/Users/renan/Desktop/teste/nmp_axi4l_ip/hls/config.cmdline
VITIS-RUN internal step status: fail

------------------------------------------
VITIS-RUN command line :
------------------------------------------
C:/Xilinx/Vitis/2024.1/bin/unwrapped/win64.o/vitis-run.exe --mode hls --csim --config C:\Users\renan\Desktop\teste\hls_config.cfg --work_dir nmp_axi4l_ip 
  Options from -O    : 
  Options from *.ini : 
  Options from Hw Platform : 

==========================================
new:  steps log generated by v++ for new launch 
timestamp: 31 Jul 2024 14:32:12
------------------------------------------
VITIS-RUN internal step: writing a config file for vitis_hls: C:/Users/renan/Desktop/teste/nmp_axi4l_ip/hls/config.cmdline
timestamp: 31 Jul 2024 14:32:12
VITIS-RUN internal step status: success
------------------------------------------
VITIS-RUN internal step: running vitis_hls
timestamp: 31 Jul 2024 14:32:12
working dir: C:/Users/renan/Desktop/teste
cmd: vitis_hls -nolog -run csim -work_dir C:/Users/renan/Desktop/teste/nmp_axi4l_ip -config C:/Users/renan/Desktop/teste/hls_config.cfg -cmdlineconfig C:/Users/renan/Desktop/teste/nmp_axi4l_ip/hls/config.cmdline
VITIS-RUN internal step status: success

------------------------------------------
VITIS-RUN command line :
------------------------------------------
C:/Xilinx/Vitis/2024.1/bin/unwrapped/win64.o/vitis-run.exe --mode hls --csim --config C:\Users\renan\Desktop\teste\hls_config.cfg --work_dir nmp_axi4l_ip 
  Options from -O    : 
  Options from *.ini : 
  Options from Hw Platform : 

==========================================
new:  steps log generated by v++ for new launch 
timestamp: 31 Jul 2024 14:32:59
------------------------------------------
VITIS-RUN internal step: writing a config file for vitis_hls: C:/Users/renan/Desktop/teste/nmp_axi4l_ip/hls/config.cmdline
timestamp: 31 Jul 2024 14:32:59
VITIS-RUN internal step status: success
------------------------------------------
VITIS-RUN internal step: running vitis_hls
timestamp: 31 Jul 2024 14:32:59
working dir: C:/Users/renan/Desktop/teste
cmd: vitis_hls -nolog -run csim -work_dir C:/Users/renan/Desktop/teste/nmp_axi4l_ip -config C:/Users/renan/Desktop/teste/hls_config.cfg -cmdlineconfig C:/Users/renan/Desktop/teste/nmp_axi4l_ip/hls/config.cmdline
VITIS-RUN internal step status: success

------------------------------------------
V++ command line :
------------------------------------------
C:/Xilinx/Vitis/2024.1/bin/unwrapped/win64.o/v++.exe -c --mode hls --config C:\Users\renan\Desktop\teste\hls_config.cfg --work_dir nmp_axi4l_ip 
  Options from -O    : 
  Options from *.ini : 
  Options from Hw Platform : 

==========================================
new:  steps log generated by v++ for new launch 
timestamp: 31 Jul 2024 14:35:21
------------------------------------------
V++ internal step: writing a config file for vitis_hls: C:/Users/renan/Desktop/teste/nmp_axi4l_ip/hls/config.cmdline
timestamp: 31 Jul 2024 14:35:21
V++ internal step status: success
------------------------------------------
V++ internal step: running vitis_hls
timestamp: 31 Jul 2024 14:35:21
working dir: C:/Users/renan/Desktop/teste
cmd: vitis_hls -nolog -run csynth -work_dir C:/Users/renan/Desktop/teste/nmp_axi4l_ip -config C:/Users/renan/Desktop/teste/hls_config.cfg -cmdlineconfig C:/Users/renan/Desktop/teste/nmp_axi4l_ip/hls/config.cmdline
V++ internal step status: success

------------------------------------------
VITIS-RUN command line :
------------------------------------------
C:/Xilinx/Vitis/2024.1/bin/unwrapped/win64.o/vitis-run.exe --mode hls --cosim --config C:\Users\renan\Desktop\teste\hls_config.cfg --work_dir nmp_axi4l_ip 
  Options from -O    : 
  Options from *.ini : 
  Options from Hw Platform : 

==========================================
new:  steps log generated by v++ for new launch 
timestamp: 31 Jul 2024 14:36:23
------------------------------------------
VITIS-RUN internal step: writing a config file for vitis_hls: C:/Users/renan/Desktop/teste/nmp_axi4l_ip/hls/config.cmdline
timestamp: 31 Jul 2024 14:36:23
VITIS-RUN internal step status: success
------------------------------------------
VITIS-RUN internal step: running vitis_hls
timestamp: 31 Jul 2024 14:36:23
working dir: C:/Users/renan/Desktop/teste
cmd: vitis_hls -nolog -run cosim -work_dir C:/Users/renan/Desktop/teste/nmp_axi4l_ip -config C:/Users/renan/Desktop/teste/hls_config.cfg -cmdlineconfig C:/Users/renan/Desktop/teste/nmp_axi4l_ip/hls/config.cmdline
VITIS-RUN internal step status: fail

------------------------------------------
VITIS-RUN command line :
------------------------------------------
C:/Xilinx/Vitis/2024.1/bin/unwrapped/win64.o/vitis-run.exe --mode hls --cosim --config C:\Users\renan\Desktop\teste\hls_config.cfg --work_dir nmp_axi4l_ip 
  Options from -O    : 
  Options from *.ini : 
  Options from Hw Platform : 

==========================================
new:  steps log generated by v++ for new launch 
timestamp: 31 Jul 2024 14:36:40
------------------------------------------
VITIS-RUN internal step: writing a config file for vitis_hls: C:/Users/renan/Desktop/teste/nmp_axi4l_ip/hls/config.cmdline
timestamp: 31 Jul 2024 14:36:40
VITIS-RUN internal step status: success
------------------------------------------
VITIS-RUN internal step: running vitis_hls
timestamp: 31 Jul 2024 14:36:40
working dir: C:/Users/renan/Desktop/teste
cmd: vitis_hls -nolog -run cosim -work_dir C:/Users/renan/Desktop/teste/nmp_axi4l_ip -config C:/Users/renan/Desktop/teste/hls_config.cfg -cmdlineconfig C:/Users/renan/Desktop/teste/nmp_axi4l_ip/hls/config.cmdline
VITIS-RUN internal step status: fail

------------------------------------------
VITIS-RUN command line :
------------------------------------------
C:/Xilinx/Vitis/2024.1/bin/unwrapped/win64.o/vitis-run.exe --mode hls --package --config C:\Users\renan\Desktop\teste\hls_config.cfg --work_dir nmp_axi4l_ip 
  Options from -O    : 
  Options from *.ini : 
  Options from Hw Platform : 

==========================================
new:  steps log generated by v++ for new launch 
timestamp: 31 Jul 2024 14:36:51
------------------------------------------
VITIS-RUN internal step: writing a config file for vitis_hls: C:/Users/renan/Desktop/teste/nmp_axi4l_ip/hls/config.cmdline
timestamp: 31 Jul 2024 14:36:51
VITIS-RUN internal step status: success
------------------------------------------
VITIS-RUN internal step: running vitis_hls
timestamp: 31 Jul 2024 14:36:51
working dir: C:/Users/renan/Desktop/teste
cmd: vitis_hls -nolog -run package -work_dir C:/Users/renan/Desktop/teste/nmp_axi4l_ip -config C:/Users/renan/Desktop/teste/hls_config.cfg -cmdlineconfig C:/Users/renan/Desktop/teste/nmp_axi4l_ip/hls/config.cmdline
VITIS-RUN internal step status: success

------------------------------------------
VITIS-RUN command line :
------------------------------------------
C:/Xilinx/Vitis/2024.1/bin/unwrapped/win64.o/vitis-run.exe --mode hls --impl --config C:\Users\renan\Desktop\teste\hls_config.cfg --work_dir nmp_axi4l_ip 
  Options from -O    : 
  Options from *.ini : 
  Options from Hw Platform : 

==========================================
new:  steps log generated by v++ for new launch 
timestamp: 31 Jul 2024 14:37:40
------------------------------------------
VITIS-RUN internal step: writing a config file for vitis_hls: C:/Users/renan/Desktop/teste/nmp_axi4l_ip/hls/config.cmdline
timestamp: 31 Jul 2024 14:37:40
VITIS-RUN internal step status: success
------------------------------------------
VITIS-RUN internal step: running vitis_hls
timestamp: 31 Jul 2024 14:37:40
working dir: C:/Users/renan/Desktop/teste
cmd: vitis_hls -nolog -run vivado -work_dir C:/Users/renan/Desktop/teste/nmp_axi4l_ip -config C:/Users/renan/Desktop/teste/hls_config.cfg -cmdlineconfig C:/Users/renan/Desktop/teste/nmp_axi4l_ip/hls/config.cmdline
VITIS-RUN internal step status: fail

------------------------------------------
VITIS-RUN command line :
------------------------------------------
C:/Xilinx/Vitis/2024.1/bin/unwrapped/win64.o/vitis-run.exe --mode hls --package --config C:\Users\renan\Desktop\teste\hls_config.cfg --work_dir nmp_axi4l_ip 
  Options from -O    : 
  Options from *.ini : 
  Options from Hw Platform : 

==========================================
new:  steps log generated by v++ for new launch 
timestamp: 31 Jul 2024 14:39:57
------------------------------------------
VITIS-RUN internal step: writing a config file for vitis_hls: C:/Users/renan/Desktop/teste/nmp_axi4l_ip/hls/config.cmdline
timestamp: 31 Jul 2024 14:39:57
VITIS-RUN internal step status: success
------------------------------------------
VITIS-RUN internal step: running vitis_hls
timestamp: 31 Jul 2024 14:39:57
working dir: C:/Users/renan/Desktop/teste
cmd: vitis_hls -nolog -run package -work_dir C:/Users/renan/Desktop/teste/nmp_axi4l_ip -config C:/Users/renan/Desktop/teste/hls_config.cfg -cmdlineconfig C:/Users/renan/Desktop/teste/nmp_axi4l_ip/hls/config.cmdline
VITIS-RUN internal step status: success

------------------------------------------
VITIS-RUN command line :
------------------------------------------
C:/Xilinx/Vitis/2024.1/bin/unwrapped/win64.o/vitis-run.exe --mode hls --csim --config C:\Users\renan\Desktop\teste\hls_config.cfg --work_dir nmp_axi4l_ip 
  Options from -O    : 
  Options from *.ini : 
  Options from Hw Platform : 

==========================================
new:  steps log generated by v++ for new launch 
timestamp: 31 Jul 2024 15:25:00
------------------------------------------
VITIS-RUN internal step: writing a config file for vitis_hls: C:/Users/renan/Desktop/teste/nmp_axi4l_ip/hls/config.cmdline
timestamp: 31 Jul 2024 15:25:00
VITIS-RUN internal step status: success
------------------------------------------
VITIS-RUN internal step: running vitis_hls
timestamp: 31 Jul 2024 15:25:00
working dir: C:/Users/renan/Desktop/teste
cmd: vitis_hls -nolog -run csim -work_dir C:/Users/renan/Desktop/teste/nmp_axi4l_ip -config C:/Users/renan/Desktop/teste/hls_config.cfg -cmdlineconfig C:/Users/renan/Desktop/teste/nmp_axi4l_ip/hls/config.cmdline
VITIS-RUN internal step status: success

------------------------------------------
VITIS-RUN command line :
------------------------------------------
C:/Xilinx/Vitis/2024.1/bin/unwrapped/win64.o/vitis-run.exe --mode hls --csim --config C:\Users\renan\Desktop\teste\hls_config.cfg --work_dir nmp_axi4l_ip 
  Options from -O    : 
  Options from *.ini : 
  Options from Hw Platform : 

==========================================
new:  steps log generated by v++ for new launch 
timestamp: 31 Jul 2024 15:26:24
------------------------------------------
VITIS-RUN internal step: writing a config file for vitis_hls: C:/Users/renan/Desktop/teste/nmp_axi4l_ip/hls/config.cmdline
timestamp: 31 Jul 2024 15:26:24
VITIS-RUN internal step status: success
------------------------------------------
VITIS-RUN internal step: running vitis_hls
timestamp: 31 Jul 2024 15:26:24
working dir: C:/Users/renan/Desktop/teste
cmd: vitis_hls -nolog -run csim -work_dir C:/Users/renan/Desktop/teste/nmp_axi4l_ip -config C:/Users/renan/Desktop/teste/hls_config.cfg -cmdlineconfig C:/Users/renan/Desktop/teste/nmp_axi4l_ip/hls/config.cmdline
VITIS-RUN internal step status: success

------------------------------------------
VITIS-RUN command line :
------------------------------------------
C:/Xilinx/Vitis/2024.1/bin/unwrapped/win64.o/vitis-run.exe --mode hls --csim --config C:\Users\renan\Desktop\teste\hls_config.cfg --work_dir nmp_axi4l_ip 
  Options from -O    : 
  Options from *.ini : 
  Options from Hw Platform : 

==========================================
new:  steps log generated by v++ for new launch 
timestamp: 31 Jul 2024 15:35:19
------------------------------------------
VITIS-RUN internal step: writing a config file for vitis_hls: C:/Users/renan/Desktop/teste/nmp_axi4l_ip/hls/config.cmdline
timestamp: 31 Jul 2024 15:35:19
VITIS-RUN internal step status: success
------------------------------------------
VITIS-RUN internal step: running vitis_hls
timestamp: 31 Jul 2024 15:35:19
working dir: C:/Users/renan/Desktop/teste
cmd: vitis_hls -nolog -run csim -work_dir C:/Users/renan/Desktop/teste/nmp_axi4l_ip -config C:/Users/renan/Desktop/teste/hls_config.cfg -cmdlineconfig C:/Users/renan/Desktop/teste/nmp_axi4l_ip/hls/config.cmdline
VITIS-RUN internal step status: success

------------------------------------------
VITIS-RUN command line :
------------------------------------------
C:/Xilinx/Vitis/2024.1/bin/unwrapped/win64.o/vitis-run.exe --mode hls --csim --config C:\Users\renan\Desktop\teste\hls_config.cfg --work_dir nmp_axi4l_ip 
  Options from -O    : 
  Options from *.ini : 
  Options from Hw Platform : 

==========================================
new:  steps log generated by v++ for new launch 
timestamp: 06 Aug 2024 10:17:55
------------------------------------------
VITIS-RUN internal step: writing a config file for vitis_hls: C:/Users/renan/Desktop/teste/nmp_axi4l_ip/hls/config.cmdline
timestamp: 06 Aug 2024 10:17:55
VITIS-RUN internal step status: success
------------------------------------------
VITIS-RUN internal step: running vitis_hls
timestamp: 06 Aug 2024 10:17:55
working dir: C:/Users/renan/Desktop/teste
cmd: vitis_hls -nolog -run csim -work_dir C:/Users/renan/Desktop/teste/nmp_axi4l_ip -config C:/Users/renan/Desktop/teste/hls_config.cfg -cmdlineconfig C:/Users/renan/Desktop/teste/nmp_axi4l_ip/hls/config.cmdline
VITIS-RUN internal step status: success

------------------------------------------
V++ command line :
------------------------------------------
C:/Xilinx/Vitis/2024.1/bin/unwrapped/win64.o/v++.exe -c --mode hls --config C:\Users\renan\Desktop\teste\hls_config.cfg --work_dir nmp_axi4l_ip 
  Options from -O    : 
  Options from *.ini : 
  Options from Hw Platform : 

==========================================
new:  steps log generated by v++ for new launch 
timestamp: 06 Aug 2024 10:18:37
------------------------------------------
V++ internal step: writing a config file for vitis_hls: C:/Users/renan/Desktop/teste/nmp_axi4l_ip/hls/config.cmdline
timestamp: 06 Aug 2024 10:18:37
V++ internal step status: success
------------------------------------------
V++ internal step: running vitis_hls
timestamp: 06 Aug 2024 10:18:37
working dir: C:/Users/renan/Desktop/teste
cmd: vitis_hls -nolog -run csynth -work_dir C:/Users/renan/Desktop/teste/nmp_axi4l_ip -config C:/Users/renan/Desktop/teste/hls_config.cfg -cmdlineconfig C:/Users/renan/Desktop/teste/nmp_axi4l_ip/hls/config.cmdline
V++ internal step status: success

------------------------------------------
VITIS-RUN command line :
------------------------------------------
C:/Xilinx/Vitis/2024.1/bin/unwrapped/win64.o/vitis-run.exe --mode hls --package --config C:\Users\renan\Desktop\teste\hls_config.cfg --work_dir nmp_axi4l_ip 
  Options from -O    : 
  Options from *.ini : 
  Options from Hw Platform : 

==========================================
new:  steps log generated by v++ for new launch 
timestamp: 06 Aug 2024 10:22:35
------------------------------------------
VITIS-RUN internal step: writing a config file for vitis_hls: C:/Users/renan/Desktop/teste/nmp_axi4l_ip/hls/config.cmdline
timestamp: 06 Aug 2024 10:22:35
VITIS-RUN internal step status: success
------------------------------------------
VITIS-RUN internal step: running vitis_hls
timestamp: 06 Aug 2024 10:22:35
working dir: C:/Users/renan/Desktop/teste
cmd: vitis_hls -nolog -run package -work_dir C:/Users/renan/Desktop/teste/nmp_axi4l_ip -config C:/Users/renan/Desktop/teste/hls_config.cfg -cmdlineconfig C:/Users/renan/Desktop/teste/nmp_axi4l_ip/hls/config.cmdline
VITIS-RUN internal step status: success

------------------------------------------
V++ command line :
------------------------------------------
C:/Xilinx/Vitis/2024.1/bin/unwrapped/win64.o/v++.exe -c --mode hls --config C:\Users\renan\Desktop\teste\hls_config.cfg --work_dir nmp_axi4l_ip 
  Options from -O    : 
  Options from *.ini : 
  Options from Hw Platform : 

==========================================
new:  steps log generated by v++ for new launch 
timestamp: 06 Aug 2024 10:52:14
------------------------------------------
V++ internal step: writing a config file for vitis_hls: C:/Users/renan/Desktop/teste/nmp_axi4l_ip/hls/config.cmdline
timestamp: 06 Aug 2024 10:52:14
V++ internal step status: success
------------------------------------------
V++ internal step: running vitis_hls
timestamp: 06 Aug 2024 10:52:14
working dir: C:/Users/renan/Desktop/teste
cmd: vitis_hls -nolog -run csynth -work_dir C:/Users/renan/Desktop/teste/nmp_axi4l_ip -config C:/Users/renan/Desktop/teste/hls_config.cfg -cmdlineconfig C:/Users/renan/Desktop/teste/nmp_axi4l_ip/hls/config.cmdline
V++ internal step status: success

------------------------------------------
VITIS-RUN command line :
------------------------------------------
C:/Xilinx/Vitis/2024.1/bin/unwrapped/win64.o/vitis-run.exe --mode hls --package --config C:\Users\renan\Desktop\teste\hls_config.cfg --work_dir nmp_axi4l_ip 
  Options from -O    : 
  Options from *.ini : 
  Options from Hw Platform : 

==========================================
new:  steps log generated by v++ for new launch 
timestamp: 06 Aug 2024 10:53:14
------------------------------------------
VITIS-RUN internal step: writing a config file for vitis_hls: C:/Users/renan/Desktop/teste/nmp_axi4l_ip/hls/config.cmdline
timestamp: 06 Aug 2024 10:53:14
VITIS-RUN internal step status: success
------------------------------------------
VITIS-RUN internal step: running vitis_hls
timestamp: 06 Aug 2024 10:53:14
working dir: C:/Users/renan/Desktop/teste
cmd: vitis_hls -nolog -run package -work_dir C:/Users/renan/Desktop/teste/nmp_axi4l_ip -config C:/Users/renan/Desktop/teste/hls_config.cfg -cmdlineconfig C:/Users/renan/Desktop/teste/nmp_axi4l_ip/hls/config.cmdline
VITIS-RUN internal step status: success

------------------------------------------
V++ command line :
------------------------------------------
C:/Xilinx/Vitis/2024.1/bin/unwrapped/win64.o/v++.exe -c --mode hls --config C:\Users\renan\Desktop\teste\hls_config.cfg --work_dir nmp_axi4l_ip 
  Options from -O    : 
  Options from *.ini : 
  Options from Hw Platform : 

==========================================
new:  steps log generated by v++ for new launch 
timestamp: 06 Aug 2024 11:01:03
------------------------------------------
V++ internal step: writing a config file for vitis_hls: C:/Users/renan/Desktop/teste/nmp_axi4l_ip/hls/config.cmdline
timestamp: 06 Aug 2024 11:01:03
V++ internal step status: success
------------------------------------------
V++ internal step: running vitis_hls
timestamp: 06 Aug 2024 11:01:03
working dir: C:/Users/renan/Desktop/teste
cmd: vitis_hls -nolog -run csynth -work_dir C:/Users/renan/Desktop/teste/nmp_axi4l_ip -config C:/Users/renan/Desktop/teste/hls_config.cfg -cmdlineconfig C:/Users/renan/Desktop/teste/nmp_axi4l_ip/hls/config.cmdline
V++ internal step status: success

------------------------------------------
VITIS-RUN command line :
------------------------------------------
C:/Xilinx/Vitis/2024.1/bin/unwrapped/win64.o/vitis-run.exe --mode hls --package --config C:\Users\renan\Desktop\teste\hls_config.cfg --work_dir nmp_axi4l_ip 
  Options from -O    : 
  Options from *.ini : 
  Options from Hw Platform : 

==========================================
new:  steps log generated by v++ for new launch 
timestamp: 06 Aug 2024 11:03:15
------------------------------------------
VITIS-RUN internal step: writing a config file for vitis_hls: C:/Users/renan/Desktop/teste/nmp_axi4l_ip/hls/config.cmdline
timestamp: 06 Aug 2024 11:03:15
VITIS-RUN internal step status: success
------------------------------------------
VITIS-RUN internal step: running vitis_hls
timestamp: 06 Aug 2024 11:03:15
working dir: C:/Users/renan/Desktop/teste
cmd: vitis_hls -nolog -run package -work_dir C:/Users/renan/Desktop/teste/nmp_axi4l_ip -config C:/Users/renan/Desktop/teste/hls_config.cfg -cmdlineconfig C:/Users/renan/Desktop/teste/nmp_axi4l_ip/hls/config.cmdline
VITIS-RUN internal step status: success

------------------------------------------
VITIS-RUN command line :
------------------------------------------
C:/Xilinx/Vitis/2024.1/bin/unwrapped/win64.o/vitis-run.exe --mode hls --csim --config C:\Users\renan\Desktop\teste\hls_config.cfg --work_dir nmp_axi4l_ip 
  Options from -O    : 
  Options from *.ini : 
  Options from Hw Platform : 

==========================================
new:  steps log generated by v++ for new launch 
timestamp: 06 Aug 2024 11:09:00
------------------------------------------
VITIS-RUN internal step: writing a config file for vitis_hls: C:/Users/renan/Desktop/teste/nmp_axi4l_ip/hls/config.cmdline
timestamp: 06 Aug 2024 11:09:00
VITIS-RUN internal step status: success
------------------------------------------
VITIS-RUN internal step: running vitis_hls
timestamp: 06 Aug 2024 11:09:00
working dir: C:/Users/renan/Desktop/teste
cmd: vitis_hls -nolog -run csim -work_dir C:/Users/renan/Desktop/teste/nmp_axi4l_ip -config C:/Users/renan/Desktop/teste/hls_config.cfg -cmdlineconfig C:/Users/renan/Desktop/teste/nmp_axi4l_ip/hls/config.cmdline
VITIS-RUN internal step status: fail

------------------------------------------
VITIS-RUN command line :
------------------------------------------
C:/Xilinx/Vitis/2024.1/bin/unwrapped/win64.o/vitis-run.exe --mode hls --csim --config C:\Users\renan\Desktop\teste\hls_config.cfg --work_dir nmp_axi4l_ip 
  Options from -O    : 
  Options from *.ini : 
  Options from Hw Platform : 

==========================================
new:  steps log generated by v++ for new launch 
timestamp: 06 Aug 2024 11:10:57
------------------------------------------
VITIS-RUN internal step: writing a config file for vitis_hls: C:/Users/renan/Desktop/teste/nmp_axi4l_ip/hls/config.cmdline
timestamp: 06 Aug 2024 11:10:57
VITIS-RUN internal step status: success
------------------------------------------
VITIS-RUN internal step: running vitis_hls
timestamp: 06 Aug 2024 11:10:57
working dir: C:/Users/renan/Desktop/teste
cmd: vitis_hls -nolog -run csim -work_dir C:/Users/renan/Desktop/teste/nmp_axi4l_ip -config C:/Users/renan/Desktop/teste/hls_config.cfg -cmdlineconfig C:/Users/renan/Desktop/teste/nmp_axi4l_ip/hls/config.cmdline
VITIS-RUN internal step status: fail

------------------------------------------
V++ command line :
------------------------------------------
C:/Xilinx/Vitis/2024.1/bin/unwrapped/win64.o/v++.exe -c --mode hls --config C:\Users\renan\Desktop\teste\hls_config.cfg --work_dir nmp_axi4l_ip 
  Options from -O    : 
  Options from *.ini : 
  Options from Hw Platform : 

==========================================
new:  steps log generated by v++ for new launch 
timestamp: 06 Aug 2024 11:11:47
------------------------------------------
V++ internal step: writing a config file for vitis_hls: C:/Users/renan/Desktop/teste/nmp_axi4l_ip/hls/config.cmdline
timestamp: 06 Aug 2024 11:11:47
V++ internal step status: success
------------------------------------------
V++ internal step: running vitis_hls
timestamp: 06 Aug 2024 11:11:47
working dir: C:/Users/renan/Desktop/teste
cmd: vitis_hls -nolog -run csynth -work_dir C:/Users/renan/Desktop/teste/nmp_axi4l_ip -config C:/Users/renan/Desktop/teste/hls_config.cfg -cmdlineconfig C:/Users/renan/Desktop/teste/nmp_axi4l_ip/hls/config.cmdline
V++ internal step status: success

------------------------------------------
VITIS-RUN command line :
------------------------------------------
C:/Xilinx/Vitis/2024.1/bin/unwrapped/win64.o/vitis-run.exe --mode hls --package --config C:\Users\renan\Desktop\teste\hls_config.cfg --work_dir nmp_axi4l_ip 
  Options from -O    : 
  Options from *.ini : 
  Options from Hw Platform : 

==========================================
new:  steps log generated by v++ for new launch 
timestamp: 06 Aug 2024 11:12:34
------------------------------------------
VITIS-RUN internal step: writing a config file for vitis_hls: C:/Users/renan/Desktop/teste/nmp_axi4l_ip/hls/config.cmdline
timestamp: 06 Aug 2024 11:12:34
VITIS-RUN internal step status: success
------------------------------------------
VITIS-RUN internal step: running vitis_hls
timestamp: 06 Aug 2024 11:12:34
working dir: C:/Users/renan/Desktop/teste
cmd: vitis_hls -nolog -run package -work_dir C:/Users/renan/Desktop/teste/nmp_axi4l_ip -config C:/Users/renan/Desktop/teste/hls_config.cfg -cmdlineconfig C:/Users/renan/Desktop/teste/nmp_axi4l_ip/hls/config.cmdline
VITIS-RUN internal step status: success

------------------------------------------
VITIS-RUN command line :
------------------------------------------
C:/Xilinx/Vitis/2024.1/bin/unwrapped/win64.o/vitis-run.exe --mode hls --csim --config C:\Users\renan\Desktop\teste\hls_config.cfg --work_dir nmp_axi4l_ip 
  Options from -O    : 
  Options from *.ini : 
  Options from Hw Platform : 

==========================================
new:  steps log generated by v++ for new launch 
timestamp: 06 Aug 2024 11:52:26
------------------------------------------
VITIS-RUN internal step: writing a config file for vitis_hls: C:/Users/renan/Desktop/teste/nmp_axi4l_ip/hls/config.cmdline
timestamp: 06 Aug 2024 11:52:26
VITIS-RUN internal step status: success
------------------------------------------
VITIS-RUN internal step: running vitis_hls
timestamp: 06 Aug 2024 11:52:26
working dir: C:/Users/renan/Desktop/teste
cmd: vitis_hls -nolog -run csim -work_dir C:/Users/renan/Desktop/teste/nmp_axi4l_ip -config C:/Users/renan/Desktop/teste/hls_config.cfg -cmdlineconfig C:/Users/renan/Desktop/teste/nmp_axi4l_ip/hls/config.cmdline
VITIS-RUN internal step status: fail

------------------------------------------
VITIS-RUN command line :
------------------------------------------
C:/Xilinx/Vitis/2024.1/bin/unwrapped/win64.o/vitis-run.exe --mode hls --csim --config C:\Users\renan\Desktop\teste\hls_config.cfg --work_dir nmp_axi4l_ip 
  Options from -O    : 
  Options from *.ini : 
  Options from Hw Platform : 

==========================================
new:  steps log generated by v++ for new launch 
timestamp: 06 Aug 2024 11:53:04
------------------------------------------
VITIS-RUN internal step: writing a config file for vitis_hls: C:/Users/renan/Desktop/teste/nmp_axi4l_ip/hls/config.cmdline
timestamp: 06 Aug 2024 11:53:04
VITIS-RUN internal step status: success
------------------------------------------
VITIS-RUN internal step: running vitis_hls
timestamp: 06 Aug 2024 11:53:04
working dir: C:/Users/renan/Desktop/teste
cmd: vitis_hls -nolog -run csim -work_dir C:/Users/renan/Desktop/teste/nmp_axi4l_ip -config C:/Users/renan/Desktop/teste/hls_config.cfg -cmdlineconfig C:/Users/renan/Desktop/teste/nmp_axi4l_ip/hls/config.cmdline
VITIS-RUN internal step status: fail

------------------------------------------
VITIS-RUN command line :
------------------------------------------
C:/Xilinx/Vitis/2024.1/bin/unwrapped/win64.o/vitis-run.exe --mode hls --csim --config C:\Users\renan\Desktop\teste\hls_config.cfg --work_dir nmp_axi4l_ip 
  Options from -O    : 
  Options from *.ini : 
  Options from Hw Platform : 

==========================================
new:  steps log generated by v++ for new launch 
timestamp: 06 Aug 2024 12:02:48
------------------------------------------
VITIS-RUN internal step: writing a config file for vitis_hls: C:/Users/renan/Desktop/teste/nmp_axi4l_ip/hls/config.cmdline
timestamp: 06 Aug 2024 12:02:48
VITIS-RUN internal step status: success
------------------------------------------
VITIS-RUN internal step: running vitis_hls
timestamp: 06 Aug 2024 12:02:48
working dir: C:/Users/renan/Desktop/teste
cmd: vitis_hls -nolog -run csim -work_dir C:/Users/renan/Desktop/teste/nmp_axi4l_ip -config C:/Users/renan/Desktop/teste/hls_config.cfg -cmdlineconfig C:/Users/renan/Desktop/teste/nmp_axi4l_ip/hls/config.cmdline
VITIS-RUN internal step status: fail

------------------------------------------
VITIS-RUN command line :
------------------------------------------
C:/Xilinx/Vitis/2024.1/bin/unwrapped/win64.o/vitis-run.exe --mode hls --csim --config C:\Users\renan\Desktop\teste\hls_config.cfg --work_dir nmp_axi4l_ip 
  Options from -O    : 
  Options from *.ini : 
  Options from Hw Platform : 

==========================================
new:  steps log generated by v++ for new launch 
timestamp: 06 Aug 2024 12:03:55
------------------------------------------
VITIS-RUN internal step: writing a config file for vitis_hls: C:/Users/renan/Desktop/teste/nmp_axi4l_ip/hls/config.cmdline
timestamp: 06 Aug 2024 12:03:55
VITIS-RUN internal step status: success
------------------------------------------
VITIS-RUN internal step: running vitis_hls
timestamp: 06 Aug 2024 12:03:55
working dir: C:/Users/renan/Desktop/teste
cmd: vitis_hls -nolog -run csim -work_dir C:/Users/renan/Desktop/teste/nmp_axi4l_ip -config C:/Users/renan/Desktop/teste/hls_config.cfg -cmdlineconfig C:/Users/renan/Desktop/teste/nmp_axi4l_ip/hls/config.cmdline
VITIS-RUN internal step status: fail

------------------------------------------
VITIS-RUN command line :
------------------------------------------
C:/Xilinx/Vitis/2024.1/bin/unwrapped/win64.o/vitis-run.exe --mode hls --csim --config C:\Users\renan\Desktop\teste\hls_config.cfg --work_dir nmp_axi4l_ip 
  Options from -O    : 
  Options from *.ini : 
  Options from Hw Platform : 

==========================================
new:  steps log generated by v++ for new launch 
timestamp: 06 Aug 2024 12:05:59
------------------------------------------
VITIS-RUN internal step: writing a config file for vitis_hls: C:/Users/renan/Desktop/teste/nmp_axi4l_ip/hls/config.cmdline
timestamp: 06 Aug 2024 12:05:59
VITIS-RUN internal step status: success
------------------------------------------
VITIS-RUN internal step: running vitis_hls
timestamp: 06 Aug 2024 12:05:59
working dir: C:/Users/renan/Desktop/teste
cmd: vitis_hls -nolog -run csim -work_dir C:/Users/renan/Desktop/teste/nmp_axi4l_ip -config C:/Users/renan/Desktop/teste/hls_config.cfg -cmdlineconfig C:/Users/renan/Desktop/teste/nmp_axi4l_ip/hls/config.cmdline
VITIS-RUN internal step status: fail

------------------------------------------
VITIS-RUN command line :
------------------------------------------
C:/Xilinx/Vitis/2024.1/bin/unwrapped/win64.o/vitis-run.exe --mode hls --csim --config C:\Users\renan\Desktop\teste\hls_config.cfg --work_dir nmp_axi4l_ip 
  Options from -O    : 
  Options from *.ini : 
  Options from Hw Platform : 

==========================================
new:  steps log generated by v++ for new launch 
timestamp: 06 Aug 2024 12:08:35
------------------------------------------
VITIS-RUN internal step: writing a config file for vitis_hls: C:/Users/renan/Desktop/teste/nmp_axi4l_ip/hls/config.cmdline
timestamp: 06 Aug 2024 12:08:35
VITIS-RUN internal step status: success
------------------------------------------
VITIS-RUN internal step: running vitis_hls
timestamp: 06 Aug 2024 12:08:35
working dir: C:/Users/renan/Desktop/teste
cmd: vitis_hls -nolog -run csim -work_dir C:/Users/renan/Desktop/teste/nmp_axi4l_ip -config C:/Users/renan/Desktop/teste/hls_config.cfg -cmdlineconfig C:/Users/renan/Desktop/teste/nmp_axi4l_ip/hls/config.cmdline
VITIS-RUN internal step status: fail

------------------------------------------
VITIS-RUN command line :
------------------------------------------
C:/Xilinx/Vitis/2024.1/bin/unwrapped/win64.o/vitis-run.exe --mode hls --csim --config C:\Users\renan\Desktop\teste\hls_config.cfg --work_dir nmp_axi4l_ip 
  Options from -O    : 
  Options from *.ini : 
  Options from Hw Platform : 

==========================================
new:  steps log generated by v++ for new launch 
timestamp: 06 Aug 2024 12:09:13
------------------------------------------
VITIS-RUN internal step: writing a config file for vitis_hls: C:/Users/renan/Desktop/teste/nmp_axi4l_ip/hls/config.cmdline
timestamp: 06 Aug 2024 12:09:13
VITIS-RUN internal step status: success
------------------------------------------
VITIS-RUN internal step: running vitis_hls
timestamp: 06 Aug 2024 12:09:13
working dir: C:/Users/renan/Desktop/teste
cmd: vitis_hls -nolog -run csim -work_dir C:/Users/renan/Desktop/teste/nmp_axi4l_ip -config C:/Users/renan/Desktop/teste/hls_config.cfg -cmdlineconfig C:/Users/renan/Desktop/teste/nmp_axi4l_ip/hls/config.cmdline
VITIS-RUN internal step status: fail

------------------------------------------
VITIS-RUN command line :
------------------------------------------
C:/Xilinx/Vitis/2024.1/bin/unwrapped/win64.o/vitis-run.exe --mode hls --csim --config C:\Users\renan\Desktop\teste\hls_config.cfg --work_dir nmp_axi4l_ip 
  Options from -O    : 
  Options from *.ini : 
  Options from Hw Platform : 

==========================================
new:  steps log generated by v++ for new launch 
timestamp: 06 Aug 2024 12:09:54
------------------------------------------
VITIS-RUN internal step: writing a config file for vitis_hls: C:/Users/renan/Desktop/teste/nmp_axi4l_ip/hls/config.cmdline
timestamp: 06 Aug 2024 12:09:54
VITIS-RUN internal step status: success
------------------------------------------
VITIS-RUN internal step: running vitis_hls
timestamp: 06 Aug 2024 12:09:54
working dir: C:/Users/renan/Desktop/teste
cmd: vitis_hls -nolog -run csim -work_dir C:/Users/renan/Desktop/teste/nmp_axi4l_ip -config C:/Users/renan/Desktop/teste/hls_config.cfg -cmdlineconfig C:/Users/renan/Desktop/teste/nmp_axi4l_ip/hls/config.cmdline
VITIS-RUN internal step status: success

------------------------------------------
VITIS-RUN command line :
------------------------------------------
C:/Xilinx/Vitis/2024.1/bin/unwrapped/win64.o/vitis-run.exe --mode hls --csim --config C:\Users\renan\Desktop\teste\hls_config.cfg --work_dir nmp_axi4l_ip 
  Options from -O    : 
  Options from *.ini : 
  Options from Hw Platform : 

==========================================
new:  steps log generated by v++ for new launch 
timestamp: 06 Aug 2024 12:11:37
------------------------------------------
VITIS-RUN internal step: writing a config file for vitis_hls: C:/Users/renan/Desktop/teste/nmp_axi4l_ip/hls/config.cmdline
timestamp: 06 Aug 2024 12:11:37
VITIS-RUN internal step status: success
------------------------------------------
VITIS-RUN internal step: running vitis_hls
timestamp: 06 Aug 2024 12:11:37
working dir: C:/Users/renan/Desktop/teste
cmd: vitis_hls -nolog -run csim -work_dir C:/Users/renan/Desktop/teste/nmp_axi4l_ip -config C:/Users/renan/Desktop/teste/hls_config.cfg -cmdlineconfig C:/Users/renan/Desktop/teste/nmp_axi4l_ip/hls/config.cmdline
VITIS-RUN internal step status: fail

------------------------------------------
VITIS-RUN command line :
------------------------------------------
C:/Xilinx/Vitis/2024.1/bin/unwrapped/win64.o/vitis-run.exe --mode hls --csim --config C:\Users\renan\Desktop\teste\hls_config.cfg --work_dir nmp_axi4l_ip 
  Options from -O    : 
  Options from *.ini : 
  Options from Hw Platform : 

==========================================
new:  steps log generated by v++ for new launch 
timestamp: 06 Aug 2024 12:16:31
------------------------------------------
VITIS-RUN internal step: writing a config file for vitis_hls: C:/Users/renan/Desktop/teste/nmp_axi4l_ip/hls/config.cmdline
timestamp: 06 Aug 2024 12:16:31
VITIS-RUN internal step status: success
------------------------------------------
VITIS-RUN internal step: running vitis_hls
timestamp: 06 Aug 2024 12:16:31
working dir: C:/Users/renan/Desktop/teste
cmd: vitis_hls -nolog -run csim -work_dir C:/Users/renan/Desktop/teste/nmp_axi4l_ip -config C:/Users/renan/Desktop/teste/hls_config.cfg -cmdlineconfig C:/Users/renan/Desktop/teste/nmp_axi4l_ip/hls/config.cmdline
VITIS-RUN internal step status: fail

------------------------------------------
VITIS-RUN command line :
------------------------------------------
C:/Xilinx/Vitis/2024.1/bin/unwrapped/win64.o/vitis-run.exe --mode hls --csim --config C:\Users\renan\Desktop\teste\hls_config.cfg --work_dir nmp_axi4l_ip 
  Options from -O    : 
  Options from *.ini : 
  Options from Hw Platform : 

==========================================
new:  steps log generated by v++ for new launch 
timestamp: 06 Aug 2024 12:20:01
------------------------------------------
VITIS-RUN internal step: writing a config file for vitis_hls: C:/Users/renan/Desktop/teste/nmp_axi4l_ip/hls/config.cmdline
timestamp: 06 Aug 2024 12:20:01
VITIS-RUN internal step status: success
------------------------------------------
VITIS-RUN internal step: running vitis_hls
timestamp: 06 Aug 2024 12:20:01
working dir: C:/Users/renan/Desktop/teste
cmd: vitis_hls -nolog -run csim -work_dir C:/Users/renan/Desktop/teste/nmp_axi4l_ip -config C:/Users/renan/Desktop/teste/hls_config.cfg -cmdlineconfig C:/Users/renan/Desktop/teste/nmp_axi4l_ip/hls/config.cmdline
VITIS-RUN internal step status: fail

------------------------------------------
VITIS-RUN command line :
------------------------------------------
C:/Xilinx/Vitis/2024.1/bin/unwrapped/win64.o/vitis-run.exe --mode hls --csim --config C:\Users\renan\Desktop\teste\hls_config.cfg --work_dir nmp_axi4l_ip 
  Options from -O    : 
  Options from *.ini : 
  Options from Hw Platform : 

==========================================
new:  steps log generated by v++ for new launch 
timestamp: 06 Aug 2024 12:20:50
------------------------------------------
VITIS-RUN internal step: writing a config file for vitis_hls: C:/Users/renan/Desktop/teste/nmp_axi4l_ip/hls/config.cmdline
timestamp: 06 Aug 2024 12:20:50
VITIS-RUN internal step status: success
------------------------------------------
VITIS-RUN internal step: running vitis_hls
timestamp: 06 Aug 2024 12:20:50
working dir: C:/Users/renan/Desktop/teste
cmd: vitis_hls -nolog -run csim -work_dir C:/Users/renan/Desktop/teste/nmp_axi4l_ip -config C:/Users/renan/Desktop/teste/hls_config.cfg -cmdlineconfig C:/Users/renan/Desktop/teste/nmp_axi4l_ip/hls/config.cmdline
VITIS-RUN internal step status: fail

------------------------------------------
VITIS-RUN command line :
------------------------------------------
C:/Xilinx/Vitis/2024.1/bin/unwrapped/win64.o/vitis-run.exe --mode hls --csim --config C:\Users\renan\Desktop\teste\hls_config.cfg --work_dir nmp_axi4l_ip 
  Options from -O    : 
  Options from *.ini : 
  Options from Hw Platform : 

==========================================
new:  steps log generated by v++ for new launch 
timestamp: 06 Aug 2024 13:04:39
------------------------------------------
VITIS-RUN internal step: writing a config file for vitis_hls: C:/Users/renan/Desktop/teste/nmp_axi4l_ip/hls/config.cmdline
timestamp: 06 Aug 2024 13:04:39
VITIS-RUN internal step status: success
------------------------------------------
VITIS-RUN internal step: running vitis_hls
timestamp: 06 Aug 2024 13:04:39
working dir: C:/Users/renan/Desktop/teste
cmd: vitis_hls -nolog -run csim -work_dir C:/Users/renan/Desktop/teste/nmp_axi4l_ip -config C:/Users/renan/Desktop/teste/hls_config.cfg -cmdlineconfig C:/Users/renan/Desktop/teste/nmp_axi4l_ip/hls/config.cmdline
VITIS-RUN internal step status: success

------------------------------------------
VITIS-RUN command line :
------------------------------------------
C:/Xilinx/Vitis/2024.1/bin/unwrapped/win64.o/vitis-run.exe --mode hls --csim --config C:\Users\renan\Desktop\teste\hls_config.cfg --work_dir nmp_axi4l_ip 
  Options from -O    : 
  Options from *.ini : 
  Options from Hw Platform : 

==========================================
new:  steps log generated by v++ for new launch 
timestamp: 06 Aug 2024 13:07:01
------------------------------------------
VITIS-RUN internal step: writing a config file for vitis_hls: C:/Users/renan/Desktop/teste/nmp_axi4l_ip/hls/config.cmdline
timestamp: 06 Aug 2024 13:07:01
VITIS-RUN internal step status: success
------------------------------------------
VITIS-RUN internal step: running vitis_hls
timestamp: 06 Aug 2024 13:07:01
working dir: C:/Users/renan/Desktop/teste
cmd: vitis_hls -nolog -run csim -work_dir C:/Users/renan/Desktop/teste/nmp_axi4l_ip -config C:/Users/renan/Desktop/teste/hls_config.cfg -cmdlineconfig C:/Users/renan/Desktop/teste/nmp_axi4l_ip/hls/config.cmdline
VITIS-RUN internal step status: fail

------------------------------------------
VITIS-RUN command line :
------------------------------------------
C:/Xilinx/Vitis/2024.1/bin/unwrapped/win64.o/vitis-run.exe --mode hls --csim --config C:\Users\renan\Desktop\teste\hls_config.cfg --work_dir nmp_axi4l_ip 
  Options from -O    : 
  Options from *.ini : 
  Options from Hw Platform : 

==========================================
new:  steps log generated by v++ for new launch 
timestamp: 06 Aug 2024 13:09:02
------------------------------------------
VITIS-RUN internal step: writing a config file for vitis_hls: C:/Users/renan/Desktop/teste/nmp_axi4l_ip/hls/config.cmdline
timestamp: 06 Aug 2024 13:09:02
VITIS-RUN internal step status: success
------------------------------------------
VITIS-RUN internal step: running vitis_hls
timestamp: 06 Aug 2024 13:09:02
working dir: C:/Users/renan/Desktop/teste
cmd: vitis_hls -nolog -run csim -work_dir C:/Users/renan/Desktop/teste/nmp_axi4l_ip -config C:/Users/renan/Desktop/teste/hls_config.cfg -cmdlineconfig C:/Users/renan/Desktop/teste/nmp_axi4l_ip/hls/config.cmdline
VITIS-RUN internal step status: success

------------------------------------------
V++ command line :
------------------------------------------
C:/Xilinx/Vitis/2024.1/bin/unwrapped/win64.o/v++.exe -c --mode hls --config C:\Users\renan\Desktop\teste\hls_config.cfg --work_dir nmp_axi4l_ip 
  Options from -O    : 
  Options from *.ini : 
  Options from Hw Platform : 

==========================================
new:  steps log generated by v++ for new launch 
timestamp: 06 Aug 2024 13:12:28
------------------------------------------
V++ internal step: writing a config file for vitis_hls: C:/Users/renan/Desktop/teste/nmp_axi4l_ip/hls/config.cmdline
timestamp: 06 Aug 2024 13:12:28
V++ internal step status: success
------------------------------------------
V++ internal step: running vitis_hls
timestamp: 06 Aug 2024 13:12:28
working dir: C:/Users/renan/Desktop/teste
cmd: vitis_hls -nolog -run csynth -work_dir C:/Users/renan/Desktop/teste/nmp_axi4l_ip -config C:/Users/renan/Desktop/teste/hls_config.cfg -cmdlineconfig C:/Users/renan/Desktop/teste/nmp_axi4l_ip/hls/config.cmdline
V++ internal step status: success

------------------------------------------
VITIS-RUN command line :
------------------------------------------
C:/Xilinx/Vitis/2024.1/bin/unwrapped/win64.o/vitis-run.exe --mode hls --package --config C:\Users\renan\Desktop\teste\hls_config.cfg --work_dir nmp_axi4l_ip 
  Options from -O    : 
  Options from *.ini : 
  Options from Hw Platform : 

==========================================
new:  steps log generated by v++ for new launch 
timestamp: 06 Aug 2024 13:14:30
------------------------------------------
VITIS-RUN internal step: writing a config file for vitis_hls: C:/Users/renan/Desktop/teste/nmp_axi4l_ip/hls/config.cmdline
timestamp: 06 Aug 2024 13:14:30
VITIS-RUN internal step status: success
------------------------------------------
VITIS-RUN internal step: running vitis_hls
timestamp: 06 Aug 2024 13:14:30
working dir: C:/Users/renan/Desktop/teste
cmd: vitis_hls -nolog -run package -work_dir C:/Users/renan/Desktop/teste/nmp_axi4l_ip -config C:/Users/renan/Desktop/teste/hls_config.cfg -cmdlineconfig C:/Users/renan/Desktop/teste/nmp_axi4l_ip/hls/config.cmdline
VITIS-RUN internal step status: success

------------------------------------------
VITIS-RUN command line :
------------------------------------------
C:/Xilinx/Vitis/2024.1/bin/unwrapped/win64.o/vitis-run.exe --mode hls --csim --config C:\Users\renan\Desktop\teste\hls_config.cfg --work_dir nmp_axi4l_ip 
  Options from -O    : 
  Options from *.ini : 
  Options from Hw Platform : 

==========================================
new:  steps log generated by v++ for new launch 
timestamp: 06 Aug 2024 14:16:15
------------------------------------------
VITIS-RUN internal step: writing a config file for vitis_hls: C:/Users/renan/Desktop/teste/nmp_axi4l_ip/hls/config.cmdline
timestamp: 06 Aug 2024 14:16:15
VITIS-RUN internal step status: success
------------------------------------------
VITIS-RUN internal step: running vitis_hls
timestamp: 06 Aug 2024 14:16:15
working dir: C:/Users/renan/Desktop/teste
cmd: vitis_hls -nolog -run csim -work_dir C:/Users/renan/Desktop/teste/nmp_axi4l_ip -config C:/Users/renan/Desktop/teste/hls_config.cfg -cmdlineconfig C:/Users/renan/Desktop/teste/nmp_axi4l_ip/hls/config.cmdline
VITIS-RUN internal step status: success

------------------------------------------
VITIS-RUN command line :
------------------------------------------
C:/Xilinx/Vitis/2024.1/bin/unwrapped/win64.o/vitis-run.exe --mode hls --csim --config C:\Users\renan\Desktop\teste\hls_config.cfg --work_dir nmp_axi4l_ip 
  Options from -O    : 
  Options from *.ini : 
  Options from Hw Platform : 

==========================================
new:  steps log generated by v++ for new launch 
timestamp: 06 Aug 2024 14:19:47
------------------------------------------
VITIS-RUN internal step: writing a config file for vitis_hls: C:/Users/renan/Desktop/teste/nmp_axi4l_ip/hls/config.cmdline
timestamp: 06 Aug 2024 14:19:47
VITIS-RUN internal step status: success
------------------------------------------
VITIS-RUN internal step: running vitis_hls
timestamp: 06 Aug 2024 14:19:47
working dir: C:/Users/renan/Desktop/teste
cmd: vitis_hls -nolog -run csim -work_dir C:/Users/renan/Desktop/teste/nmp_axi4l_ip -config C:/Users/renan/Desktop/teste/hls_config.cfg -cmdlineconfig C:/Users/renan/Desktop/teste/nmp_axi4l_ip/hls/config.cmdline
VITIS-RUN internal step status: success

------------------------------------------
VITIS-RUN command line :
------------------------------------------
C:/Xilinx/Vitis/2024.1/bin/unwrapped/win64.o/vitis-run.exe --mode hls --csim --config C:\Users\renan\Desktop\teste\hls_config.cfg --work_dir nmp_axi4l_ip 
  Options from -O    : 
  Options from *.ini : 
  Options from Hw Platform : 

==========================================
new:  steps log generated by v++ for new launch 
timestamp: 06 Aug 2024 14:22:10
------------------------------------------
VITIS-RUN internal step: writing a config file for vitis_hls: C:/Users/renan/Desktop/teste/nmp_axi4l_ip/hls/config.cmdline
timestamp: 06 Aug 2024 14:22:10
VITIS-RUN internal step status: success
------------------------------------------
VITIS-RUN internal step: running vitis_hls
timestamp: 06 Aug 2024 14:22:10
working dir: C:/Users/renan/Desktop/teste
cmd: vitis_hls -nolog -run csim -work_dir C:/Users/renan/Desktop/teste/nmp_axi4l_ip -config C:/Users/renan/Desktop/teste/hls_config.cfg -cmdlineconfig C:/Users/renan/Desktop/teste/nmp_axi4l_ip/hls/config.cmdline
VITIS-RUN internal step status: success

------------------------------------------
VITIS-RUN command line :
------------------------------------------
C:/Xilinx/Vitis/2024.1/bin/unwrapped/win64.o/vitis-run.exe --mode hls --csim --config C:\Users\renan\Desktop\teste\hls_config.cfg --work_dir nmp_axi4l_ip 
  Options from -O    : 
  Options from *.ini : 
  Options from Hw Platform : 

==========================================
new:  steps log generated by v++ for new launch 
timestamp: 06 Aug 2024 14:22:54
------------------------------------------
VITIS-RUN internal step: writing a config file for vitis_hls: C:/Users/renan/Desktop/teste/nmp_axi4l_ip/hls/config.cmdline
timestamp: 06 Aug 2024 14:22:54
VITIS-RUN internal step status: success
------------------------------------------
VITIS-RUN internal step: running vitis_hls
timestamp: 06 Aug 2024 14:22:54
working dir: C:/Users/renan/Desktop/teste
cmd: vitis_hls -nolog -run csim -work_dir C:/Users/renan/Desktop/teste/nmp_axi4l_ip -config C:/Users/renan/Desktop/teste/hls_config.cfg -cmdlineconfig C:/Users/renan/Desktop/teste/nmp_axi4l_ip/hls/config.cmdline
VITIS-RUN internal step status: success

------------------------------------------
VITIS-RUN command line :
------------------------------------------
C:/Xilinx/Vitis/2024.1/bin/unwrapped/win64.o/vitis-run.exe --mode hls --csim --config C:\Users\renan\Desktop\teste\hls_config.cfg --work_dir nmp_axi4l_ip 
  Options from -O    : 
  Options from *.ini : 
  Options from Hw Platform : 

==========================================
new:  steps log generated by v++ for new launch 
timestamp: 06 Aug 2024 14:23:18
------------------------------------------
VITIS-RUN internal step: writing a config file for vitis_hls: C:/Users/renan/Desktop/teste/nmp_axi4l_ip/hls/config.cmdline
timestamp: 06 Aug 2024 14:23:18
VITIS-RUN internal step status: success
------------------------------------------
VITIS-RUN internal step: running vitis_hls
timestamp: 06 Aug 2024 14:23:18
working dir: C:/Users/renan/Desktop/teste
cmd: vitis_hls -nolog -run csim -work_dir C:/Users/renan/Desktop/teste/nmp_axi4l_ip -config C:/Users/renan/Desktop/teste/hls_config.cfg -cmdlineconfig C:/Users/renan/Desktop/teste/nmp_axi4l_ip/hls/config.cmdline
VITIS-RUN internal step status: success

------------------------------------------
V++ command line :
------------------------------------------
C:/Xilinx/Vitis/2024.1/bin/unwrapped/win64.o/v++.exe -c --mode hls --config C:\Users\renan\Desktop\teste\hls_config.cfg --work_dir nmp_axi4l_ip 
  Options from -O    : 
  Options from *.ini : 
  Options from Hw Platform : 

==========================================
new:  steps log generated by v++ for new launch 
timestamp: 06 Aug 2024 14:25:53
------------------------------------------
V++ internal step: writing a config file for vitis_hls: C:/Users/renan/Desktop/teste/nmp_axi4l_ip/hls/config.cmdline
timestamp: 06 Aug 2024 14:25:53
V++ internal step status: success
------------------------------------------
V++ internal step: running vitis_hls
timestamp: 06 Aug 2024 14:25:53
working dir: C:/Users/renan/Desktop/teste
cmd: vitis_hls -nolog -run csynth -work_dir C:/Users/renan/Desktop/teste/nmp_axi4l_ip -config C:/Users/renan/Desktop/teste/hls_config.cfg -cmdlineconfig C:/Users/renan/Desktop/teste/nmp_axi4l_ip/hls/config.cmdline
V++ internal step status: success

------------------------------------------
VITIS-RUN command line :
------------------------------------------
C:/Xilinx/Vitis/2024.1/bin/unwrapped/win64.o/vitis-run.exe --mode hls --package --config C:\Users\renan\Desktop\teste\hls_config.cfg --work_dir nmp_axi4l_ip 
  Options from -O    : 
  Options from *.ini : 
  Options from Hw Platform : 

==========================================
new:  steps log generated by v++ for new launch 
timestamp: 06 Aug 2024 14:30:38
------------------------------------------
VITIS-RUN internal step: writing a config file for vitis_hls: C:/Users/renan/Desktop/teste/nmp_axi4l_ip/hls/config.cmdline
timestamp: 06 Aug 2024 14:30:38
VITIS-RUN internal step status: success
------------------------------------------
VITIS-RUN internal step: running vitis_hls
timestamp: 06 Aug 2024 14:30:38
working dir: C:/Users/renan/Desktop/teste
cmd: vitis_hls -nolog -run package -work_dir C:/Users/renan/Desktop/teste/nmp_axi4l_ip -config C:/Users/renan/Desktop/teste/hls_config.cfg -cmdlineconfig C:/Users/renan/Desktop/teste/nmp_axi4l_ip/hls/config.cmdline
VITIS-RUN internal step status: success

------------------------------------------
VITIS-RUN command line :
------------------------------------------
C:/Xilinx/Vitis/2024.1/bin/unwrapped/win64.o/vitis-run.exe --mode hls --csim --config C:\Users\renan\Desktop\teste\hls_config.cfg --work_dir nmp_axi4l_ip 
  Options from -O    : 
  Options from *.ini : 
  Options from Hw Platform : 

==========================================
new:  steps log generated by v++ for new launch 
timestamp: 06 Aug 2024 15:15:52
------------------------------------------
VITIS-RUN internal step: writing a config file for vitis_hls: C:/Users/renan/Desktop/teste/nmp_axi4l_ip/hls/config.cmdline
timestamp: 06 Aug 2024 15:15:52
VITIS-RUN internal step status: success
------------------------------------------
VITIS-RUN internal step: running vitis_hls
timestamp: 06 Aug 2024 15:15:52
working dir: C:/Users/renan/Desktop/teste
cmd: vitis_hls -nolog -run csim -work_dir C:/Users/renan/Desktop/teste/nmp_axi4l_ip -config C:/Users/renan/Desktop/teste/hls_config.cfg -cmdlineconfig C:/Users/renan/Desktop/teste/nmp_axi4l_ip/hls/config.cmdline
VITIS-RUN internal step status: fail

------------------------------------------
VITIS-RUN command line :
------------------------------------------
C:/Xilinx/Vitis/2024.1/bin/unwrapped/win64.o/vitis-run.exe --mode hls --csim --config C:\Users\renan\Desktop\teste\hls_config.cfg --work_dir nmp_axi4l_ip 
  Options from -O    : 
  Options from *.ini : 
  Options from Hw Platform : 

==========================================
new:  steps log generated by v++ for new launch 
timestamp: 06 Aug 2024 15:23:01
------------------------------------------
VITIS-RUN internal step: writing a config file for vitis_hls: C:/Users/renan/Desktop/teste/nmp_axi4l_ip/hls/config.cmdline
timestamp: 06 Aug 2024 15:23:01
VITIS-RUN internal step status: success
------------------------------------------
VITIS-RUN internal step: running vitis_hls
timestamp: 06 Aug 2024 15:23:01
working dir: C:/Users/renan/Desktop/teste
cmd: vitis_hls -nolog -run csim -work_dir C:/Users/renan/Desktop/teste/nmp_axi4l_ip -config C:/Users/renan/Desktop/teste/hls_config.cfg -cmdlineconfig C:/Users/renan/Desktop/teste/nmp_axi4l_ip/hls/config.cmdline
VITIS-RUN internal step status: success

------------------------------------------
V++ command line :
------------------------------------------
C:/Xilinx/Vitis/2024.1/bin/unwrapped/win64.o/v++.exe -c --mode hls --config C:\Users\renan\Desktop\teste\hls_config.cfg --work_dir nmp_axi4l_ip 
  Options from -O    : 
  Options from *.ini : 
  Options from Hw Platform : 

==========================================
new:  steps log generated by v++ for new launch 
timestamp: 06 Aug 2024 15:23:36
------------------------------------------
V++ internal step: writing a config file for vitis_hls: C:/Users/renan/Desktop/teste/nmp_axi4l_ip/hls/config.cmdline
timestamp: 06 Aug 2024 15:23:36
V++ internal step status: success
------------------------------------------
V++ internal step: running vitis_hls
timestamp: 06 Aug 2024 15:23:36
working dir: C:/Users/renan/Desktop/teste
cmd: vitis_hls -nolog -run csynth -work_dir C:/Users/renan/Desktop/teste/nmp_axi4l_ip -config C:/Users/renan/Desktop/teste/hls_config.cfg -cmdlineconfig C:/Users/renan/Desktop/teste/nmp_axi4l_ip/hls/config.cmdline
V++ internal step status: success

------------------------------------------
VITIS-RUN command line :
------------------------------------------
C:/Xilinx/Vitis/2024.1/bin/unwrapped/win64.o/vitis-run.exe --mode hls --package --config C:\Users\renan\Desktop\teste\hls_config.cfg --work_dir nmp_axi4l_ip 
  Options from -O    : 
  Options from *.ini : 
  Options from Hw Platform : 

==========================================
new:  steps log generated by v++ for new launch 
timestamp: 06 Aug 2024 15:24:55
------------------------------------------
VITIS-RUN internal step: writing a config file for vitis_hls: C:/Users/renan/Desktop/teste/nmp_axi4l_ip/hls/config.cmdline
timestamp: 06 Aug 2024 15:24:55
VITIS-RUN internal step status: success
------------------------------------------
VITIS-RUN internal step: running vitis_hls
timestamp: 06 Aug 2024 15:24:55
working dir: C:/Users/renan/Desktop/teste
cmd: vitis_hls -nolog -run package -work_dir C:/Users/renan/Desktop/teste/nmp_axi4l_ip -config C:/Users/renan/Desktop/teste/hls_config.cfg -cmdlineconfig C:/Users/renan/Desktop/teste/nmp_axi4l_ip/hls/config.cmdline
VITIS-RUN internal step status: success
